
*** Running vivado
    with args -log LMAC_ETH_1G_c_counter_binary_0_0.vds -m64 -product Vivado -mode batch -messageDb vivado.pb -notrace -source LMAC_ETH_1G_c_counter_binary_0_0.tcl


****** Vivado v2018.2 (64-bit)
  **** SW Build 2258646 on Thu Jun 14 20:02:38 MDT 2018
  **** IP Build 2256618 on Thu Jun 14 22:10:49 MDT 2018
    ** Copyright 1986-2018 Xilinx, Inc. All Rights Reserved.

source LMAC_ETH_1G_c_counter_binary_0_0.tcl -notrace
Command: synth_design -top LMAC_ETH_1G_c_counter_binary_0_0 -part xczu9eg-ffvb1156-2-e -mode out_of_context
Starting synth_design
Attempting to get a license for feature 'Synthesis' and/or device 'xczu9eg'
INFO: [Common 17-349] Got license for feature 'Synthesis' and/or device 'xczu9eg'
INFO: [Common 17-86] Your Synthesis license expires in 25 day(s)
INFO: Launching helper process for spawning children vivado processes
INFO: Helper process launched with PID 5980 
---------------------------------------------------------------------------------
Starting RTL Elaboration : Time (s): cpu = 00:00:02 ; elapsed = 00:00:03 . Memory (MB): peak = 1797.215 ; gain = 0.000 ; free physical = 2271 ; free virtual = 7268
---------------------------------------------------------------------------------
INFO: [Synth 8-638] synthesizing module 'LMAC_ETH_1G_c_counter_binary_0_0' [/home/lewiz/sambashare/KIRATEY/RELEASE/LMAC_ETH_1G_xczu9eg/LMAC_ETH_1G.srcs/sources_1/bd/LMAC_ETH_1G/ip/LMAC_ETH_1G_c_counter_binary_0_0/synth/LMAC_ETH_1G_c_counter_binary_0_0.vhd:66]
	Parameter C_IMPLEMENTATION bound to: 0 - type: integer 
	Parameter C_VERBOSITY bound to: 0 - type: integer 
	Parameter C_XDEVICEFAMILY bound to: zynquplus - type: string 
	Parameter C_WIDTH bound to: 32 - type: integer 
	Parameter C_HAS_CE bound to: 0 - type: integer 
	Parameter C_HAS_SCLR bound to: 0 - type: integer 
	Parameter C_RESTRICT_COUNT bound to: 0 - type: integer 
	Parameter C_COUNT_TO bound to: 1 - type: string 
	Parameter C_COUNT_BY bound to: 1 - type: string 
	Parameter C_COUNT_MODE bound to: 0 - type: integer 
	Parameter C_THRESH0_VALUE bound to: 1 - type: string 
	Parameter C_CE_OVERRIDES_SYNC bound to: 0 - type: integer 
	Parameter C_HAS_THRESH0 bound to: 0 - type: integer 
	Parameter C_HAS_LOAD bound to: 0 - type: integer 
	Parameter C_LOAD_LOW bound to: 0 - type: integer 
	Parameter C_LATENCY bound to: 1 - type: integer 
	Parameter C_FB_LATENCY bound to: 0 - type: integer 
	Parameter C_AINIT_VAL bound to: 0 - type: string 
	Parameter C_SINIT_VAL bound to: 0 - type: string 
	Parameter C_SCLR_OVERRIDES_SSET bound to: 1 - type: integer 
	Parameter C_HAS_SSET bound to: 0 - type: integer 
	Parameter C_HAS_SINIT bound to: 0 - type: integer 
INFO: [Synth 8-3491] module 'c_counter_binary_v12_0_12' declared at '/home/lewiz/sambashare/KIRATEY/RELEASE/LMAC_ETH_1G_xczu9eg/LMAC_ETH_1G.srcs/sources_1/bd/LMAC_ETH_1G/ipshared/c366/hdl/c_counter_binary_v12_0_vh_rfs.vhd:2130' bound to instance 'U0' of component 'c_counter_binary_v12_0_12' [/home/lewiz/sambashare/KIRATEY/RELEASE/LMAC_ETH_1G_xczu9eg/LMAC_ETH_1G.srcs/sources_1/bd/LMAC_ETH_1G/ip/LMAC_ETH_1G_c_counter_binary_0_0/synth/LMAC_ETH_1G_c_counter_binary_0_0.vhd:122]
INFO: [Synth 8-256] done synthesizing module 'LMAC_ETH_1G_c_counter_binary_0_0' (8#1) [/home/lewiz/sambashare/KIRATEY/RELEASE/LMAC_ETH_1G_xczu9eg/LMAC_ETH_1G.srcs/sources_1/bd/LMAC_ETH_1G/ip/LMAC_ETH_1G_c_counter_binary_0_0/synth/LMAC_ETH_1G_c_counter_binary_0_0.vhd:66]
WARNING: [Synth 8-3331] design c_reg_fd_v12_0_5_viv has unconnected port CE
WARNING: [Synth 8-3331] design c_reg_fd_v12_0_5_viv has unconnected port AINIT
WARNING: [Synth 8-3331] design c_reg_fd_v12_0_5_viv has unconnected port ACLR
WARNING: [Synth 8-3331] design c_reg_fd_v12_0_5_viv has unconnected port ASET
WARNING: [Synth 8-3331] design c_reg_fd_v12_0_5_viv has unconnected port SINIT
WARNING: [Synth 8-3331] design c_reg_fd_v12_0_5_viv has unconnected port SCLR
WARNING: [Synth 8-3331] design c_reg_fd_v12_0_5_viv has unconnected port SSET
WARNING: [Synth 8-3331] design c_addsub_v12_0_12_lut6_legacy has unconnected port b[31]
WARNING: [Synth 8-3331] design c_addsub_v12_0_12_lut6_legacy has unconnected port b[30]
WARNING: [Synth 8-3331] design c_addsub_v12_0_12_lut6_legacy has unconnected port b[29]
WARNING: [Synth 8-3331] design c_addsub_v12_0_12_lut6_legacy has unconnected port b[28]
WARNING: [Synth 8-3331] design c_addsub_v12_0_12_lut6_legacy has unconnected port b[27]
WARNING: [Synth 8-3331] design c_addsub_v12_0_12_lut6_legacy has unconnected port b[26]
WARNING: [Synth 8-3331] design c_addsub_v12_0_12_lut6_legacy has unconnected port b[25]
WARNING: [Synth 8-3331] design c_addsub_v12_0_12_lut6_legacy has unconnected port b[24]
WARNING: [Synth 8-3331] design c_addsub_v12_0_12_lut6_legacy has unconnected port b[23]
WARNING: [Synth 8-3331] design c_addsub_v12_0_12_lut6_legacy has unconnected port b[22]
WARNING: [Synth 8-3331] design c_addsub_v12_0_12_lut6_legacy has unconnected port b[21]
WARNING: [Synth 8-3331] design c_addsub_v12_0_12_lut6_legacy has unconnected port b[20]
WARNING: [Synth 8-3331] design c_addsub_v12_0_12_lut6_legacy has unconnected port b[19]
WARNING: [Synth 8-3331] design c_addsub_v12_0_12_lut6_legacy has unconnected port b[18]
WARNING: [Synth 8-3331] design c_addsub_v12_0_12_lut6_legacy has unconnected port b[17]
WARNING: [Synth 8-3331] design c_addsub_v12_0_12_lut6_legacy has unconnected port b[16]
WARNING: [Synth 8-3331] design c_addsub_v12_0_12_lut6_legacy has unconnected port b[15]
WARNING: [Synth 8-3331] design c_addsub_v12_0_12_lut6_legacy has unconnected port b[14]
WARNING: [Synth 8-3331] design c_addsub_v12_0_12_lut6_legacy has unconnected port b[13]
WARNING: [Synth 8-3331] design c_addsub_v12_0_12_lut6_legacy has unconnected port b[12]
WARNING: [Synth 8-3331] design c_addsub_v12_0_12_lut6_legacy has unconnected port b[11]
WARNING: [Synth 8-3331] design c_addsub_v12_0_12_lut6_legacy has unconnected port b[10]
WARNING: [Synth 8-3331] design c_addsub_v12_0_12_lut6_legacy has unconnected port b[9]
WARNING: [Synth 8-3331] design c_addsub_v12_0_12_lut6_legacy has unconnected port b[8]
WARNING: [Synth 8-3331] design c_addsub_v12_0_12_lut6_legacy has unconnected port b[7]
WARNING: [Synth 8-3331] design c_addsub_v12_0_12_lut6_legacy has unconnected port b[6]
WARNING: [Synth 8-3331] design c_addsub_v12_0_12_lut6_legacy has unconnected port b[5]
WARNING: [Synth 8-3331] design c_addsub_v12_0_12_lut6_legacy has unconnected port b[4]
WARNING: [Synth 8-3331] design c_addsub_v12_0_12_lut6_legacy has unconnected port b[3]
WARNING: [Synth 8-3331] design c_addsub_v12_0_12_lut6_legacy has unconnected port b[2]
WARNING: [Synth 8-3331] design c_addsub_v12_0_12_lut6_legacy has unconnected port b[1]
WARNING: [Synth 8-3331] design c_addsub_v12_0_12_lut6_legacy has unconnected port b[0]
WARNING: [Synth 8-3331] design c_addsub_v12_0_12_lut6_legacy has unconnected port add
WARNING: [Synth 8-3331] design c_addsub_v12_0_12_lut6_legacy has unconnected port c_in
WARNING: [Synth 8-3331] design c_addsub_v12_0_12_lut6_legacy has unconnected port ce
WARNING: [Synth 8-3331] design c_addsub_v12_0_12_lut6_legacy has unconnected port bypass
WARNING: [Synth 8-3331] design c_addsub_v12_0_12_lut6_legacy has unconnected port sclr
WARNING: [Synth 8-3331] design c_addsub_v12_0_12_lut6_legacy has unconnected port sset
WARNING: [Synth 8-3331] design c_addsub_v12_0_12_lut6_legacy has unconnected port sinit
WARNING: [Synth 8-3331] design c_addsub_v12_0_12_legacy has unconnected port c_in
WARNING: [Synth 8-3331] design c_addsub_v12_0_12_legacy has unconnected port b_in
WARNING: [Synth 8-3331] design c_addsub_v12_0_12_legacy has unconnected port a_signed
WARNING: [Synth 8-3331] design c_addsub_v12_0_12_legacy has unconnected port b_signed
WARNING: [Synth 8-3331] design c_counter_binary_v12_0_12_legacy has unconnected port up
WARNING: [Synth 8-3331] design c_counter_binary_v12_0_12_legacy has unconnected port ce
WARNING: [Synth 8-3331] design c_counter_binary_v12_0_12_legacy has unconnected port load
WARNING: [Synth 8-3331] design c_counter_binary_v12_0_12_legacy has unconnected port l[31]
WARNING: [Synth 8-3331] design c_counter_binary_v12_0_12_legacy has unconnected port l[30]
WARNING: [Synth 8-3331] design c_counter_binary_v12_0_12_legacy has unconnected port l[29]
WARNING: [Synth 8-3331] design c_counter_binary_v12_0_12_legacy has unconnected port l[28]
WARNING: [Synth 8-3331] design c_counter_binary_v12_0_12_legacy has unconnected port l[27]
WARNING: [Synth 8-3331] design c_counter_binary_v12_0_12_legacy has unconnected port l[26]
WARNING: [Synth 8-3331] design c_counter_binary_v12_0_12_legacy has unconnected port l[25]
WARNING: [Synth 8-3331] design c_counter_binary_v12_0_12_legacy has unconnected port l[24]
WARNING: [Synth 8-3331] design c_counter_binary_v12_0_12_legacy has unconnected port l[23]
WARNING: [Synth 8-3331] design c_counter_binary_v12_0_12_legacy has unconnected port l[22]
WARNING: [Synth 8-3331] design c_counter_binary_v12_0_12_legacy has unconnected port l[21]
WARNING: [Synth 8-3331] design c_counter_binary_v12_0_12_legacy has unconnected port l[20]
WARNING: [Synth 8-3331] design c_counter_binary_v12_0_12_legacy has unconnected port l[19]
WARNING: [Synth 8-3331] design c_counter_binary_v12_0_12_legacy has unconnected port l[18]
WARNING: [Synth 8-3331] design c_counter_binary_v12_0_12_legacy has unconnected port l[17]
WARNING: [Synth 8-3331] design c_counter_binary_v12_0_12_legacy has unconnected port l[16]
WARNING: [Synth 8-3331] design c_counter_binary_v12_0_12_legacy has unconnected port l[15]
WARNING: [Synth 8-3331] design c_counter_binary_v12_0_12_legacy has unconnected port l[14]
WARNING: [Synth 8-3331] design c_counter_binary_v12_0_12_legacy has unconnected port l[13]
WARNING: [Synth 8-3331] design c_counter_binary_v12_0_12_legacy has unconnected port l[12]
WARNING: [Synth 8-3331] design c_counter_binary_v12_0_12_legacy has unconnected port l[11]
WARNING: [Synth 8-3331] design c_counter_binary_v12_0_12_legacy has unconnected port l[10]
WARNING: [Synth 8-3331] design c_counter_binary_v12_0_12_legacy has unconnected port l[9]
WARNING: [Synth 8-3331] design c_counter_binary_v12_0_12_legacy has unconnected port l[8]
WARNING: [Synth 8-3331] design c_counter_binary_v12_0_12_legacy has unconnected port l[7]
WARNING: [Synth 8-3331] design c_counter_binary_v12_0_12_legacy has unconnected port l[6]
WARNING: [Synth 8-3331] design c_counter_binary_v12_0_12_legacy has unconnected port l[5]
WARNING: [Synth 8-3331] design c_counter_binary_v12_0_12_legacy has unconnected port l[4]
WARNING: [Synth 8-3331] design c_counter_binary_v12_0_12_legacy has unconnected port l[3]
WARNING: [Synth 8-3331] design c_counter_binary_v12_0_12_legacy has unconnected port l[2]
WARNING: [Synth 8-3331] design c_counter_binary_v12_0_12_legacy has unconnected port l[1]
WARNING: [Synth 8-3331] design c_counter_binary_v12_0_12_legacy has unconnected port l[0]
WARNING: [Synth 8-3331] design c_counter_binary_v12_0_12_legacy has unconnected port iv[31]
WARNING: [Synth 8-3331] design c_counter_binary_v12_0_12_legacy has unconnected port iv[30]
WARNING: [Synth 8-3331] design c_counter_binary_v12_0_12_legacy has unconnected port iv[29]
WARNING: [Synth 8-3331] design c_counter_binary_v12_0_12_legacy has unconnected port iv[28]
WARNING: [Synth 8-3331] design c_counter_binary_v12_0_12_legacy has unconnected port iv[27]
WARNING: [Synth 8-3331] design c_counter_binary_v12_0_12_legacy has unconnected port iv[26]
WARNING: [Synth 8-3331] design c_counter_binary_v12_0_12_legacy has unconnected port iv[25]
WARNING: [Synth 8-3331] design c_counter_binary_v12_0_12_legacy has unconnected port iv[24]
WARNING: [Synth 8-3331] design c_counter_binary_v12_0_12_legacy has unconnected port iv[23]
WARNING: [Synth 8-3331] design c_counter_binary_v12_0_12_legacy has unconnected port iv[22]
WARNING: [Synth 8-3331] design c_counter_binary_v12_0_12_legacy has unconnected port iv[21]
WARNING: [Synth 8-3331] design c_counter_binary_v12_0_12_legacy has unconnected port iv[20]
WARNING: [Synth 8-3331] design c_counter_binary_v12_0_12_legacy has unconnected port iv[19]
WARNING: [Synth 8-3331] design c_counter_binary_v12_0_12_legacy has unconnected port iv[18]
WARNING: [Synth 8-3331] design c_counter_binary_v12_0_12_legacy has unconnected port iv[17]
INFO: [Common 17-14] Message 'Synth 8-3331' appears 100 times and further instances of the messages will be disabled. Use the Tcl command set_msg_config to change the current settings.
---------------------------------------------------------------------------------
Finished RTL Elaboration : Time (s): cpu = 00:00:04 ; elapsed = 00:00:05 . Memory (MB): peak = 1797.215 ; gain = 0.000 ; free physical = 2209 ; free virtual = 7207
---------------------------------------------------------------------------------

Report Check Netlist: 
+------+------------------+-------+---------+-------+------------------+
|      |Item              |Errors |Warnings |Status |Description       |
+------+------------------+-------+---------+-------+------------------+
|1     |multi_driven_nets |      0|        0|Passed |Multi driven nets |
+------+------------------+-------+---------+-------+------------------+
---------------------------------------------------------------------------------
Start Handling Custom Attributes
---------------------------------------------------------------------------------
---------------------------------------------------------------------------------
Finished Handling Custom Attributes : Time (s): cpu = 00:00:04 ; elapsed = 00:00:05 . Memory (MB): peak = 1797.215 ; gain = 0.000 ; free physical = 2206 ; free virtual = 7203
---------------------------------------------------------------------------------
---------------------------------------------------------------------------------
Finished RTL Optimization Phase 1 : Time (s): cpu = 00:00:04 ; elapsed = 00:00:05 . Memory (MB): peak = 1797.215 ; gain = 0.000 ; free physical = 2206 ; free virtual = 7203
---------------------------------------------------------------------------------
INFO: [Netlist 29-17] Analyzing 63 Unisim elements for replacement
INFO: [Netlist 29-28] Unisim Transformation completed in 0 CPU seconds
INFO: [Device 21-403] Loading part xczu9eg-ffvb1156-2-e
INFO: [Project 1-570] Preparing netlist for logic optimization

Processing XDC Constraints
Initializing timing engine
Parsing XDC File [/home/lewiz/sambashare/KIRATEY/RELEASE/LMAC_ETH_1G_xczu9eg/LMAC_ETH_1G.srcs/sources_1/bd/LMAC_ETH_1G/ip/LMAC_ETH_1G_c_counter_binary_0_0/LMAC_ETH_1G_c_counter_binary_0_0_ooc.xdc] for cell 'U0'
Finished Parsing XDC File [/home/lewiz/sambashare/KIRATEY/RELEASE/LMAC_ETH_1G_xczu9eg/LMAC_ETH_1G.srcs/sources_1/bd/LMAC_ETH_1G/ip/LMAC_ETH_1G_c_counter_binary_0_0/LMAC_ETH_1G_c_counter_binary_0_0_ooc.xdc] for cell 'U0'
Parsing XDC File [/home/lewiz/sambashare/KIRATEY/RELEASE/LMAC_ETH_1G_xczu9eg/LMAC_ETH_1G.runs/LMAC_ETH_1G_c_counter_binary_0_0_synth_1/dont_touch.xdc]
Finished Parsing XDC File [/home/lewiz/sambashare/KIRATEY/RELEASE/LMAC_ETH_1G_xczu9eg/LMAC_ETH_1G.runs/LMAC_ETH_1G_c_counter_binary_0_0_synth_1/dont_touch.xdc]
Completed Processing XDC Constraints

INFO: [Project 1-111] Unisim Transformation Summary:
No Unisim elements were transformed.

Constraint Validation Runtime : Time (s): cpu = 00:00:00.01 ; elapsed = 00:00:00.02 . Memory (MB): peak = 2495.668 ; gain = 0.000 ; free physical = 2396 ; free virtual = 7403
---------------------------------------------------------------------------------
Finished Constraint Validation : Time (s): cpu = 00:00:20 ; elapsed = 00:00:30 . Memory (MB): peak = 2495.668 ; gain = 698.453 ; free physical = 2434 ; free virtual = 7447
---------------------------------------------------------------------------------
---------------------------------------------------------------------------------
Start Loading Part and Timing Information
---------------------------------------------------------------------------------
Loading part: xczu9eg-ffvb1156-2-e
---------------------------------------------------------------------------------
Finished Loading Part and Timing Information : Time (s): cpu = 00:00:20 ; elapsed = 00:00:30 . Memory (MB): peak = 2495.668 ; gain = 698.453 ; free physical = 2434 ; free virtual = 7447
---------------------------------------------------------------------------------
---------------------------------------------------------------------------------
Start Applying 'set_property' XDC Constraints
---------------------------------------------------------------------------------
Applied set_property DONT_TOUCH = true for U0. (constraint file  /home/lewiz/sambashare/KIRATEY/RELEASE/LMAC_ETH_1G_xczu9eg/LMAC_ETH_1G.runs/LMAC_ETH_1G_c_counter_binary_0_0_synth_1/dont_touch.xdc, line 9).
---------------------------------------------------------------------------------
Finished applying 'set_property' XDC Constraints : Time (s): cpu = 00:00:20 ; elapsed = 00:00:30 . Memory (MB): peak = 2495.668 ; gain = 698.453 ; free physical = 2434 ; free virtual = 7447
---------------------------------------------------------------------------------
---------------------------------------------------------------------------------
Finished RTL Optimization Phase 2 : Time (s): cpu = 00:00:20 ; elapsed = 00:00:30 . Memory (MB): peak = 2495.668 ; gain = 698.453 ; free physical = 2431 ; free virtual = 7444
---------------------------------------------------------------------------------

Report RTL Partitions: 
+-+--------------+------------+----------+
| |RTL Partition |Replication |Instances |
+-+--------------+------------+----------+
+-+--------------+------------+----------+
---------------------------------------------------------------------------------
Start RTL Component Statistics 
---------------------------------------------------------------------------------
---------------------------------------------------------------------------------
Finished RTL Component Statistics 
---------------------------------------------------------------------------------
---------------------------------------------------------------------------------
Start RTL Hierarchical Component Statistics 
---------------------------------------------------------------------------------
---------------------------------------------------------------------------------
Finished RTL Hierarchical Component Statistics
---------------------------------------------------------------------------------
---------------------------------------------------------------------------------
Start Part Resource Summary
---------------------------------------------------------------------------------
Part Resources:
DSPs: 2520 (col length:168)
BRAMs: 1824 (col length: RAMB18 168 RAMB36 84)
---------------------------------------------------------------------------------
Finished Part Resource Summary
---------------------------------------------------------------------------------
---------------------------------------------------------------------------------
Start Cross Boundary and Area Optimization
---------------------------------------------------------------------------------
Warning: Parallel synthesis criteria is not met 
---------------------------------------------------------------------------------
Finished Cross Boundary and Area Optimization : Time (s): cpu = 00:00:20 ; elapsed = 00:00:30 . Memory (MB): peak = 2495.668 ; gain = 698.453 ; free physical = 2415 ; free virtual = 7429
---------------------------------------------------------------------------------

Report RTL Partitions: 
+-+--------------+------------+----------+
| |RTL Partition |Replication |Instances |
+-+--------------+------------+----------+
+-+--------------+------------+----------+
---------------------------------------------------------------------------------
Start Applying XDC Timing Constraints
---------------------------------------------------------------------------------
---------------------------------------------------------------------------------
Finished Applying XDC Timing Constraints : Time (s): cpu = 00:00:47 ; elapsed = 00:01:17 . Memory (MB): peak = 2707.332 ; gain = 910.117 ; free physical = 299 ; free virtual = 5317
---------------------------------------------------------------------------------
---------------------------------------------------------------------------------
Start Timing Optimization
---------------------------------------------------------------------------------
---------------------------------------------------------------------------------
Finished Timing Optimization : Time (s): cpu = 00:00:47 ; elapsed = 00:01:17 . Memory (MB): peak = 2707.332 ; gain = 910.117 ; free physical = 299 ; free virtual = 5317
---------------------------------------------------------------------------------

Report RTL Partitions: 
+-+--------------+------------+----------+
| |RTL Partition |Replication |Instances |
+-+--------------+------------+----------+
+-+--------------+------------+----------+
---------------------------------------------------------------------------------
Start Technology Mapping
---------------------------------------------------------------------------------
---------------------------------------------------------------------------------
Finished Technology Mapping : Time (s): cpu = 00:00:47 ; elapsed = 00:01:17 . Memory (MB): peak = 2717.348 ; gain = 920.133 ; free physical = 297 ; free virtual = 5315
---------------------------------------------------------------------------------

Report RTL Partitions: 
+-+--------------+------------+----------+
| |RTL Partition |Replication |Instances |
+-+--------------+------------+----------+
+-+--------------+------------+----------+
---------------------------------------------------------------------------------
Start IO Insertion
---------------------------------------------------------------------------------
---------------------------------------------------------------------------------
Start Flattening Before IO Insertion
---------------------------------------------------------------------------------
---------------------------------------------------------------------------------
Finished Flattening Before IO Insertion
---------------------------------------------------------------------------------
---------------------------------------------------------------------------------
Start Final Netlist Cleanup
---------------------------------------------------------------------------------
---------------------------------------------------------------------------------
Finished Final Netlist Cleanup
---------------------------------------------------------------------------------
---------------------------------------------------------------------------------
Finished IO Insertion : Time (s): cpu = 00:00:48 ; elapsed = 00:01:17 . Memory (MB): peak = 2717.348 ; gain = 920.133 ; free physical = 257 ; free virtual = 5275
---------------------------------------------------------------------------------

Report Check Netlist: 
+------+------------------+-------+---------+-------+------------------+
|      |Item              |Errors |Warnings |Status |Description       |
+------+------------------+-------+---------+-------+------------------+
|1     |multi_driven_nets |      0|        0|Passed |Multi driven nets |
+------+------------------+-------+---------+-------+------------------+
---------------------------------------------------------------------------------
Start Renaming Generated Instances
---------------------------------------------------------------------------------
---------------------------------------------------------------------------------
Finished Renaming Generated Instances : Time (s): cpu = 00:00:48 ; elapsed = 00:01:17 . Memory (MB): peak = 2717.348 ; gain = 920.133 ; free physical = 257 ; free virtual = 5275
---------------------------------------------------------------------------------

Report RTL Partitions: 
+-+--------------+------------+----------+
| |RTL Partition |Replication |Instances |
+-+--------------+------------+----------+
+-+--------------+------------+----------+
---------------------------------------------------------------------------------
Start Rebuilding User Hierarchy
---------------------------------------------------------------------------------
---------------------------------------------------------------------------------
Finished Rebuilding User Hierarchy : Time (s): cpu = 00:00:48 ; elapsed = 00:01:17 . Memory (MB): peak = 2717.348 ; gain = 920.133 ; free physical = 257 ; free virtual = 5274
---------------------------------------------------------------------------------
---------------------------------------------------------------------------------
Start Renaming Generated Ports
---------------------------------------------------------------------------------
---------------------------------------------------------------------------------
Finished Renaming Generated Ports : Time (s): cpu = 00:00:48 ; elapsed = 00:01:17 . Memory (MB): peak = 2717.348 ; gain = 920.133 ; free physical = 257 ; free virtual = 5275
---------------------------------------------------------------------------------
---------------------------------------------------------------------------------
Start Handling Custom Attributes
---------------------------------------------------------------------------------
---------------------------------------------------------------------------------
Finished Handling Custom Attributes : Time (s): cpu = 00:00:48 ; elapsed = 00:01:17 . Memory (MB): peak = 2717.348 ; gain = 920.133 ; free physical = 257 ; free virtual = 5275
---------------------------------------------------------------------------------
---------------------------------------------------------------------------------
Start Renaming Generated Nets
---------------------------------------------------------------------------------
---------------------------------------------------------------------------------
Finished Renaming Generated Nets : Time (s): cpu = 00:00:48 ; elapsed = 00:01:17 . Memory (MB): peak = 2717.348 ; gain = 920.133 ; free physical = 257 ; free virtual = 5275
---------------------------------------------------------------------------------
---------------------------------------------------------------------------------
Start Writing Synthesis Report
---------------------------------------------------------------------------------

Report BlackBoxes: 
+-+--------------+----------+
| |BlackBox name |Instances |
+-+--------------+----------+
+-+--------------+----------+

Report Cell Usage: 
+------+------+------+
|      |Cell  |Count |
+------+------+------+
|1     |LUT1  |     1|
|2     |MUXCY |    31|
|3     |XORCY |    32|
|4     |FDRE  |    32|
+------+------+------+
---------------------------------------------------------------------------------
Finished Writing Synthesis Report : Time (s): cpu = 00:00:48 ; elapsed = 00:01:17 . Memory (MB): peak = 2717.348 ; gain = 920.133 ; free physical = 257 ; free virtual = 5275
---------------------------------------------------------------------------------
Synthesis finished with 0 errors, 0 critical warnings and 38 warnings.
Synthesis Optimization Runtime : Time (s): cpu = 00:00:34 ; elapsed = 00:00:55 . Memory (MB): peak = 2717.348 ; gain = 221.680 ; free physical = 292 ; free virtual = 5310
Synthesis Optimization Complete : Time (s): cpu = 00:00:48 ; elapsed = 00:01:17 . Memory (MB): peak = 2717.355 ; gain = 920.133 ; free physical = 292 ; free virtual = 5310
INFO: [Project 1-571] Translating synthesized netlist
INFO: [Netlist 29-17] Analyzing 63 Unisim elements for replacement
INFO: [Netlist 29-28] Unisim Transformation completed in 0 CPU seconds
INFO: [Project 1-570] Preparing netlist for logic optimization
INFO: [Opt 31-138] Pushed 0 inverter(s) to 0 load pin(s).
INFO: [Project 1-111] Unisim Transformation Summary:
  A total of 4 instances were transformed.
  (CARRY4) => CARRY8: 4 instances

INFO: [Common 17-83] Releasing license: Synthesis
18 Infos, 100 Warnings, 0 Critical Warnings and 0 Errors encountered.
synth_design completed successfully
synth_design: Time (s): cpu = 00:00:49 ; elapsed = 00:01:18 . Memory (MB): peak = 2747.980 ; gain = 958.770 ; free physical = 279 ; free virtual = 5296
WARNING: [Constraints 18-5210] No constraint will be written out.
INFO: [Common 17-1381] The checkpoint '/home/lewiz/sambashare/KIRATEY/RELEASE/LMAC_ETH_1G_xczu9eg/LMAC_ETH_1G.runs/LMAC_ETH_1G_c_counter_binary_0_0_synth_1/LMAC_ETH_1G_c_counter_binary_0_0.dcp' has been generated.
