
*** Running vivado
    with args -log txwregif_fifo4x16_ip.vds -m64 -product Vivado -mode batch -messageDb vivado.pb -notrace -source txwregif_fifo4x16_ip.tcl


****** Vivado v2018.2 (64-bit)
  **** SW Build 2258646 on Thu Jun 14 20:02:38 MDT 2018
  **** IP Build 2256618 on Thu Jun 14 22:10:49 MDT 2018
    ** Copyright 1986-2018 Xilinx, Inc. All Rights Reserved.

source txwregif_fifo4x16_ip.tcl -notrace
Command: synth_design -top txwregif_fifo4x16_ip -part xczu15eg-ffvb1156-2-e -mode out_of_context
Starting synth_design
Attempting to get a license for feature 'Synthesis' and/or device 'xczu15eg'
INFO: [Common 17-349] Got license for feature 'Synthesis' and/or device 'xczu15eg'
INFO: [Common 17-86] Your Synthesis license expires in 25 day(s)
INFO: Launching helper process for spawning children vivado processes
INFO: Helper process launched with PID 16564 
---------------------------------------------------------------------------------
Starting RTL Elaboration : Time (s): cpu = 00:00:06 ; elapsed = 00:00:14 . Memory (MB): peak = 1796.219 ; gain = 0.000 ; free physical = 5966 ; free virtual = 13889
---------------------------------------------------------------------------------
INFO: [Synth 8-638] synthesizing module 'txwregif_fifo4x16_ip' [/home/lewiz/sambashare/KIRATEY/RELEASE/LMAC_ETH_1G/AXIS_LMAC_IP/AXIS_LMAC_IP.srcs/sources_1/ip/txwregif_fifo4x16_ip/synth/txwregif_fifo4x16_ip.vhd:77]
	Parameter C_COMMON_CLOCK bound to: 0 - type: integer 
	Parameter C_SELECT_XPM bound to: 0 - type: integer 
	Parameter C_COUNT_TYPE bound to: 0 - type: integer 
	Parameter C_DATA_COUNT_WIDTH bound to: 4 - type: integer 
	Parameter C_DEFAULT_VALUE bound to: BlankString - type: string 
	Parameter C_DIN_WIDTH bound to: 16 - type: integer 
	Parameter C_DOUT_RST_VAL bound to: 0 - type: string 
	Parameter C_DOUT_WIDTH bound to: 16 - type: integer 
	Parameter C_ENABLE_RLOCS bound to: 0 - type: integer 
	Parameter C_FAMILY bound to: zynquplus - type: string 
	Parameter C_FULL_FLAGS_RST_VAL bound to: 1 - type: integer 
	Parameter C_HAS_ALMOST_EMPTY bound to: 0 - type: integer 
	Parameter C_HAS_ALMOST_FULL bound to: 0 - type: integer 
	Parameter C_HAS_BACKUP bound to: 0 - type: integer 
	Parameter C_HAS_DATA_COUNT bound to: 0 - type: integer 
	Parameter C_HAS_INT_CLK bound to: 0 - type: integer 
	Parameter C_HAS_MEMINIT_FILE bound to: 0 - type: integer 
	Parameter C_HAS_OVERFLOW bound to: 0 - type: integer 
	Parameter C_HAS_RD_DATA_COUNT bound to: 1 - type: integer 
	Parameter C_HAS_RD_RST bound to: 0 - type: integer 
	Parameter C_HAS_RST bound to: 1 - type: integer 
	Parameter C_HAS_SRST bound to: 0 - type: integer 
	Parameter C_HAS_UNDERFLOW bound to: 0 - type: integer 
	Parameter C_HAS_VALID bound to: 0 - type: integer 
	Parameter C_HAS_WR_ACK bound to: 0 - type: integer 
	Parameter C_HAS_WR_DATA_COUNT bound to: 1 - type: integer 
	Parameter C_HAS_WR_RST bound to: 0 - type: integer 
	Parameter C_IMPLEMENTATION_TYPE bound to: 2 - type: integer 
	Parameter C_INIT_WR_PNTR_VAL bound to: 0 - type: integer 
	Parameter C_MEMORY_TYPE bound to: 1 - type: integer 
	Parameter C_MIF_FILE_NAME bound to: BlankString - type: string 
	Parameter C_OPTIMIZATION_MODE bound to: 0 - type: integer 
	Parameter C_OVERFLOW_LOW bound to: 0 - type: integer 
	Parameter C_PRELOAD_LATENCY bound to: 1 - type: integer 
	Parameter C_PRELOAD_REGS bound to: 0 - type: integer 
	Parameter C_PRIM_FIFO_TYPE bound to: 512x36 - type: string 
	Parameter C_PROG_EMPTY_THRESH_ASSERT_VAL bound to: 2 - type: integer 
	Parameter C_PROG_EMPTY_THRESH_NEGATE_VAL bound to: 3 - type: integer 
	Parameter C_PROG_EMPTY_TYPE bound to: 0 - type: integer 
	Parameter C_PROG_FULL_THRESH_ASSERT_VAL bound to: 13 - type: integer 
	Parameter C_PROG_FULL_THRESH_NEGATE_VAL bound to: 12 - type: integer 
	Parameter C_PROG_FULL_TYPE bound to: 0 - type: integer 
	Parameter C_RD_DATA_COUNT_WIDTH bound to: 4 - type: integer 
	Parameter C_RD_DEPTH bound to: 16 - type: integer 
	Parameter C_RD_FREQ bound to: 1 - type: integer 
	Parameter C_RD_PNTR_WIDTH bound to: 4 - type: integer 
	Parameter C_UNDERFLOW_LOW bound to: 0 - type: integer 
	Parameter C_USE_DOUT_RST bound to: 1 - type: integer 
	Parameter C_USE_ECC bound to: 0 - type: integer 
	Parameter C_USE_EMBEDDED_REG bound to: 0 - type: integer 
	Parameter C_USE_PIPELINE_REG bound to: 0 - type: integer 
	Parameter C_POWER_SAVING_MODE bound to: 0 - type: integer 
	Parameter C_USE_FIFO16_FLAGS bound to: 0 - type: integer 
	Parameter C_USE_FWFT_DATA_COUNT bound to: 0 - type: integer 
	Parameter C_VALID_LOW bound to: 0 - type: integer 
	Parameter C_WR_ACK_LOW bound to: 0 - type: integer 
	Parameter C_WR_DATA_COUNT_WIDTH bound to: 4 - type: integer 
	Parameter C_WR_DEPTH bound to: 16 - type: integer 
	Parameter C_WR_FREQ bound to: 1 - type: integer 
	Parameter C_WR_PNTR_WIDTH bound to: 4 - type: integer 
	Parameter C_WR_RESPONSE_LATENCY bound to: 1 - type: integer 
	Parameter C_MSGON_VAL bound to: 1 - type: integer 
	Parameter C_ENABLE_RST_SYNC bound to: 1 - type: integer 
	Parameter C_EN_SAFETY_CKT bound to: 1 - type: integer 
	Parameter C_ERROR_INJECTION_TYPE bound to: 0 - type: integer 
	Parameter C_SYNCHRONIZER_STAGE bound to: 2 - type: integer 
	Parameter C_INTERFACE_TYPE bound to: 0 - type: integer 
	Parameter C_AXI_TYPE bound to: 1 - type: integer 
	Parameter C_HAS_AXI_WR_CHANNEL bound to: 1 - type: integer 
	Parameter C_HAS_AXI_RD_CHANNEL bound to: 1 - type: integer 
	Parameter C_HAS_SLAVE_CE bound to: 0 - type: integer 
	Parameter C_HAS_MASTER_CE bound to: 0 - type: integer 
	Parameter C_ADD_NGC_CONSTRAINT bound to: 0 - type: integer 
	Parameter C_USE_COMMON_OVERFLOW bound to: 0 - type: integer 
	Parameter C_USE_COMMON_UNDERFLOW bound to: 0 - type: integer 
	Parameter C_USE_DEFAULT_SETTINGS bound to: 0 - type: integer 
	Parameter C_AXI_ID_WIDTH bound to: 1 - type: integer 
	Parameter C_AXI_ADDR_WIDTH bound to: 32 - type: integer 
	Parameter C_AXI_DATA_WIDTH bound to: 64 - type: integer 
	Parameter C_AXI_LEN_WIDTH bound to: 8 - type: integer 
	Parameter C_AXI_LOCK_WIDTH bound to: 1 - type: integer 
	Parameter C_HAS_AXI_ID bound to: 0 - type: integer 
	Parameter C_HAS_AXI_AWUSER bound to: 0 - type: integer 
	Parameter C_HAS_AXI_WUSER bound to: 0 - type: integer 
	Parameter C_HAS_AXI_BUSER bound to: 0 - type: integer 
	Parameter C_HAS_AXI_ARUSER bound to: 0 - type: integer 
	Parameter C_HAS_AXI_RUSER bound to: 0 - type: integer 
	Parameter C_AXI_ARUSER_WIDTH bound to: 1 - type: integer 
	Parameter C_AXI_AWUSER_WIDTH bound to: 1 - type: integer 
	Parameter C_AXI_WUSER_WIDTH bound to: 1 - type: integer 
	Parameter C_AXI_BUSER_WIDTH bound to: 1 - type: integer 
	Parameter C_AXI_RUSER_WIDTH bound to: 1 - type: integer 
	Parameter C_HAS_AXIS_TDATA bound to: 1 - type: integer 
	Parameter C_HAS_AXIS_TID bound to: 0 - type: integer 
	Parameter C_HAS_AXIS_TDEST bound to: 0 - type: integer 
	Parameter C_HAS_AXIS_TUSER bound to: 1 - type: integer 
	Parameter C_HAS_AXIS_TREADY bound to: 1 - type: integer 
	Parameter C_HAS_AXIS_TLAST bound to: 0 - type: integer 
	Parameter C_HAS_AXIS_TSTRB bound to: 0 - type: integer 
	Parameter C_HAS_AXIS_TKEEP bound to: 0 - type: integer 
	Parameter C_AXIS_TDATA_WIDTH bound to: 8 - type: integer 
	Parameter C_AXIS_TID_WIDTH bound to: 1 - type: integer 
	Parameter C_AXIS_TDEST_WIDTH bound to: 1 - type: integer 
	Parameter C_AXIS_TUSER_WIDTH bound to: 4 - type: integer 
	Parameter C_AXIS_TSTRB_WIDTH bound to: 1 - type: integer 
	Parameter C_AXIS_TKEEP_WIDTH bound to: 1 - type: integer 
	Parameter C_WACH_TYPE bound to: 0 - type: integer 
	Parameter C_WDCH_TYPE bound to: 0 - type: integer 
	Parameter C_WRCH_TYPE bound to: 0 - type: integer 
	Parameter C_RACH_TYPE bound to: 0 - type: integer 
	Parameter C_RDCH_TYPE bound to: 0 - type: integer 
	Parameter C_AXIS_TYPE bound to: 0 - type: integer 
	Parameter C_IMPLEMENTATION_TYPE_WACH bound to: 1 - type: integer 
	Parameter C_IMPLEMENTATION_TYPE_WDCH bound to: 1 - type: integer 
	Parameter C_IMPLEMENTATION_TYPE_WRCH bound to: 1 - type: integer 
	Parameter C_IMPLEMENTATION_TYPE_RACH bound to: 1 - type: integer 
	Parameter C_IMPLEMENTATION_TYPE_RDCH bound to: 1 - type: integer 
	Parameter C_IMPLEMENTATION_TYPE_AXIS bound to: 1 - type: integer 
	Parameter C_APPLICATION_TYPE_WACH bound to: 0 - type: integer 
	Parameter C_APPLICATION_TYPE_WDCH bound to: 0 - type: integer 
	Parameter C_APPLICATION_TYPE_WRCH bound to: 0 - type: integer 
	Parameter C_APPLICATION_TYPE_RACH bound to: 0 - type: integer 
	Parameter C_APPLICATION_TYPE_RDCH bound to: 0 - type: integer 
	Parameter C_APPLICATION_TYPE_AXIS bound to: 0 - type: integer 
	Parameter C_PRIM_FIFO_TYPE_WACH bound to: 512x36 - type: string 
	Parameter C_PRIM_FIFO_TYPE_WDCH bound to: 512x72 - type: string 
	Parameter C_PRIM_FIFO_TYPE_WRCH bound to: 512x36 - type: string 
	Parameter C_PRIM_FIFO_TYPE_RACH bound to: 512x36 - type: string 
	Parameter C_PRIM_FIFO_TYPE_RDCH bound to: 512x72 - type: string 
	Parameter C_PRIM_FIFO_TYPE_AXIS bound to: 1kx18 - type: string 
	Parameter C_USE_ECC_WACH bound to: 0 - type: integer 
	Parameter C_USE_ECC_WDCH bound to: 0 - type: integer 
	Parameter C_USE_ECC_WRCH bound to: 0 - type: integer 
	Parameter C_USE_ECC_RACH bound to: 0 - type: integer 
	Parameter C_USE_ECC_RDCH bound to: 0 - type: integer 
	Parameter C_USE_ECC_AXIS bound to: 0 - type: integer 
	Parameter C_ERROR_INJECTION_TYPE_WACH bound to: 0 - type: integer 
	Parameter C_ERROR_INJECTION_TYPE_WDCH bound to: 0 - type: integer 
	Parameter C_ERROR_INJECTION_TYPE_WRCH bound to: 0 - type: integer 
	Parameter C_ERROR_INJECTION_TYPE_RACH bound to: 0 - type: integer 
	Parameter C_ERROR_INJECTION_TYPE_RDCH bound to: 0 - type: integer 
	Parameter C_ERROR_INJECTION_TYPE_AXIS bound to: 0 - type: integer 
	Parameter C_DIN_WIDTH_WACH bound to: 1 - type: integer 
	Parameter C_DIN_WIDTH_WDCH bound to: 64 - type: integer 
	Parameter C_DIN_WIDTH_WRCH bound to: 2 - type: integer 
	Parameter C_DIN_WIDTH_RACH bound to: 32 - type: integer 
	Parameter C_DIN_WIDTH_RDCH bound to: 64 - type: integer 
	Parameter C_DIN_WIDTH_AXIS bound to: 1 - type: integer 
	Parameter C_WR_DEPTH_WACH bound to: 16 - type: integer 
	Parameter C_WR_DEPTH_WDCH bound to: 1024 - type: integer 
	Parameter C_WR_DEPTH_WRCH bound to: 16 - type: integer 
	Parameter C_WR_DEPTH_RACH bound to: 16 - type: integer 
	Parameter C_WR_DEPTH_RDCH bound to: 1024 - type: integer 
	Parameter C_WR_DEPTH_AXIS bound to: 1024 - type: integer 
	Parameter C_WR_PNTR_WIDTH_WACH bound to: 4 - type: integer 
	Parameter C_WR_PNTR_WIDTH_WDCH bound to: 10 - type: integer 
	Parameter C_WR_PNTR_WIDTH_WRCH bound to: 4 - type: integer 
	Parameter C_WR_PNTR_WIDTH_RACH bound to: 4 - type: integer 
	Parameter C_WR_PNTR_WIDTH_RDCH bound to: 10 - type: integer 
	Parameter C_WR_PNTR_WIDTH_AXIS bound to: 10 - type: integer 
	Parameter C_HAS_DATA_COUNTS_WACH bound to: 0 - type: integer 
	Parameter C_HAS_DATA_COUNTS_WDCH bound to: 0 - type: integer 
	Parameter C_HAS_DATA_COUNTS_WRCH bound to: 0 - type: integer 
	Parameter C_HAS_DATA_COUNTS_RACH bound to: 0 - type: integer 
	Parameter C_HAS_DATA_COUNTS_RDCH bound to: 0 - type: integer 
	Parameter C_HAS_DATA_COUNTS_AXIS bound to: 0 - type: integer 
	Parameter C_HAS_PROG_FLAGS_WACH bound to: 0 - type: integer 
	Parameter C_HAS_PROG_FLAGS_WDCH bound to: 0 - type: integer 
	Parameter C_HAS_PROG_FLAGS_WRCH bound to: 0 - type: integer 
	Parameter C_HAS_PROG_FLAGS_RACH bound to: 0 - type: integer 
	Parameter C_HAS_PROG_FLAGS_RDCH bound to: 0 - type: integer 
	Parameter C_HAS_PROG_FLAGS_AXIS bound to: 0 - type: integer 
	Parameter C_PROG_FULL_TYPE_WACH bound to: 0 - type: integer 
	Parameter C_PROG_FULL_TYPE_WDCH bound to: 0 - type: integer 
	Parameter C_PROG_FULL_TYPE_WRCH bound to: 0 - type: integer 
	Parameter C_PROG_FULL_TYPE_RACH bound to: 0 - type: integer 
	Parameter C_PROG_FULL_TYPE_RDCH bound to: 0 - type: integer 
	Parameter C_PROG_FULL_TYPE_AXIS bound to: 0 - type: integer 
	Parameter C_PROG_FULL_THRESH_ASSERT_VAL_WACH bound to: 1023 - type: integer 
	Parameter C_PROG_FULL_THRESH_ASSERT_VAL_WDCH bound to: 1023 - type: integer 
	Parameter C_PROG_FULL_THRESH_ASSERT_VAL_WRCH bound to: 1023 - type: integer 
	Parameter C_PROG_FULL_THRESH_ASSERT_VAL_RACH bound to: 1023 - type: integer 
	Parameter C_PROG_FULL_THRESH_ASSERT_VAL_RDCH bound to: 1023 - type: integer 
	Parameter C_PROG_FULL_THRESH_ASSERT_VAL_AXIS bound to: 1023 - type: integer 
	Parameter C_PROG_EMPTY_TYPE_WACH bound to: 0 - type: integer 
	Parameter C_PROG_EMPTY_TYPE_WDCH bound to: 0 - type: integer 
	Parameter C_PROG_EMPTY_TYPE_WRCH bound to: 0 - type: integer 
	Parameter C_PROG_EMPTY_TYPE_RACH bound to: 0 - type: integer 
	Parameter C_PROG_EMPTY_TYPE_RDCH bound to: 0 - type: integer 
	Parameter C_PROG_EMPTY_TYPE_AXIS bound to: 0 - type: integer 
	Parameter C_PROG_EMPTY_THRESH_ASSERT_VAL_WACH bound to: 1022 - type: integer 
	Parameter C_PROG_EMPTY_THRESH_ASSERT_VAL_WDCH bound to: 1022 - type: integer 
	Parameter C_PROG_EMPTY_THRESH_ASSERT_VAL_WRCH bound to: 1022 - type: integer 
	Parameter C_PROG_EMPTY_THRESH_ASSERT_VAL_RACH bound to: 1022 - type: integer 
	Parameter C_PROG_EMPTY_THRESH_ASSERT_VAL_RDCH bound to: 1022 - type: integer 
	Parameter C_PROG_EMPTY_THRESH_ASSERT_VAL_AXIS bound to: 1022 - type: integer 
	Parameter C_REG_SLICE_MODE_WACH bound to: 0 - type: integer 
	Parameter C_REG_SLICE_MODE_WDCH bound to: 0 - type: integer 
	Parameter C_REG_SLICE_MODE_WRCH bound to: 0 - type: integer 
	Parameter C_REG_SLICE_MODE_RACH bound to: 0 - type: integer 
	Parameter C_REG_SLICE_MODE_RDCH bound to: 0 - type: integer 
	Parameter C_REG_SLICE_MODE_AXIS bound to: 0 - type: integer 
INFO: [Synth 8-3491] module 'fifo_generator_v13_2_2' declared at '/home/lewiz/sambashare/KIRATEY/RELEASE/LMAC_ETH_1G/AXIS_LMAC_IP/AXIS_LMAC_IP.srcs/sources_1/ip/txwregif_fifo4x16_ip/hdl/fifo_generator_v13_2_vhsyn_rfs.vhd:38483' bound to instance 'U0' of component 'fifo_generator_v13_2_2' [/home/lewiz/sambashare/KIRATEY/RELEASE/LMAC_ETH_1G/AXIS_LMAC_IP/AXIS_LMAC_IP.srcs/sources_1/ip/txwregif_fifo4x16_ip/synth/txwregif_fifo4x16_ip.vhd:547]
INFO: [Synth 8-6157] synthesizing module 'xpm_cdc_sync_rst' [/opt/Xilinx/Vivado/2018.2/data/ip/xpm/xpm_cdc/hdl/xpm_cdc.sv:1055]
INFO: [Synth 8-5534] Detected attribute (* ASYNC_REG = "TRUE" *) [/opt/Xilinx/Vivado/2018.2/data/ip/xpm/xpm_cdc/hdl/xpm_cdc.sv:1107]
INFO: [Synth 8-6155] done synthesizing module 'xpm_cdc_sync_rst' (1#1) [/opt/Xilinx/Vivado/2018.2/data/ip/xpm/xpm_cdc/hdl/xpm_cdc.sv:1055]
INFO: [Synth 8-6157] synthesizing module 'xpm_cdc_single' [/opt/Xilinx/Vivado/2018.2/data/ip/xpm/xpm_cdc/hdl/xpm_cdc.sv:153]
INFO: [Synth 8-5534] Detected attribute (* ASYNC_REG = "TRUE" *) [/opt/Xilinx/Vivado/2018.2/data/ip/xpm/xpm_cdc/hdl/xpm_cdc.sv:205]
INFO: [Synth 8-6155] done synthesizing module 'xpm_cdc_single' (2#1) [/opt/Xilinx/Vivado/2018.2/data/ip/xpm/xpm_cdc/hdl/xpm_cdc.sv:153]
INFO: [Synth 8-6157] synthesizing module 'xpm_cdc_gray' [/opt/Xilinx/Vivado/2018.2/data/ip/xpm/xpm_cdc/hdl/xpm_cdc.sv:284]
INFO: [Synth 8-5534] Detected attribute (* ASYNC_REG = "TRUE" *) [/opt/Xilinx/Vivado/2018.2/data/ip/xpm/xpm_cdc/hdl/xpm_cdc.sv:358]
INFO: [Synth 8-6155] done synthesizing module 'xpm_cdc_gray' (14#1) [/opt/Xilinx/Vivado/2018.2/data/ip/xpm/xpm_cdc/hdl/xpm_cdc.sv:284]
INFO: [Synth 8-256] done synthesizing module 'txwregif_fifo4x16_ip' (30#1) [/home/lewiz/sambashare/KIRATEY/RELEASE/LMAC_ETH_1G/AXIS_LMAC_IP/AXIS_LMAC_IP.srcs/sources_1/ip/txwregif_fifo4x16_ip/synth/txwregif_fifo4x16_ip.vhd:77]
WARNING: [Synth 8-3331] design wr_dc_as has unconnected port WR_RST
WARNING: [Synth 8-3331] design wr_status_flags_as has unconnected port WR_RST
WARNING: [Synth 8-3331] design wr_status_flags_as has unconnected port RST_FULL_FF
WARNING: [Synth 8-3331] design wr_status_flags_as has unconnected port SAFETY_CKT_WR_RST
WARNING: [Synth 8-3331] design wr_status_flags_as has unconnected port WR_PNTR_PLUS3[3]
WARNING: [Synth 8-3331] design wr_status_flags_as has unconnected port WR_PNTR_PLUS3[2]
WARNING: [Synth 8-3331] design wr_status_flags_as has unconnected port WR_PNTR_PLUS3[1]
WARNING: [Synth 8-3331] design wr_status_flags_as has unconnected port WR_PNTR_PLUS3[0]
WARNING: [Synth 8-3331] design wr_bin_cntr has unconnected port RST
WARNING: [Synth 8-3331] design wr_logic has unconnected port WR_EN_INTO_LOGIC
WARNING: [Synth 8-3331] design wr_logic has unconnected port WR_RST_INTO_LOGIC
WARNING: [Synth 8-3331] design wr_logic has unconnected port RD_EN
WARNING: [Synth 8-3331] design wr_logic has unconnected port SRST_FULL_FF
WARNING: [Synth 8-3331] design wr_logic has unconnected port WR_RST_BUSY
WARNING: [Synth 8-3331] design wr_logic has unconnected port EMPTY
WARNING: [Synth 8-3331] design wr_logic has unconnected port RAM_RD_EN
WARNING: [Synth 8-3331] design wr_logic has unconnected port ALMOST_EMPTY
WARNING: [Synth 8-3331] design wr_logic has unconnected port PROG_FULL_THRESH[3]
WARNING: [Synth 8-3331] design wr_logic has unconnected port PROG_FULL_THRESH[2]
WARNING: [Synth 8-3331] design wr_logic has unconnected port PROG_FULL_THRESH[1]
WARNING: [Synth 8-3331] design wr_logic has unconnected port PROG_FULL_THRESH[0]
WARNING: [Synth 8-3331] design wr_logic has unconnected port PROG_FULL_THRESH_ASSERT[3]
WARNING: [Synth 8-3331] design wr_logic has unconnected port PROG_FULL_THRESH_ASSERT[2]
WARNING: [Synth 8-3331] design wr_logic has unconnected port PROG_FULL_THRESH_ASSERT[1]
WARNING: [Synth 8-3331] design wr_logic has unconnected port PROG_FULL_THRESH_ASSERT[0]
WARNING: [Synth 8-3331] design wr_logic has unconnected port PROG_FULL_THRESH_NEGATE[3]
WARNING: [Synth 8-3331] design wr_logic has unconnected port PROG_FULL_THRESH_NEGATE[2]
WARNING: [Synth 8-3331] design wr_logic has unconnected port PROG_FULL_THRESH_NEGATE[1]
WARNING: [Synth 8-3331] design wr_logic has unconnected port PROG_FULL_THRESH_NEGATE[0]
WARNING: [Synth 8-3331] design rd_dc_as has unconnected port RD_RST
WARNING: [Synth 8-3331] design rd_status_flags_as has unconnected port RD_RST
WARNING: [Synth 8-3331] design rd_status_flags_as has unconnected port SAFETY_CKT_RD_RST
WARNING: [Synth 8-3331] design rd_status_flags_as has unconnected port RD_PNTR_PLUS2[3]
WARNING: [Synth 8-3331] design rd_status_flags_as has unconnected port RD_PNTR_PLUS2[2]
WARNING: [Synth 8-3331] design rd_status_flags_as has unconnected port RD_PNTR_PLUS2[1]
WARNING: [Synth 8-3331] design rd_status_flags_as has unconnected port RD_PNTR_PLUS2[0]
WARNING: [Synth 8-3331] design rd_bin_cntr has unconnected port RST
WARNING: [Synth 8-3331] design rd_logic has unconnected port RD_EN_INTO_LOGIC
WARNING: [Synth 8-3331] design rd_logic has unconnected port RD_RST_INTO_LOGIC
WARNING: [Synth 8-3331] design rd_logic has unconnected port RD_RST_BUSY
WARNING: [Synth 8-3331] design rd_logic has unconnected port RAM_WR_EN
WARNING: [Synth 8-3331] design rd_logic has unconnected port RST_FULL_FF
WARNING: [Synth 8-3331] design rd_logic has unconnected port ALMOST_FULL_FB
WARNING: [Synth 8-3331] design rd_logic has unconnected port FULL
WARNING: [Synth 8-3331] design rd_logic has unconnected port WR_PNTR_PLUS1_RD[3]
WARNING: [Synth 8-3331] design rd_logic has unconnected port WR_PNTR_PLUS1_RD[2]
WARNING: [Synth 8-3331] design rd_logic has unconnected port WR_PNTR_PLUS1_RD[1]
WARNING: [Synth 8-3331] design rd_logic has unconnected port WR_PNTR_PLUS1_RD[0]
WARNING: [Synth 8-3331] design rd_logic has unconnected port PROG_EMPTY_THRESH[3]
WARNING: [Synth 8-3331] design rd_logic has unconnected port PROG_EMPTY_THRESH[2]
WARNING: [Synth 8-3331] design rd_logic has unconnected port PROG_EMPTY_THRESH[1]
WARNING: [Synth 8-3331] design rd_logic has unconnected port PROG_EMPTY_THRESH[0]
WARNING: [Synth 8-3331] design rd_logic has unconnected port PROG_EMPTY_THRESH_ASSERT[3]
WARNING: [Synth 8-3331] design rd_logic has unconnected port PROG_EMPTY_THRESH_ASSERT[2]
WARNING: [Synth 8-3331] design rd_logic has unconnected port PROG_EMPTY_THRESH_ASSERT[1]
WARNING: [Synth 8-3331] design rd_logic has unconnected port PROG_EMPTY_THRESH_ASSERT[0]
WARNING: [Synth 8-3331] design rd_logic has unconnected port PROG_EMPTY_THRESH_NEGATE[3]
WARNING: [Synth 8-3331] design rd_logic has unconnected port PROG_EMPTY_THRESH_NEGATE[2]
WARNING: [Synth 8-3331] design rd_logic has unconnected port PROG_EMPTY_THRESH_NEGATE[1]
WARNING: [Synth 8-3331] design rd_logic has unconnected port PROG_EMPTY_THRESH_NEGATE[0]
WARNING: [Synth 8-3331] design clk_x_pntrs has unconnected port WR_RST
WARNING: [Synth 8-3331] design clk_x_pntrs has unconnected port RD_RST
WARNING: [Synth 8-3331] design blk_mem_gen_prim_wrapper has unconnected port SSRA
WARNING: [Synth 8-3331] design blk_mem_gen_prim_wrapper has unconnected port REGCEA
WARNING: [Synth 8-3331] design blk_mem_gen_prim_wrapper has unconnected port SSRB
WARNING: [Synth 8-3331] design blk_mem_gen_prim_wrapper has unconnected port WEB[0]
WARNING: [Synth 8-3331] design blk_mem_gen_prim_wrapper has unconnected port DINB[35]
WARNING: [Synth 8-3331] design blk_mem_gen_prim_wrapper has unconnected port DINB[34]
WARNING: [Synth 8-3331] design blk_mem_gen_prim_wrapper has unconnected port DINB[33]
WARNING: [Synth 8-3331] design blk_mem_gen_prim_wrapper has unconnected port DINB[32]
WARNING: [Synth 8-3331] design blk_mem_gen_prim_wrapper has unconnected port DINB[31]
WARNING: [Synth 8-3331] design blk_mem_gen_prim_wrapper has unconnected port DINB[30]
WARNING: [Synth 8-3331] design blk_mem_gen_prim_wrapper has unconnected port DINB[29]
WARNING: [Synth 8-3331] design blk_mem_gen_prim_wrapper has unconnected port DINB[28]
WARNING: [Synth 8-3331] design blk_mem_gen_prim_wrapper has unconnected port DINB[27]
WARNING: [Synth 8-3331] design blk_mem_gen_prim_wrapper has unconnected port DINB[26]
WARNING: [Synth 8-3331] design blk_mem_gen_prim_wrapper has unconnected port DINB[25]
WARNING: [Synth 8-3331] design blk_mem_gen_prim_wrapper has unconnected port DINB[24]
WARNING: [Synth 8-3331] design blk_mem_gen_prim_wrapper has unconnected port DINB[23]
WARNING: [Synth 8-3331] design blk_mem_gen_prim_wrapper has unconnected port DINB[22]
WARNING: [Synth 8-3331] design blk_mem_gen_prim_wrapper has unconnected port DINB[21]
WARNING: [Synth 8-3331] design blk_mem_gen_prim_wrapper has unconnected port DINB[20]
WARNING: [Synth 8-3331] design blk_mem_gen_prim_wrapper has unconnected port DINB[19]
WARNING: [Synth 8-3331] design blk_mem_gen_prim_wrapper has unconnected port DINB[18]
WARNING: [Synth 8-3331] design blk_mem_gen_prim_wrapper has unconnected port DINB[17]
WARNING: [Synth 8-3331] design blk_mem_gen_prim_wrapper has unconnected port DINB[16]
WARNING: [Synth 8-3331] design blk_mem_gen_prim_wrapper has unconnected port DINB[15]
WARNING: [Synth 8-3331] design blk_mem_gen_prim_wrapper has unconnected port DINB[14]
WARNING: [Synth 8-3331] design blk_mem_gen_prim_wrapper has unconnected port DINB[13]
WARNING: [Synth 8-3331] design blk_mem_gen_prim_wrapper has unconnected port DINB[12]
WARNING: [Synth 8-3331] design blk_mem_gen_prim_wrapper has unconnected port DINB[11]
WARNING: [Synth 8-3331] design blk_mem_gen_prim_wrapper has unconnected port DINB[10]
WARNING: [Synth 8-3331] design blk_mem_gen_prim_wrapper has unconnected port DINB[9]
WARNING: [Synth 8-3331] design blk_mem_gen_prim_wrapper has unconnected port DINB[8]
WARNING: [Synth 8-3331] design blk_mem_gen_prim_wrapper has unconnected port DINB[7]
WARNING: [Synth 8-3331] design blk_mem_gen_prim_wrapper has unconnected port DINB[6]
WARNING: [Synth 8-3331] design blk_mem_gen_prim_wrapper has unconnected port DINB[5]
WARNING: [Synth 8-3331] design blk_mem_gen_prim_wrapper has unconnected port DINB[4]
WARNING: [Synth 8-3331] design blk_mem_gen_prim_wrapper has unconnected port DINB[3]
WARNING: [Synth 8-3331] design blk_mem_gen_prim_wrapper has unconnected port DINB[2]
INFO: [Common 17-14] Message 'Synth 8-3331' appears 100 times and further instances of the messages will be disabled. Use the Tcl command set_msg_config to change the current settings.
---------------------------------------------------------------------------------
Finished RTL Elaboration : Time (s): cpu = 00:01:09 ; elapsed = 00:01:25 . Memory (MB): peak = 1796.219 ; gain = 0.000 ; free physical = 8035 ; free virtual = 15968
---------------------------------------------------------------------------------

Report Check Netlist: 
+------+------------------+-------+---------+-------+------------------+
|      |Item              |Errors |Warnings |Status |Description       |
+------+------------------+-------+---------+-------+------------------+
|1     |multi_driven_nets |      0|        0|Passed |Multi driven nets |
+------+------------------+-------+---------+-------+------------------+
---------------------------------------------------------------------------------
Start Handling Custom Attributes
---------------------------------------------------------------------------------
---------------------------------------------------------------------------------
Finished Handling Custom Attributes : Time (s): cpu = 00:01:09 ; elapsed = 00:01:26 . Memory (MB): peak = 1796.219 ; gain = 0.000 ; free physical = 8034 ; free virtual = 15967
---------------------------------------------------------------------------------
---------------------------------------------------------------------------------
Finished RTL Optimization Phase 1 : Time (s): cpu = 00:01:09 ; elapsed = 00:01:26 . Memory (MB): peak = 1796.219 ; gain = 0.000 ; free physical = 8034 ; free virtual = 15966
---------------------------------------------------------------------------------
INFO: [Device 21-403] Loading part xczu15eg-ffvb1156-2-e
INFO: [Project 1-570] Preparing netlist for logic optimization

Processing XDC Constraints
Initializing timing engine
Parsing XDC File [/home/lewiz/sambashare/KIRATEY/RELEASE/LMAC_ETH_1G/AXIS_LMAC_IP/AXIS_LMAC_IP.srcs/sources_1/ip/txwregif_fifo4x16_ip/txwregif_fifo4x16_ip_ooc.xdc] for cell 'U0'
Finished Parsing XDC File [/home/lewiz/sambashare/KIRATEY/RELEASE/LMAC_ETH_1G/AXIS_LMAC_IP/AXIS_LMAC_IP.srcs/sources_1/ip/txwregif_fifo4x16_ip/txwregif_fifo4x16_ip_ooc.xdc] for cell 'U0'
Parsing XDC File [/home/lewiz/sambashare/KIRATEY/RELEASE/LMAC_ETH_1G/AXIS_LMAC_IP/AXIS_LMAC_IP.srcs/sources_1/ip/txwregif_fifo4x16_ip/txwregif_fifo4x16_ip.xdc] for cell 'U0'
Finished Parsing XDC File [/home/lewiz/sambashare/KIRATEY/RELEASE/LMAC_ETH_1G/AXIS_LMAC_IP/AXIS_LMAC_IP.srcs/sources_1/ip/txwregif_fifo4x16_ip/txwregif_fifo4x16_ip.xdc] for cell 'U0'
Parsing XDC File [/home/lewiz/sambashare/KIRATEY/RELEASE/LMAC_ETH_1G/AXIS_LMAC_IP/AXIS_LMAC_IP.runs/txwregif_fifo4x16_ip_synth_1/dont_touch.xdc]
Finished Parsing XDC File [/home/lewiz/sambashare/KIRATEY/RELEASE/LMAC_ETH_1G/AXIS_LMAC_IP/AXIS_LMAC_IP.runs/txwregif_fifo4x16_ip_synth_1/dont_touch.xdc]
Parsing XDC File [/home/lewiz/sambashare/KIRATEY/RELEASE/LMAC_ETH_1G/AXIS_LMAC_IP/AXIS_LMAC_IP.srcs/sources_1/ip/txwregif_fifo4x16_ip/txwregif_fifo4x16_ip_clocks.xdc] for cell 'U0'
Finished Parsing XDC File [/home/lewiz/sambashare/KIRATEY/RELEASE/LMAC_ETH_1G/AXIS_LMAC_IP/AXIS_LMAC_IP.srcs/sources_1/ip/txwregif_fifo4x16_ip/txwregif_fifo4x16_ip_clocks.xdc] for cell 'U0'
Sourcing Tcl File [/opt/Xilinx/Vivado/2018.2/data/ip/xpm/xpm_cdc/tcl/xpm_cdc_gray.tcl] for cell 'U0/inst_fifo_gen/gconvfifo.rf/grf.rf/gntv_or_sync_fifo.gcx.clkx/rd_pntr_cdc_inst'
Finished Sourcing Tcl File [/opt/Xilinx/Vivado/2018.2/data/ip/xpm/xpm_cdc/tcl/xpm_cdc_gray.tcl] for cell 'U0/inst_fifo_gen/gconvfifo.rf/grf.rf/gntv_or_sync_fifo.gcx.clkx/rd_pntr_cdc_inst'
Sourcing Tcl File [/opt/Xilinx/Vivado/2018.2/data/ip/xpm/xpm_cdc/tcl/xpm_cdc_gray.tcl] for cell 'U0/inst_fifo_gen/gconvfifo.rf/grf.rf/gntv_or_sync_fifo.gcx.clkx/wr_pntr_cdc_inst'
Finished Sourcing Tcl File [/opt/Xilinx/Vivado/2018.2/data/ip/xpm/xpm_cdc/tcl/xpm_cdc_gray.tcl] for cell 'U0/inst_fifo_gen/gconvfifo.rf/grf.rf/gntv_or_sync_fifo.gcx.clkx/wr_pntr_cdc_inst'
INFO: [Project 1-236] Implementation specific constraints were found while reading constraint file [/opt/Xilinx/Vivado/2018.2/data/ip/xpm/xpm_cdc/tcl/xpm_cdc_gray.tcl]. These constraints will be ignored for synthesis but will be used in implementation. Impacted constraints are listed in the file [.Xil/txwregif_fifo4x16_ip_propImpl.xdc].
Resolution: To avoid this warning, move constraints listed in [.Xil/txwregif_fifo4x16_ip_propImpl.xdc] to another XDC file and exclude this new file from synthesis with the used_in_synthesis property (File Properties dialog in GUI) and re-run elaboration/synthesis.
Sourcing Tcl File [/opt/Xilinx/Vivado/2018.2/data/ip/xpm/xpm_cdc/tcl/xpm_cdc_single.tcl] for cell 'U0/inst_fifo_gen/gconvfifo.rf/grf.rf/rstblk/ngwrdrst.grst.g7serrst.gsckt_wrst.gic_rst.xpm_cdc_single_inst_rrst_wr'
Finished Sourcing Tcl File [/opt/Xilinx/Vivado/2018.2/data/ip/xpm/xpm_cdc/tcl/xpm_cdc_single.tcl] for cell 'U0/inst_fifo_gen/gconvfifo.rf/grf.rf/rstblk/ngwrdrst.grst.g7serrst.gsckt_wrst.gic_rst.xpm_cdc_single_inst_rrst_wr'
Sourcing Tcl File [/opt/Xilinx/Vivado/2018.2/data/ip/xpm/xpm_cdc/tcl/xpm_cdc_single.tcl] for cell 'U0/inst_fifo_gen/gconvfifo.rf/grf.rf/rstblk/ngwrdrst.grst.g7serrst.gsckt_wrst.gic_rst.xpm_cdc_single_inst_wrst_rd'
Finished Sourcing Tcl File [/opt/Xilinx/Vivado/2018.2/data/ip/xpm/xpm_cdc/tcl/xpm_cdc_single.tcl] for cell 'U0/inst_fifo_gen/gconvfifo.rf/grf.rf/rstblk/ngwrdrst.grst.g7serrst.gsckt_wrst.gic_rst.xpm_cdc_single_inst_wrst_rd'
INFO: [Project 1-236] Implementation specific constraints were found while reading constraint file [/opt/Xilinx/Vivado/2018.2/data/ip/xpm/xpm_cdc/tcl/xpm_cdc_single.tcl]. These constraints will be ignored for synthesis but will be used in implementation. Impacted constraints are listed in the file [.Xil/txwregif_fifo4x16_ip_propImpl.xdc].
Resolution: To avoid this warning, move constraints listed in [.Xil/txwregif_fifo4x16_ip_propImpl.xdc] to another XDC file and exclude this new file from synthesis with the used_in_synthesis property (File Properties dialog in GUI) and re-run elaboration/synthesis.
Sourcing Tcl File [/opt/Xilinx/Vivado/2018.2/data/ip/xpm/xpm_cdc/tcl/xpm_cdc_sync_rst.tcl] for cell 'U0/inst_fifo_gen/gconvfifo.rf/grf.rf/rstblk/ngwrdrst.grst.g7serrst.gsckt_wrst.gic_rst.xpm_cdc_sync_rst_inst_wrst'
Finished Sourcing Tcl File [/opt/Xilinx/Vivado/2018.2/data/ip/xpm/xpm_cdc/tcl/xpm_cdc_sync_rst.tcl] for cell 'U0/inst_fifo_gen/gconvfifo.rf/grf.rf/rstblk/ngwrdrst.grst.g7serrst.gsckt_wrst.gic_rst.xpm_cdc_sync_rst_inst_wrst'
Sourcing Tcl File [/opt/Xilinx/Vivado/2018.2/data/ip/xpm/xpm_cdc/tcl/xpm_cdc_sync_rst.tcl] for cell 'U0/inst_fifo_gen/gconvfifo.rf/grf.rf/rstblk/ngwrdrst.grst.g7serrst.gsckt_wrst.xpm_cdc_sync_rst_inst_wrst'
Finished Sourcing Tcl File [/opt/Xilinx/Vivado/2018.2/data/ip/xpm/xpm_cdc/tcl/xpm_cdc_sync_rst.tcl] for cell 'U0/inst_fifo_gen/gconvfifo.rf/grf.rf/rstblk/ngwrdrst.grst.g7serrst.gsckt_wrst.xpm_cdc_sync_rst_inst_wrst'
Completed Processing XDC Constraints

INFO: [Project 1-111] Unisim Transformation Summary:
No Unisim elements were transformed.

Constraint Validation Runtime : Time (s): cpu = 00:00:00.02 ; elapsed = 00:00:00.03 . Memory (MB): peak = 2564.906 ; gain = 0.000 ; free physical = 7239 ; free virtual = 15172
---------------------------------------------------------------------------------
Finished Constraint Validation : Time (s): cpu = 00:01:27 ; elapsed = 00:01:54 . Memory (MB): peak = 2564.906 ; gain = 768.688 ; free physical = 7272 ; free virtual = 15221
---------------------------------------------------------------------------------
---------------------------------------------------------------------------------
Start Loading Part and Timing Information
---------------------------------------------------------------------------------
Loading part: xczu15eg-ffvb1156-2-e
---------------------------------------------------------------------------------
Finished Loading Part and Timing Information : Time (s): cpu = 00:01:27 ; elapsed = 00:01:54 . Memory (MB): peak = 2564.906 ; gain = 768.688 ; free physical = 7271 ; free virtual = 15221
---------------------------------------------------------------------------------
---------------------------------------------------------------------------------
Start Applying 'set_property' XDC Constraints
---------------------------------------------------------------------------------
Applied set_property DONT_TOUCH = true for U0. (constraint file  /home/lewiz/sambashare/KIRATEY/RELEASE/LMAC_ETH_1G/AXIS_LMAC_IP/AXIS_LMAC_IP.runs/txwregif_fifo4x16_ip_synth_1/dont_touch.xdc, line 9).
Applied set_property DONT_TOUCH = true for U0/inst_fifo_gen/\gconvfifo.rf /\grf.rf /\gntv_or_sync_fifo.gcx.clkx /rd_pntr_cdc_inst. (constraint file  auto generated constraint, line ).
Applied set_property DONT_TOUCH = true for U0/inst_fifo_gen/\gconvfifo.rf /\grf.rf /\gntv_or_sync_fifo.gcx.clkx /wr_pntr_cdc_inst. (constraint file  auto generated constraint, line ).
Applied set_property DONT_TOUCH = true for U0/inst_fifo_gen/\gconvfifo.rf /\grf.rf /rstblk/\ngwrdrst.grst.g7serrst.gsckt_wrst.gic_rst.xpm_cdc_single_inst_rrst_wr . (constraint file  auto generated constraint, line ).
Applied set_property DONT_TOUCH = true for U0/inst_fifo_gen/\gconvfifo.rf /\grf.rf /rstblk/\ngwrdrst.grst.g7serrst.gsckt_wrst.gic_rst.xpm_cdc_single_inst_wrst_rd . (constraint file  auto generated constraint, line ).
Applied set_property DONT_TOUCH = true for U0/inst_fifo_gen/\gconvfifo.rf /\grf.rf /rstblk/\ngwrdrst.grst.g7serrst.gsckt_wrst.gic_rst.xpm_cdc_sync_rst_inst_wrst . (constraint file  auto generated constraint, line ).
Applied set_property DONT_TOUCH = true for U0/inst_fifo_gen/\gconvfifo.rf /\grf.rf /rstblk/\ngwrdrst.grst.g7serrst.gsckt_wrst.xpm_cdc_sync_rst_inst_wrst . (constraint file  auto generated constraint, line ).
---------------------------------------------------------------------------------
Finished applying 'set_property' XDC Constraints : Time (s): cpu = 00:01:27 ; elapsed = 00:01:54 . Memory (MB): peak = 2564.906 ; gain = 768.688 ; free physical = 7270 ; free virtual = 15220
---------------------------------------------------------------------------------
---------------------------------------------------------------------------------
Finished RTL Optimization Phase 2 : Time (s): cpu = 00:01:27 ; elapsed = 00:01:55 . Memory (MB): peak = 2564.906 ; gain = 768.688 ; free physical = 7256 ; free virtual = 15206
---------------------------------------------------------------------------------

Report RTL Partitions: 
+-+--------------+------------+----------+
| |RTL Partition |Replication |Instances |
+-+--------------+------------+----------+
+-+--------------+------------+----------+
---------------------------------------------------------------------------------
Start RTL Component Statistics 
---------------------------------------------------------------------------------
Detailed RTL Component Info : 
+---Adders : 
	   2 Input      4 Bit       Adders := 2     
	   3 Input      4 Bit       Adders := 2     
+---XORs : 
	   2 Input      4 Bit         XORs := 2     
	   2 Input      1 Bit         XORs := 24    
+---Registers : 
	                5 Bit    Registers := 6     
	                4 Bit    Registers := 16    
	                2 Bit    Registers := 1     
	                1 Bit    Registers := 18    
+---Muxes : 
	   2 Input      1 Bit        Muxes := 3     
---------------------------------------------------------------------------------
Finished RTL Component Statistics 
---------------------------------------------------------------------------------
---------------------------------------------------------------------------------
Start RTL Hierarchical Component Statistics 
---------------------------------------------------------------------------------
Hierarchical RTL Component report 
Module xpm_cdc_sync_rst 
Detailed RTL Component Info : 
+---Registers : 
	                5 Bit    Registers := 1     
Module xpm_cdc_single 
Detailed RTL Component Info : 
+---Registers : 
	                5 Bit    Registers := 1     
Module reset_blk_ramfifo 
Detailed RTL Component Info : 
+---Registers : 
	                4 Bit    Registers := 1     
	                2 Bit    Registers := 1     
	                1 Bit    Registers := 6     
+---Muxes : 
	   2 Input      1 Bit        Muxes := 1     
Module blk_mem_gen_prim_width 
Detailed RTL Component Info : 
+---XORs : 
	   2 Input      1 Bit         XORs := 2     
+---Registers : 
	                5 Bit    Registers := 2     
	                1 Bit    Registers := 8     
Module xpm_cdc_gray 
Detailed RTL Component Info : 
+---XORs : 
	   2 Input      4 Bit         XORs := 1     
	   2 Input      1 Bit         XORs := 3     
+---Registers : 
	                4 Bit    Registers := 4     
Module rd_bin_cntr 
Detailed RTL Component Info : 
+---Adders : 
	   2 Input      4 Bit       Adders := 1     
+---Registers : 
	                4 Bit    Registers := 2     
Module compare 
Detailed RTL Component Info : 
+---XORs : 
	   2 Input      1 Bit         XORs := 4     
Module rd_status_flags_as 
Detailed RTL Component Info : 
+---Registers : 
	                1 Bit    Registers := 2     
+---Muxes : 
	   2 Input      1 Bit        Muxes := 1     
Module rd_dc_as 
Detailed RTL Component Info : 
+---Adders : 
	   3 Input      4 Bit       Adders := 1     
+---Registers : 
	                4 Bit    Registers := 1     
Module wr_bin_cntr 
Detailed RTL Component Info : 
+---Adders : 
	   2 Input      4 Bit       Adders := 1     
+---Registers : 
	                4 Bit    Registers := 3     
Module wr_status_flags_as 
Detailed RTL Component Info : 
+---Registers : 
	                1 Bit    Registers := 2     
+---Muxes : 
	   2 Input      1 Bit        Muxes := 1     
Module wr_dc_as 
Detailed RTL Component Info : 
+---Adders : 
	   3 Input      4 Bit       Adders := 1     
+---Registers : 
	                4 Bit    Registers := 1     
---------------------------------------------------------------------------------
Finished RTL Hierarchical Component Statistics
---------------------------------------------------------------------------------
---------------------------------------------------------------------------------
Start Part Resource Summary
---------------------------------------------------------------------------------
Part Resources:
DSPs: 3528 (col length:168)
BRAMs: 1488 (col length: RAMB18 168 RAMB36 84)
---------------------------------------------------------------------------------
Finished Part Resource Summary
---------------------------------------------------------------------------------
---------------------------------------------------------------------------------
Start Cross Boundary and Area Optimization
---------------------------------------------------------------------------------
Warning: Parallel synthesis criteria is not met 
---------------------------------------------------------------------------------
Finished Cross Boundary and Area Optimization : Time (s): cpu = 00:01:28 ; elapsed = 00:01:56 . Memory (MB): peak = 2564.906 ; gain = 768.688 ; free physical = 7205 ; free virtual = 15162
---------------------------------------------------------------------------------

Report RTL Partitions: 
+-+--------------+------------+----------+
| |RTL Partition |Replication |Instances |
+-+--------------+------------+----------+
+-+--------------+------------+----------+
---------------------------------------------------------------------------------
Start Applying XDC Timing Constraints
---------------------------------------------------------------------------------
---------------------------------------------------------------------------------
Finished Applying XDC Timing Constraints : Time (s): cpu = 00:02:02 ; elapsed = 00:02:57 . Memory (MB): peak = 2795.453 ; gain = 999.234 ; free physical = 5214 ; free virtual = 13201
---------------------------------------------------------------------------------
---------------------------------------------------------------------------------
Start Timing Optimization
---------------------------------------------------------------------------------
---------------------------------------------------------------------------------
Finished Timing Optimization : Time (s): cpu = 00:02:02 ; elapsed = 00:02:57 . Memory (MB): peak = 2815.484 ; gain = 1019.266 ; free physical = 5210 ; free virtual = 13197
---------------------------------------------------------------------------------

Report RTL Partitions: 
+-+--------------+------------+----------+
| |RTL Partition |Replication |Instances |
+-+--------------+------------+----------+
+-+--------------+------------+----------+
---------------------------------------------------------------------------------
Start Technology Mapping
---------------------------------------------------------------------------------
---------------------------------------------------------------------------------
Finished Technology Mapping : Time (s): cpu = 00:02:02 ; elapsed = 00:02:57 . Memory (MB): peak = 2815.484 ; gain = 1019.266 ; free physical = 5206 ; free virtual = 13193
---------------------------------------------------------------------------------

Report RTL Partitions: 
+-+--------------+------------+----------+
| |RTL Partition |Replication |Instances |
+-+--------------+------------+----------+
+-+--------------+------------+----------+
---------------------------------------------------------------------------------
Start IO Insertion
---------------------------------------------------------------------------------
---------------------------------------------------------------------------------
Start Flattening Before IO Insertion
---------------------------------------------------------------------------------
---------------------------------------------------------------------------------
Finished Flattening Before IO Insertion
---------------------------------------------------------------------------------
---------------------------------------------------------------------------------
Start Final Netlist Cleanup
---------------------------------------------------------------------------------
---------------------------------------------------------------------------------
Finished Final Netlist Cleanup
---------------------------------------------------------------------------------
---------------------------------------------------------------------------------
Finished IO Insertion : Time (s): cpu = 00:02:02 ; elapsed = 00:02:58 . Memory (MB): peak = 2815.484 ; gain = 1019.266 ; free physical = 5191 ; free virtual = 13178
---------------------------------------------------------------------------------

Report Check Netlist: 
+------+------------------+-------+---------+-------+------------------+
|      |Item              |Errors |Warnings |Status |Description       |
+------+------------------+-------+---------+-------+------------------+
|1     |multi_driven_nets |      0|        0|Passed |Multi driven nets |
+------+------------------+-------+---------+-------+------------------+
---------------------------------------------------------------------------------
Start Renaming Generated Instances
---------------------------------------------------------------------------------
---------------------------------------------------------------------------------
Finished Renaming Generated Instances : Time (s): cpu = 00:02:02 ; elapsed = 00:02:58 . Memory (MB): peak = 2815.484 ; gain = 1019.266 ; free physical = 5191 ; free virtual = 13178
---------------------------------------------------------------------------------

Report RTL Partitions: 
+-+--------------+------------+----------+
| |RTL Partition |Replication |Instances |
+-+--------------+------------+----------+
+-+--------------+------------+----------+
---------------------------------------------------------------------------------
Start Rebuilding User Hierarchy
---------------------------------------------------------------------------------
---------------------------------------------------------------------------------
Finished Rebuilding User Hierarchy : Time (s): cpu = 00:02:02 ; elapsed = 00:02:58 . Memory (MB): peak = 2815.484 ; gain = 1019.266 ; free physical = 5190 ; free virtual = 13177
---------------------------------------------------------------------------------
---------------------------------------------------------------------------------
Start Renaming Generated Ports
---------------------------------------------------------------------------------
---------------------------------------------------------------------------------
Finished Renaming Generated Ports : Time (s): cpu = 00:02:02 ; elapsed = 00:02:58 . Memory (MB): peak = 2815.484 ; gain = 1019.266 ; free physical = 5191 ; free virtual = 13178
---------------------------------------------------------------------------------
---------------------------------------------------------------------------------
Start Handling Custom Attributes
---------------------------------------------------------------------------------
---------------------------------------------------------------------------------
Finished Handling Custom Attributes : Time (s): cpu = 00:02:02 ; elapsed = 00:02:58 . Memory (MB): peak = 2815.484 ; gain = 1019.266 ; free physical = 5191 ; free virtual = 13178
---------------------------------------------------------------------------------
---------------------------------------------------------------------------------
Start Renaming Generated Nets
---------------------------------------------------------------------------------
---------------------------------------------------------------------------------
Finished Renaming Generated Nets : Time (s): cpu = 00:02:02 ; elapsed = 00:02:58 . Memory (MB): peak = 2815.484 ; gain = 1019.266 ; free physical = 5189 ; free virtual = 13176
---------------------------------------------------------------------------------
---------------------------------------------------------------------------------
Start ROM, RAM, DSP and Shift Register Reporting
---------------------------------------------------------------------------------

Static Shift Register Report:
+-----------------------+------------------------------------------------------------------------------------------------------------------------------------------------------------------------------------------------------------+--------+-------+--------------+--------------------+-------------------+--------+---------+
|Module Name            | RTL Name                                                                                                                                                                                                   | Length | Width | Reset Signal | Pull out first Reg | Pull out last Reg | SRL16E | SRLC32E | 
+-----------------------+------------------------------------------------------------------------------------------------------------------------------------------------------------------------------------------------------------+--------+-------+--------------+--------------------+-------------------+--------+---------+
|fifo_generator_v13_2_2 | inst_fifo_gen/gconvfifo.rf/grf.rf/gntv_or_sync_fifo.mem/gbm.gbmg.gbmga.ngecc.bmg/inst_blk_mem_gen/gnbram.gnativebmg.native_blk_mem_gen/valid.cstr/ramloop[0].ram.r/SAFETY_CKT_GEN.RSTA_SHFT_REG_reg[4]     | 4      | 2     | NO           | NO                 | YES               | 2      | 0       | 
|fifo_generator_v13_2_2 | inst_fifo_gen/gconvfifo.rf/grf.rf/gntv_or_sync_fifo.mem/gbm.gbmg.gbmga.ngecc.bmg/inst_blk_mem_gen/gnbram.gnativebmg.native_blk_mem_gen/valid.cstr/ramloop[0].ram.r/SAFETY_CKT_GEN.ENA_NO_REG.ENA_dly_D_reg | 3      | 1     | NO           | NO                 | YES               | 1      | 0       | 
+-----------------------+------------------------------------------------------------------------------------------------------------------------------------------------------------------------------------------------------------+--------+-------+--------------+--------------------+-------------------+--------+---------+

---------------------------------------------------------------------------------
Finished ROM, RAM, DSP and Shift Register Reporting
---------------------------------------------------------------------------------
---------------------------------------------------------------------------------
Start Writing Synthesis Report
---------------------------------------------------------------------------------

Report BlackBoxes: 
+-+--------------+----------+
| |BlackBox name |Instances |
+-+--------------+----------+
+-+--------------+----------+

Report Cell Usage: 
+------+---------+------+
|      |Cell     |Count |
+------+---------+------+
|1     |LUT1     |     2|
|2     |LUT2     |    17|
|3     |LUT3     |     7|
|4     |LUT4     |    15|
|5     |LUT5     |     5|
|6     |LUT6     |     4|
|7     |RAMB18E2 |     1|
|8     |SRL16E   |     3|
|9     |FDRE     |    96|
|10    |FDSE     |     8|
+------+---------+------+

Report Instance Areas: 
+------+------------------------------------------------------------------------------------+-----------------------------+------+
|      |Instance                                                                            |Module                       |Cells |
+------+------------------------------------------------------------------------------------+-----------------------------+------+
|1     |top                                                                                 |                             |   158|
|2     |  U0                                                                                |fifo_generator_v13_2_2       |   158|
|3     |    inst_fifo_gen                                                                   |fifo_generator_v13_2_2_synth |   158|
|4     |      \gconvfifo.rf                                                                 |fifo_generator_top           |   158|
|5     |        \grf.rf                                                                     |fifo_generator_ramfifo       |   158|
|6     |          \gntv_or_sync_fifo.gcx.clkx                                               |clk_x_pntrs                  |    53|
|7     |            wr_pntr_cdc_inst                                                        |xpm_cdc_gray__1              |    22|
|8     |            rd_pntr_cdc_inst                                                        |xpm_cdc_gray                 |    22|
|9     |          \gntv_or_sync_fifo.gl0.rd                                                 |rd_logic                     |    24|
|10    |            \gras.grdc1.rdc                                                         |rd_dc_as                     |     4|
|11    |            \gras.rsts                                                              |rd_status_flags_as           |     3|
|12    |            rpntr                                                                   |rd_bin_cntr                  |    17|
|13    |          \gntv_or_sync_fifo.gl0.wr                                                 |wr_logic                     |    29|
|14    |            \gwas.gwdc0.wdc                                                         |wr_dc_as                     |     4|
|15    |            \gwas.wsts                                                              |wr_status_flags_as           |     3|
|16    |            wpntr                                                                   |wr_bin_cntr                  |    22|
|17    |          \gntv_or_sync_fifo.mem                                                    |memory                       |    15|
|18    |            \gbm.gbmg.gbmga.ngecc.bmg                                               |blk_mem_gen_v8_4_1           |    15|
|19    |              inst_blk_mem_gen                                                      |blk_mem_gen_v8_4_1_synth     |    15|
|20    |                \gnbram.gnativebmg.native_blk_mem_gen                               |blk_mem_gen_top              |    15|
|21    |                  \valid.cstr                                                       |blk_mem_gen_generic_cstr     |    15|
|22    |                    \ramloop[0].ram.r                                               |blk_mem_gen_prim_width       |    15|
|23    |                      \prim_noinit.ram                                              |blk_mem_gen_prim_wrapper     |     2|
|24    |          rstblk                                                                    |reset_blk_ramfifo            |    37|
|25    |            \ngwrdrst.grst.g7serrst.gsckt_wrst.xpm_cdc_sync_rst_inst_wrst           |xpm_cdc_sync_rst__1          |     5|
|26    |            \ngwrdrst.grst.g7serrst.gsckt_wrst.gic_rst.xpm_cdc_sync_rst_inst_wrst   |xpm_cdc_sync_rst             |     5|
|27    |            \ngwrdrst.grst.g7serrst.gsckt_wrst.gic_rst.xpm_cdc_single_inst_wrst_rd  |xpm_cdc_single__1            |     5|
|28    |            \ngwrdrst.grst.g7serrst.gsckt_wrst.gic_rst.xpm_cdc_single_inst_rrst_wr  |xpm_cdc_single               |     5|
+------+------------------------------------------------------------------------------------+-----------------------------+------+
---------------------------------------------------------------------------------
Finished Writing Synthesis Report : Time (s): cpu = 00:02:02 ; elapsed = 00:02:58 . Memory (MB): peak = 2815.484 ; gain = 1019.266 ; free physical = 5189 ; free virtual = 13176
---------------------------------------------------------------------------------
Synthesis finished with 0 errors, 0 critical warnings and 439 warnings.
Synthesis Optimization Runtime : Time (s): cpu = 00:01:47 ; elapsed = 00:02:32 . Memory (MB): peak = 2815.484 ; gain = 250.578 ; free physical = 5230 ; free virtual = 13217
Synthesis Optimization Complete : Time (s): cpu = 00:02:03 ; elapsed = 00:02:58 . Memory (MB): peak = 2815.492 ; gain = 1019.266 ; free physical = 5229 ; free virtual = 13216
INFO: [Project 1-571] Translating synthesized netlist
INFO: [Project 1-570] Preparing netlist for logic optimization
INFO: [Opt 31-138] Pushed 0 inverter(s) to 0 load pin(s).
INFO: [Project 1-111] Unisim Transformation Summary:
No Unisim elements were transformed.

INFO: [Common 17-83] Releasing license: Synthesis
25 Infos, 100 Warnings, 0 Critical Warnings and 0 Errors encountered.
synth_design completed successfully
synth_design: Time (s): cpu = 00:02:05 ; elapsed = 00:02:59 . Memory (MB): peak = 2871.133 ; gain = 1082.918 ; free physical = 5210 ; free virtual = 13197
WARNING: [Constraints 18-5210] No constraint will be written out.
INFO: [Common 17-1381] The checkpoint '/home/lewiz/sambashare/KIRATEY/RELEASE/LMAC_ETH_1G/AXIS_LMAC_IP/AXIS_LMAC_IP.runs/txwregif_fifo4x16_ip_synth_1/txwregif_fifo4x16_ip.dcp' has been generated.
