
*** Running vivado
    with args -log LMAC_ETH_1G_rst_ps8_0_49M_1.vds -m64 -product Vivado -mode batch -messageDb vivado.pb -notrace -source LMAC_ETH_1G_rst_ps8_0_49M_1.tcl


****** Vivado v2018.2 (64-bit)
  **** SW Build 2258646 on Thu Jun 14 20:02:38 MDT 2018
  **** IP Build 2256618 on Thu Jun 14 22:10:49 MDT 2018
    ** Copyright 1986-2018 Xilinx, Inc. All Rights Reserved.

source LMAC_ETH_1G_rst_ps8_0_49M_1.tcl -notrace
Command: synth_design -top LMAC_ETH_1G_rst_ps8_0_49M_1 -part xczu9eg-ffvb1156-2-e -mode out_of_context
Starting synth_design
Attempting to get a license for feature 'Synthesis' and/or device 'xczu9eg'
INFO: [Common 17-349] Got license for feature 'Synthesis' and/or device 'xczu9eg'
INFO: [Common 17-86] Your Synthesis license expires in 25 day(s)
INFO: Launching helper process for spawning children vivado processes
INFO: Helper process launched with PID 5271 
---------------------------------------------------------------------------------
Starting RTL Elaboration : Time (s): cpu = 00:00:02 ; elapsed = 00:00:02 . Memory (MB): peak = 1797.211 ; gain = 0.000 ; free physical = 2948 ; free virtual = 9062
---------------------------------------------------------------------------------
INFO: [Synth 8-638] synthesizing module 'LMAC_ETH_1G_rst_ps8_0_49M_1' [/home/lewiz/sambashare/KIRATEY/RELEASE/LMAC_ETH_1G_xczu9eg/LMAC_ETH_1G.srcs/sources_1/bd/LMAC_ETH_1G/ip/LMAC_ETH_1G_rst_ps8_0_49M_1/synth/LMAC_ETH_1G_rst_ps8_0_49M_1.vhd:74]
	Parameter C_FAMILY bound to: zynquplus - type: string 
	Parameter C_EXT_RST_WIDTH bound to: 4 - type: integer 
	Parameter C_AUX_RST_WIDTH bound to: 4 - type: integer 
	Parameter C_EXT_RESET_HIGH bound to: 1'b0 
	Parameter C_AUX_RESET_HIGH bound to: 1'b0 
	Parameter C_NUM_BUS_RST bound to: 1 - type: integer 
	Parameter C_NUM_PERP_RST bound to: 1 - type: integer 
	Parameter C_NUM_INTERCONNECT_ARESETN bound to: 1 - type: integer 
	Parameter C_NUM_PERP_ARESETN bound to: 1 - type: integer 
INFO: [Synth 8-3491] module 'proc_sys_reset' declared at '/home/lewiz/sambashare/KIRATEY/RELEASE/LMAC_ETH_1G_xczu9eg/LMAC_ETH_1G.srcs/sources_1/bd/LMAC_ETH_1G/ipshared/f86a/hdl/proc_sys_reset_v5_0_vh_rfs.vhd:1264' bound to instance 'U0' of component 'proc_sys_reset' [/home/lewiz/sambashare/KIRATEY/RELEASE/LMAC_ETH_1G_xczu9eg/LMAC_ETH_1G.srcs/sources_1/bd/LMAC_ETH_1G/ip/LMAC_ETH_1G_rst_ps8_0_49M_1/synth/LMAC_ETH_1G_rst_ps8_0_49M_1.vhd:129]
INFO: [Synth 8-638] synthesizing module 'proc_sys_reset' [/home/lewiz/sambashare/KIRATEY/RELEASE/LMAC_ETH_1G_xczu9eg/LMAC_ETH_1G.srcs/sources_1/bd/LMAC_ETH_1G/ipshared/f86a/hdl/proc_sys_reset_v5_0_vh_rfs.vhd:1323]
	Parameter C_FAMILY bound to: zynquplus - type: string 
	Parameter C_EXT_RST_WIDTH bound to: 4 - type: integer 
	Parameter C_AUX_RST_WIDTH bound to: 4 - type: integer 
	Parameter C_EXT_RESET_HIGH bound to: 1'b0 
	Parameter C_AUX_RESET_HIGH bound to: 1'b0 
	Parameter C_NUM_BUS_RST bound to: 1 - type: integer 
	Parameter C_NUM_PERP_RST bound to: 1 - type: integer 
	Parameter C_NUM_INTERCONNECT_ARESETN bound to: 1 - type: integer 
	Parameter C_NUM_PERP_ARESETN bound to: 1 - type: integer 
	Parameter INIT bound to: 1'b1 
	Parameter IS_C_INVERTED bound to: 1'b0 
	Parameter IS_D_INVERTED bound to: 1'b0 
	Parameter IS_R_INVERTED bound to: 1'b0 
INFO: [Synth 8-113] binding component instance 'FDRE_inst' to cell 'FDRE' [/home/lewiz/sambashare/KIRATEY/RELEASE/LMAC_ETH_1G_xczu9eg/LMAC_ETH_1G.srcs/sources_1/bd/LMAC_ETH_1G/ipshared/f86a/hdl/proc_sys_reset_v5_0_vh_rfs.vhd:1392]
	Parameter INIT bound to: 1'b1 
	Parameter IS_C_INVERTED bound to: 1'b0 
	Parameter IS_D_INVERTED bound to: 1'b0 
	Parameter IS_R_INVERTED bound to: 1'b0 
INFO: [Synth 8-113] binding component instance 'FDRE_BSR' to cell 'FDRE' [/home/lewiz/sambashare/KIRATEY/RELEASE/LMAC_ETH_1G_xczu9eg/LMAC_ETH_1G.srcs/sources_1/bd/LMAC_ETH_1G/ipshared/f86a/hdl/proc_sys_reset_v5_0_vh_rfs.vhd:1408]
	Parameter INIT bound to: 1'b0 
	Parameter IS_C_INVERTED bound to: 1'b0 
	Parameter IS_D_INVERTED bound to: 1'b0 
	Parameter IS_R_INVERTED bound to: 1'b0 
INFO: [Synth 8-113] binding component instance 'FDRE_BSR_N' to cell 'FDRE' [/home/lewiz/sambashare/KIRATEY/RELEASE/LMAC_ETH_1G_xczu9eg/LMAC_ETH_1G.srcs/sources_1/bd/LMAC_ETH_1G/ipshared/f86a/hdl/proc_sys_reset_v5_0_vh_rfs.vhd:1434]
	Parameter INIT bound to: 1'b1 
	Parameter IS_C_INVERTED bound to: 1'b0 
	Parameter IS_D_INVERTED bound to: 1'b0 
	Parameter IS_R_INVERTED bound to: 1'b0 
INFO: [Synth 8-113] binding component instance 'FDRE_PER' to cell 'FDRE' [/home/lewiz/sambashare/KIRATEY/RELEASE/LMAC_ETH_1G_xczu9eg/LMAC_ETH_1G.srcs/sources_1/bd/LMAC_ETH_1G/ipshared/f86a/hdl/proc_sys_reset_v5_0_vh_rfs.vhd:1457]
	Parameter INIT bound to: 1'b0 
	Parameter IS_C_INVERTED bound to: 1'b0 
	Parameter IS_D_INVERTED bound to: 1'b0 
	Parameter IS_R_INVERTED bound to: 1'b0 
INFO: [Synth 8-113] binding component instance 'FDRE_PER_N' to cell 'FDRE' [/home/lewiz/sambashare/KIRATEY/RELEASE/LMAC_ETH_1G_xczu9eg/LMAC_ETH_1G.srcs/sources_1/bd/LMAC_ETH_1G/ipshared/f86a/hdl/proc_sys_reset_v5_0_vh_rfs.vhd:1481]
INFO: [Synth 8-638] synthesizing module 'lpf' [/home/lewiz/sambashare/KIRATEY/RELEASE/LMAC_ETH_1G_xczu9eg/LMAC_ETH_1G.srcs/sources_1/bd/LMAC_ETH_1G/ipshared/f86a/hdl/proc_sys_reset_v5_0_vh_rfs.vhd:816]
	Parameter C_EXT_RST_WIDTH bound to: 4 - type: integer 
	Parameter C_AUX_RST_WIDTH bound to: 4 - type: integer 
	Parameter C_EXT_RESET_HIGH bound to: 1'b0 
	Parameter C_AUX_RESET_HIGH bound to: 1'b0 
INFO: [Synth 8-3491] module 'SRL16' declared at '/opt/Xilinx/Vivado/2018.2/scripts/rt/data/unisim_comp.v:50695' bound to instance 'POR_SRL_I' of component 'SRL16' [/home/lewiz/sambashare/KIRATEY/RELEASE/LMAC_ETH_1G_xczu9eg/LMAC_ETH_1G.srcs/sources_1/bd/LMAC_ETH_1G/ipshared/f86a/hdl/proc_sys_reset_v5_0_vh_rfs.vhd:868]
INFO: [Synth 8-6157] synthesizing module 'SRL16' [/opt/Xilinx/Vivado/2018.2/scripts/rt/data/unisim_comp.v:50695]
	Parameter INIT bound to: 16'b0000000000000000 
INFO: [Synth 8-6155] done synthesizing module 'SRL16' (1#1) [/opt/Xilinx/Vivado/2018.2/scripts/rt/data/unisim_comp.v:50695]
INFO: [Synth 8-638] synthesizing module 'cdc_sync' [/home/lewiz/sambashare/KIRATEY/RELEASE/LMAC_ETH_1G_xczu9eg/LMAC_ETH_1G.srcs/sources_1/bd/LMAC_ETH_1G/ipshared/ef1e/hdl/lib_cdc_v1_0_rfs.vhd:106]
	Parameter C_CDC_TYPE bound to: 1 - type: integer 
	Parameter C_RESET_STATE bound to: 0 - type: integer 
	Parameter C_SINGLE_BIT bound to: 1 - type: integer 
	Parameter C_FLOP_INPUT bound to: 0 - type: integer 
	Parameter C_VECTOR_WIDTH bound to: 2 - type: integer 
	Parameter C_MTBF_STAGES bound to: 4 - type: integer 
	Parameter INIT bound to: 1'b0 
INFO: [Synth 8-113] binding component instance 'CROSS_PLEVEL_IN2SCNDRY_IN_cdc_to' to cell 'FDR' [/home/lewiz/sambashare/KIRATEY/RELEASE/LMAC_ETH_1G_xczu9eg/LMAC_ETH_1G.srcs/sources_1/bd/LMAC_ETH_1G/ipshared/ef1e/hdl/lib_cdc_v1_0_rfs.vhd:514]
	Parameter INIT bound to: 1'b0 
INFO: [Synth 8-113] binding component instance 'CROSS_PLEVEL_IN2SCNDRY_s_level_out_d2' to cell 'FDR' [/home/lewiz/sambashare/KIRATEY/RELEASE/LMAC_ETH_1G_xczu9eg/LMAC_ETH_1G.srcs/sources_1/bd/LMAC_ETH_1G/ipshared/ef1e/hdl/lib_cdc_v1_0_rfs.vhd:545]
	Parameter INIT bound to: 1'b0 
INFO: [Synth 8-113] binding component instance 'CROSS_PLEVEL_IN2SCNDRY_s_level_out_d3' to cell 'FDR' [/home/lewiz/sambashare/KIRATEY/RELEASE/LMAC_ETH_1G_xczu9eg/LMAC_ETH_1G.srcs/sources_1/bd/LMAC_ETH_1G/ipshared/ef1e/hdl/lib_cdc_v1_0_rfs.vhd:554]
	Parameter INIT bound to: 1'b0 
INFO: [Synth 8-113] binding component instance 'CROSS_PLEVEL_IN2SCNDRY_s_level_out_d4' to cell 'FDR' [/home/lewiz/sambashare/KIRATEY/RELEASE/LMAC_ETH_1G_xczu9eg/LMAC_ETH_1G.srcs/sources_1/bd/LMAC_ETH_1G/ipshared/ef1e/hdl/lib_cdc_v1_0_rfs.vhd:564]
	Parameter INIT bound to: 1'b0 
INFO: [Synth 8-113] binding component instance 'CROSS_PLEVEL_IN2SCNDRY_s_level_out_d5' to cell 'FDR' [/home/lewiz/sambashare/KIRATEY/RELEASE/LMAC_ETH_1G_xczu9eg/LMAC_ETH_1G.srcs/sources_1/bd/LMAC_ETH_1G/ipshared/ef1e/hdl/lib_cdc_v1_0_rfs.vhd:574]
	Parameter INIT bound to: 1'b0 
INFO: [Synth 8-113] binding component instance 'CROSS_PLEVEL_IN2SCNDRY_s_level_out_d6' to cell 'FDR' [/home/lewiz/sambashare/KIRATEY/RELEASE/LMAC_ETH_1G_xczu9eg/LMAC_ETH_1G.srcs/sources_1/bd/LMAC_ETH_1G/ipshared/ef1e/hdl/lib_cdc_v1_0_rfs.vhd:584]
INFO: [Synth 8-256] done synthesizing module 'cdc_sync' (2#1) [/home/lewiz/sambashare/KIRATEY/RELEASE/LMAC_ETH_1G_xczu9eg/LMAC_ETH_1G.srcs/sources_1/bd/LMAC_ETH_1G/ipshared/ef1e/hdl/lib_cdc_v1_0_rfs.vhd:106]
INFO: [Synth 8-256] done synthesizing module 'lpf' (3#1) [/home/lewiz/sambashare/KIRATEY/RELEASE/LMAC_ETH_1G_xczu9eg/LMAC_ETH_1G.srcs/sources_1/bd/LMAC_ETH_1G/ipshared/f86a/hdl/proc_sys_reset_v5_0_vh_rfs.vhd:816]
INFO: [Synth 8-638] synthesizing module 'sequence_psr' [/home/lewiz/sambashare/KIRATEY/RELEASE/LMAC_ETH_1G_xczu9eg/LMAC_ETH_1G.srcs/sources_1/bd/LMAC_ETH_1G/ipshared/f86a/hdl/proc_sys_reset_v5_0_vh_rfs.vhd:301]
INFO: [Synth 8-638] synthesizing module 'upcnt_n' [/home/lewiz/sambashare/KIRATEY/RELEASE/LMAC_ETH_1G_xczu9eg/LMAC_ETH_1G.srcs/sources_1/bd/LMAC_ETH_1G/ipshared/f86a/hdl/proc_sys_reset_v5_0_vh_rfs.vhd:125]
	Parameter C_SIZE bound to: 6 - type: integer 
INFO: [Synth 8-256] done synthesizing module 'upcnt_n' (4#1) [/home/lewiz/sambashare/KIRATEY/RELEASE/LMAC_ETH_1G_xczu9eg/LMAC_ETH_1G.srcs/sources_1/bd/LMAC_ETH_1G/ipshared/f86a/hdl/proc_sys_reset_v5_0_vh_rfs.vhd:125]
INFO: [Synth 8-256] done synthesizing module 'sequence_psr' (5#1) [/home/lewiz/sambashare/KIRATEY/RELEASE/LMAC_ETH_1G_xczu9eg/LMAC_ETH_1G.srcs/sources_1/bd/LMAC_ETH_1G/ipshared/f86a/hdl/proc_sys_reset_v5_0_vh_rfs.vhd:301]
INFO: [Synth 8-256] done synthesizing module 'proc_sys_reset' (6#1) [/home/lewiz/sambashare/KIRATEY/RELEASE/LMAC_ETH_1G_xczu9eg/LMAC_ETH_1G.srcs/sources_1/bd/LMAC_ETH_1G/ipshared/f86a/hdl/proc_sys_reset_v5_0_vh_rfs.vhd:1323]
INFO: [Synth 8-256] done synthesizing module 'LMAC_ETH_1G_rst_ps8_0_49M_1' (7#1) [/home/lewiz/sambashare/KIRATEY/RELEASE/LMAC_ETH_1G_xczu9eg/LMAC_ETH_1G.srcs/sources_1/bd/LMAC_ETH_1G/ip/LMAC_ETH_1G_rst_ps8_0_49M_1/synth/LMAC_ETH_1G_rst_ps8_0_49M_1.vhd:74]
WARNING: [Synth 8-3331] design cdc_sync has unconnected port prmry_aclk
WARNING: [Synth 8-3331] design cdc_sync has unconnected port prmry_resetn
WARNING: [Synth 8-3331] design cdc_sync has unconnected port prmry_vect_in[1]
WARNING: [Synth 8-3331] design cdc_sync has unconnected port prmry_vect_in[0]
WARNING: [Synth 8-3331] design cdc_sync has unconnected port scndry_resetn
---------------------------------------------------------------------------------
Finished RTL Elaboration : Time (s): cpu = 00:00:03 ; elapsed = 00:00:03 . Memory (MB): peak = 1797.211 ; gain = 0.000 ; free physical = 2878 ; free virtual = 8994
---------------------------------------------------------------------------------

Report Check Netlist: 
+------+------------------+-------+---------+-------+------------------+
|      |Item              |Errors |Warnings |Status |Description       |
+------+------------------+-------+---------+-------+------------------+
|1     |multi_driven_nets |      0|        0|Passed |Multi driven nets |
+------+------------------+-------+---------+-------+------------------+
---------------------------------------------------------------------------------
Start Handling Custom Attributes
---------------------------------------------------------------------------------
---------------------------------------------------------------------------------
Finished Handling Custom Attributes : Time (s): cpu = 00:00:03 ; elapsed = 00:00:04 . Memory (MB): peak = 1797.211 ; gain = 0.000 ; free physical = 2861 ; free virtual = 8977
---------------------------------------------------------------------------------
---------------------------------------------------------------------------------
Finished RTL Optimization Phase 1 : Time (s): cpu = 00:00:03 ; elapsed = 00:00:04 . Memory (MB): peak = 1797.211 ; gain = 0.000 ; free physical = 2861 ; free virtual = 8977
---------------------------------------------------------------------------------
INFO: [Netlist 29-17] Analyzing 13 Unisim elements for replacement
INFO: [Netlist 29-28] Unisim Transformation completed in 0 CPU seconds
INFO: [Device 21-403] Loading part xczu9eg-ffvb1156-2-e
INFO: [Project 1-570] Preparing netlist for logic optimization

Processing XDC Constraints
Initializing timing engine
Parsing XDC File [/home/lewiz/sambashare/KIRATEY/RELEASE/LMAC_ETH_1G_xczu9eg/LMAC_ETH_1G.srcs/sources_1/bd/LMAC_ETH_1G/ip/LMAC_ETH_1G_rst_ps8_0_49M_1/LMAC_ETH_1G_rst_ps8_0_49M_1_ooc.xdc] for cell 'U0'
Finished Parsing XDC File [/home/lewiz/sambashare/KIRATEY/RELEASE/LMAC_ETH_1G_xczu9eg/LMAC_ETH_1G.srcs/sources_1/bd/LMAC_ETH_1G/ip/LMAC_ETH_1G_rst_ps8_0_49M_1/LMAC_ETH_1G_rst_ps8_0_49M_1_ooc.xdc] for cell 'U0'
Parsing XDC File [/home/lewiz/sambashare/KIRATEY/RELEASE/LMAC_ETH_1G_xczu9eg/LMAC_ETH_1G.srcs/sources_1/bd/LMAC_ETH_1G/ip/LMAC_ETH_1G_rst_ps8_0_49M_1/LMAC_ETH_1G_rst_ps8_0_49M_1_board.xdc] for cell 'U0'
Finished Parsing XDC File [/home/lewiz/sambashare/KIRATEY/RELEASE/LMAC_ETH_1G_xczu9eg/LMAC_ETH_1G.srcs/sources_1/bd/LMAC_ETH_1G/ip/LMAC_ETH_1G_rst_ps8_0_49M_1/LMAC_ETH_1G_rst_ps8_0_49M_1_board.xdc] for cell 'U0'
Parsing XDC File [/home/lewiz/sambashare/KIRATEY/RELEASE/LMAC_ETH_1G_xczu9eg/LMAC_ETH_1G.srcs/sources_1/bd/LMAC_ETH_1G/ip/LMAC_ETH_1G_rst_ps8_0_49M_1/LMAC_ETH_1G_rst_ps8_0_49M_1.xdc] for cell 'U0'
Finished Parsing XDC File [/home/lewiz/sambashare/KIRATEY/RELEASE/LMAC_ETH_1G_xczu9eg/LMAC_ETH_1G.srcs/sources_1/bd/LMAC_ETH_1G/ip/LMAC_ETH_1G_rst_ps8_0_49M_1/LMAC_ETH_1G_rst_ps8_0_49M_1.xdc] for cell 'U0'
Parsing XDC File [/home/lewiz/sambashare/KIRATEY/RELEASE/LMAC_ETH_1G_xczu9eg/LMAC_ETH_1G.runs/LMAC_ETH_1G_rst_ps8_0_49M_1_synth_1/dont_touch.xdc]
Finished Parsing XDC File [/home/lewiz/sambashare/KIRATEY/RELEASE/LMAC_ETH_1G_xczu9eg/LMAC_ETH_1G.runs/LMAC_ETH_1G_rst_ps8_0_49M_1_synth_1/dont_touch.xdc]
Completed Processing XDC Constraints

INFO: [Project 1-111] Unisim Transformation Summary:
  A total of 13 instances were transformed.
  FDR => FDRE: 12 instances
  SRL16 => SRL16E: 1 instances

Constraint Validation Runtime : Time (s): cpu = 00:00:00.02 ; elapsed = 00:00:00.02 . Memory (MB): peak = 2494.664 ; gain = 0.000 ; free physical = 829 ; free virtual = 6951
---------------------------------------------------------------------------------
Finished Constraint Validation : Time (s): cpu = 00:00:18 ; elapsed = 00:00:28 . Memory (MB): peak = 2494.664 ; gain = 697.453 ; free physical = 900 ; free virtual = 7022
---------------------------------------------------------------------------------
---------------------------------------------------------------------------------
Start Loading Part and Timing Information
---------------------------------------------------------------------------------
Loading part: xczu9eg-ffvb1156-2-e
---------------------------------------------------------------------------------
Finished Loading Part and Timing Information : Time (s): cpu = 00:00:18 ; elapsed = 00:00:28 . Memory (MB): peak = 2494.664 ; gain = 697.453 ; free physical = 900 ; free virtual = 7022
---------------------------------------------------------------------------------
---------------------------------------------------------------------------------
Start Applying 'set_property' XDC Constraints
---------------------------------------------------------------------------------
Applied set_property DONT_TOUCH = true for U0. (constraint file  /home/lewiz/sambashare/KIRATEY/RELEASE/LMAC_ETH_1G_xczu9eg/LMAC_ETH_1G.runs/LMAC_ETH_1G_rst_ps8_0_49M_1_synth_1/dont_touch.xdc, line 9).
---------------------------------------------------------------------------------
Finished applying 'set_property' XDC Constraints : Time (s): cpu = 00:00:18 ; elapsed = 00:00:28 . Memory (MB): peak = 2494.664 ; gain = 697.453 ; free physical = 903 ; free virtual = 7025
---------------------------------------------------------------------------------
INFO: [Synth 8-4471] merging register 'seq_cnt_en_reg' into 'from_sys_reg' [/home/lewiz/sambashare/KIRATEY/RELEASE/LMAC_ETH_1G_xczu9eg/LMAC_ETH_1G.srcs/sources_1/bd/LMAC_ETH_1G/ipshared/f86a/hdl/proc_sys_reset_v5_0_vh_rfs.vhd:377]
WARNING: [Synth 8-6014] Unused sequential element seq_cnt_en_reg was removed.  [/home/lewiz/sambashare/KIRATEY/RELEASE/LMAC_ETH_1G_xczu9eg/LMAC_ETH_1G.srcs/sources_1/bd/LMAC_ETH_1G/ipshared/f86a/hdl/proc_sys_reset_v5_0_vh_rfs.vhd:377]
---------------------------------------------------------------------------------
Finished RTL Optimization Phase 2 : Time (s): cpu = 00:00:18 ; elapsed = 00:00:29 . Memory (MB): peak = 2494.664 ; gain = 697.453 ; free physical = 890 ; free virtual = 7012
---------------------------------------------------------------------------------

Report RTL Partitions: 
+-+--------------+------------+----------+
| |RTL Partition |Replication |Instances |
+-+--------------+------------+----------+
+-+--------------+------------+----------+
---------------------------------------------------------------------------------
Start RTL Component Statistics 
---------------------------------------------------------------------------------
Detailed RTL Component Info : 
+---Adders : 
	   2 Input      6 Bit       Adders := 1     
+---Registers : 
	                6 Bit    Registers := 1     
	                3 Bit    Registers := 3     
	                1 Bit    Registers := 8     
+---Muxes : 
	   2 Input      6 Bit        Muxes := 1     
	   2 Input      1 Bit        Muxes := 1     
---------------------------------------------------------------------------------
Finished RTL Component Statistics 
---------------------------------------------------------------------------------
---------------------------------------------------------------------------------
Start RTL Hierarchical Component Statistics 
---------------------------------------------------------------------------------
Hierarchical RTL Component report 
Module lpf 
Detailed RTL Component Info : 
+---Registers : 
	                1 Bit    Registers := 3     
Module upcnt_n 
Detailed RTL Component Info : 
+---Adders : 
	   2 Input      6 Bit       Adders := 1     
+---Registers : 
	                6 Bit    Registers := 1     
+---Muxes : 
	   2 Input      6 Bit        Muxes := 1     
	   2 Input      1 Bit        Muxes := 1     
Module sequence_psr 
Detailed RTL Component Info : 
+---Registers : 
	                3 Bit    Registers := 3     
	                1 Bit    Registers := 5     
---------------------------------------------------------------------------------
Finished RTL Hierarchical Component Statistics
---------------------------------------------------------------------------------
---------------------------------------------------------------------------------
Start Part Resource Summary
---------------------------------------------------------------------------------
Part Resources:
DSPs: 2520 (col length:168)
BRAMs: 1824 (col length: RAMB18 168 RAMB36 84)
---------------------------------------------------------------------------------
Finished Part Resource Summary
---------------------------------------------------------------------------------
---------------------------------------------------------------------------------
Start Cross Boundary and Area Optimization
---------------------------------------------------------------------------------
Warning: Parallel synthesis criteria is not met 
INFO: [Synth 8-3886] merging instance 'U0/SEQ/pr_dec_reg[1]' (FD) to 'U0/SEQ/bsr_dec_reg[1]'
INFO: [Synth 8-3886] merging instance 'U0/SEQ/bsr_dec_reg[1]' (FD) to 'U0/SEQ/core_dec_reg[1]'
WARNING: [Synth 8-3332] Sequential element (EXT_LPF/ACTIVE_LOW_EXT.ACT_LO_EXT/GENERATE_LEVEL_P_S_CDC.SINGLE_BIT.CROSS_PLEVEL_IN2SCNDRY_s_level_out_d5) is unused and will be removed from module proc_sys_reset.
WARNING: [Synth 8-3332] Sequential element (EXT_LPF/ACTIVE_LOW_EXT.ACT_LO_EXT/GENERATE_LEVEL_P_S_CDC.SINGLE_BIT.CROSS_PLEVEL_IN2SCNDRY_s_level_out_d6) is unused and will be removed from module proc_sys_reset.
WARNING: [Synth 8-3332] Sequential element (EXT_LPF/ACTIVE_LOW_AUX.ACT_LO_AUX/GENERATE_LEVEL_P_S_CDC.SINGLE_BIT.CROSS_PLEVEL_IN2SCNDRY_s_level_out_d5) is unused and will be removed from module proc_sys_reset.
WARNING: [Synth 8-3332] Sequential element (EXT_LPF/ACTIVE_LOW_AUX.ACT_LO_AUX/GENERATE_LEVEL_P_S_CDC.SINGLE_BIT.CROSS_PLEVEL_IN2SCNDRY_s_level_out_d6) is unused and will be removed from module proc_sys_reset.
---------------------------------------------------------------------------------
Finished Cross Boundary and Area Optimization : Time (s): cpu = 00:00:19 ; elapsed = 00:00:29 . Memory (MB): peak = 2494.664 ; gain = 697.453 ; free physical = 871 ; free virtual = 6994
---------------------------------------------------------------------------------

Report RTL Partitions: 
+-+--------------+------------+----------+
| |RTL Partition |Replication |Instances |
+-+--------------+------------+----------+
+-+--------------+------------+----------+
---------------------------------------------------------------------------------
Start Applying XDC Timing Constraints
---------------------------------------------------------------------------------
---------------------------------------------------------------------------------
Finished Applying XDC Timing Constraints : Time (s): cpu = 00:00:46 ; elapsed = 00:01:16 . Memory (MB): peak = 2714.328 ; gain = 917.117 ; free physical = 771 ; free virtual = 5722
---------------------------------------------------------------------------------
---------------------------------------------------------------------------------
Start Timing Optimization
---------------------------------------------------------------------------------
---------------------------------------------------------------------------------
Finished Timing Optimization : Time (s): cpu = 00:00:46 ; elapsed = 00:01:16 . Memory (MB): peak = 2714.328 ; gain = 917.117 ; free physical = 771 ; free virtual = 5721
---------------------------------------------------------------------------------

Report RTL Partitions: 
+-+--------------+------------+----------+
| |RTL Partition |Replication |Instances |
+-+--------------+------------+----------+
+-+--------------+------------+----------+
---------------------------------------------------------------------------------
Start Technology Mapping
---------------------------------------------------------------------------------
---------------------------------------------------------------------------------
Finished Technology Mapping : Time (s): cpu = 00:00:46 ; elapsed = 00:01:16 . Memory (MB): peak = 2723.344 ; gain = 926.133 ; free physical = 770 ; free virtual = 5720
---------------------------------------------------------------------------------

Report RTL Partitions: 
+-+--------------+------------+----------+
| |RTL Partition |Replication |Instances |
+-+--------------+------------+----------+
+-+--------------+------------+----------+
---------------------------------------------------------------------------------
Start IO Insertion
---------------------------------------------------------------------------------
---------------------------------------------------------------------------------
Start Flattening Before IO Insertion
---------------------------------------------------------------------------------
---------------------------------------------------------------------------------
Finished Flattening Before IO Insertion
---------------------------------------------------------------------------------
---------------------------------------------------------------------------------
Start Final Netlist Cleanup
---------------------------------------------------------------------------------
---------------------------------------------------------------------------------
Finished Final Netlist Cleanup
---------------------------------------------------------------------------------
---------------------------------------------------------------------------------
Finished IO Insertion : Time (s): cpu = 00:00:47 ; elapsed = 00:01:17 . Memory (MB): peak = 2723.344 ; gain = 926.133 ; free physical = 743 ; free virtual = 5693
---------------------------------------------------------------------------------

Report Check Netlist: 
+------+------------------+-------+---------+-------+------------------+
|      |Item              |Errors |Warnings |Status |Description       |
+------+------------------+-------+---------+-------+------------------+
|1     |multi_driven_nets |      0|        0|Passed |Multi driven nets |
+------+------------------+-------+---------+-------+------------------+
---------------------------------------------------------------------------------
Start Renaming Generated Instances
---------------------------------------------------------------------------------
---------------------------------------------------------------------------------
Finished Renaming Generated Instances : Time (s): cpu = 00:00:47 ; elapsed = 00:01:17 . Memory (MB): peak = 2723.344 ; gain = 926.133 ; free physical = 742 ; free virtual = 5693
---------------------------------------------------------------------------------

Report RTL Partitions: 
+-+--------------+------------+----------+
| |RTL Partition |Replication |Instances |
+-+--------------+------------+----------+
+-+--------------+------------+----------+
---------------------------------------------------------------------------------
Start Rebuilding User Hierarchy
---------------------------------------------------------------------------------
---------------------------------------------------------------------------------
Finished Rebuilding User Hierarchy : Time (s): cpu = 00:00:47 ; elapsed = 00:01:17 . Memory (MB): peak = 2723.344 ; gain = 926.133 ; free physical = 741 ; free virtual = 5692
---------------------------------------------------------------------------------
---------------------------------------------------------------------------------
Start Renaming Generated Ports
---------------------------------------------------------------------------------
---------------------------------------------------------------------------------
Finished Renaming Generated Ports : Time (s): cpu = 00:00:47 ; elapsed = 00:01:17 . Memory (MB): peak = 2723.344 ; gain = 926.133 ; free physical = 741 ; free virtual = 5692
---------------------------------------------------------------------------------
---------------------------------------------------------------------------------
Start Handling Custom Attributes
---------------------------------------------------------------------------------
---------------------------------------------------------------------------------
Finished Handling Custom Attributes : Time (s): cpu = 00:00:47 ; elapsed = 00:01:17 . Memory (MB): peak = 2723.344 ; gain = 926.133 ; free physical = 740 ; free virtual = 5691
---------------------------------------------------------------------------------
---------------------------------------------------------------------------------
Start Renaming Generated Nets
---------------------------------------------------------------------------------
---------------------------------------------------------------------------------
Finished Renaming Generated Nets : Time (s): cpu = 00:00:47 ; elapsed = 00:01:17 . Memory (MB): peak = 2723.344 ; gain = 926.133 ; free physical = 740 ; free virtual = 5690
---------------------------------------------------------------------------------
---------------------------------------------------------------------------------
Start Writing Synthesis Report
---------------------------------------------------------------------------------

Report BlackBoxes: 
+-+--------------+----------+
| |BlackBox name |Instances |
+-+--------------+----------+
+-+--------------+----------+

Report Cell Usage: 
+------+------+------+
|      |Cell  |Count |
+------+------+------+
|1     |LUT1  |     5|
|2     |LUT2  |     9|
|3     |LUT3  |     1|
|4     |LUT4  |     6|
|5     |LUT5  |     3|
|6     |LUT6  |     1|
|7     |SRL16 |     1|
|8     |FDR   |     8|
|9     |FDRE  |    28|
|10    |FDSE  |     4|
+------+------+------+

Report Instance Areas: 
+------+----------------------------------+---------------+------+
|      |Instance                          |Module         |Cells |
+------+----------------------------------+---------------+------+
|1     |top                               |               |    66|
|2     |  U0                              |proc_sys_reset |    66|
|3     |    EXT_LPF                       |lpf            |    23|
|4     |      \ACTIVE_LOW_AUX.ACT_LO_AUX  |cdc_sync       |     6|
|5     |      \ACTIVE_LOW_EXT.ACT_LO_EXT  |cdc_sync_0     |     6|
|6     |    SEQ                           |sequence_psr   |    38|
|7     |      SEQ_COUNTER                 |upcnt_n        |    13|
+------+----------------------------------+---------------+------+
---------------------------------------------------------------------------------
Finished Writing Synthesis Report : Time (s): cpu = 00:00:47 ; elapsed = 00:01:17 . Memory (MB): peak = 2723.344 ; gain = 926.133 ; free physical = 740 ; free virtual = 5690
---------------------------------------------------------------------------------
Synthesis finished with 0 errors, 0 critical warnings and 5 warnings.
Synthesis Optimization Runtime : Time (s): cpu = 00:00:33 ; elapsed = 00:00:54 . Memory (MB): peak = 2723.344 ; gain = 228.680 ; free physical = 766 ; free virtual = 5716
Synthesis Optimization Complete : Time (s): cpu = 00:00:47 ; elapsed = 00:01:17 . Memory (MB): peak = 2723.352 ; gain = 926.133 ; free physical = 775 ; free virtual = 5726
INFO: [Project 1-571] Translating synthesized netlist
INFO: [Netlist 29-17] Analyzing 9 Unisim elements for replacement
INFO: [Netlist 29-28] Unisim Transformation completed in 0 CPU seconds
INFO: [Project 1-570] Preparing netlist for logic optimization
INFO: [Opt 31-138] Pushed 0 inverter(s) to 0 load pin(s).
INFO: [Project 1-111] Unisim Transformation Summary:
  A total of 9 instances were transformed.
  FDR => FDRE: 8 instances
  SRL16 => SRL16E: 1 instances

INFO: [Common 17-83] Releasing license: Synthesis
44 Infos, 10 Warnings, 0 Critical Warnings and 0 Errors encountered.
synth_design completed successfully
synth_design: Time (s): cpu = 00:00:49 ; elapsed = 00:01:18 . Memory (MB): peak = 2787.992 ; gain = 998.785 ; free physical = 556 ; free virtual = 5507
WARNING: [Constraints 18-5210] No constraint will be written out.
INFO: [Common 17-1381] The checkpoint '/home/lewiz/sambashare/KIRATEY/RELEASE/LMAC_ETH_1G_xczu9eg/LMAC_ETH_1G.runs/LMAC_ETH_1G_rst_ps8_0_49M_1_synth_1/LMAC_ETH_1G_rst_ps8_0_49M_1.dcp' has been generated.
write_verilog: Time (s): cpu = 00:00:00.05 ; elapsed = 00:00:05 . Memory (MB): peak = 2812.004 ; gain = 0.000 ; free physical = 174 ; free virtual = 4533
