
*** Running vivado
    with args -log LMAC_ETH_1G_xlconstant_3_0.vds -m64 -product Vivado -mode batch -messageDb vivado.pb -notrace -source LMAC_ETH_1G_xlconstant_3_0.tcl


****** Vivado v2018.2 (64-bit)
  **** SW Build 2258646 on Thu Jun 14 20:02:38 MDT 2018
  **** IP Build 2256618 on Thu Jun 14 22:10:49 MDT 2018
    ** Copyright 1986-2018 Xilinx, Inc. All Rights Reserved.

source LMAC_ETH_1G_xlconstant_3_0.tcl -notrace
Command: synth_design -top LMAC_ETH_1G_xlconstant_3_0 -part xczu15eg-ffvb1156-2-e -mode out_of_context
Starting synth_design
Attempting to get a license for feature 'Synthesis' and/or device 'xczu15eg'
INFO: [Common 17-349] Got license for feature 'Synthesis' and/or device 'xczu15eg'
INFO: [Common 17-86] Your Synthesis license expires in 25 day(s)
INFO: Launching helper process for spawning children vivado processes
INFO: Helper process launched with PID 1818 
---------------------------------------------------------------------------------
Starting RTL Elaboration : Time (s): cpu = 00:00:02 ; elapsed = 00:00:02 . Memory (MB): peak = 1796.215 ; gain = 0.000 ; free physical = 3030 ; free virtual = 11437
---------------------------------------------------------------------------------
INFO: [Synth 8-6157] synthesizing module 'LMAC_ETH_1G_xlconstant_3_0' [/home/lewiz/sambashare/KIRATEY/RELEASE/LMAC_ETH_1G/LMAC_ETH_1G.srcs/sources_1/bd/LMAC_ETH_1G/ip/LMAC_ETH_1G_xlconstant_3_0/synth/LMAC_ETH_1G_xlconstant_3_0.v:57]
INFO: [Synth 8-6157] synthesizing module 'xlconstant_v1_1_5_xlconstant' [/home/lewiz/sambashare/KIRATEY/RELEASE/LMAC_ETH_1G/LMAC_ETH_1G.srcs/sources_1/bd/LMAC_ETH_1G/ipshared/f1c3/hdl/xlconstant_v1_1_vl_rfs.v:23]
	Parameter CONST_VAL bound to: 0 - type: integer 
	Parameter CONST_WIDTH bound to: 1 - type: integer 
INFO: [Synth 8-6155] done synthesizing module 'xlconstant_v1_1_5_xlconstant' (1#1) [/home/lewiz/sambashare/KIRATEY/RELEASE/LMAC_ETH_1G/LMAC_ETH_1G.srcs/sources_1/bd/LMAC_ETH_1G/ipshared/f1c3/hdl/xlconstant_v1_1_vl_rfs.v:23]
INFO: [Synth 8-6155] done synthesizing module 'LMAC_ETH_1G_xlconstant_3_0' (2#1) [/home/lewiz/sambashare/KIRATEY/RELEASE/LMAC_ETH_1G/LMAC_ETH_1G.srcs/sources_1/bd/LMAC_ETH_1G/ip/LMAC_ETH_1G_xlconstant_3_0/synth/LMAC_ETH_1G_xlconstant_3_0.v:57]
---------------------------------------------------------------------------------
Finished RTL Elaboration : Time (s): cpu = 00:00:02 ; elapsed = 00:00:03 . Memory (MB): peak = 1796.215 ; gain = 0.000 ; free physical = 3037 ; free virtual = 11445
---------------------------------------------------------------------------------

Report Check Netlist: 
+------+------------------+-------+---------+-------+------------------+
|      |Item              |Errors |Warnings |Status |Description       |
+------+------------------+-------+---------+-------+------------------+
|1     |multi_driven_nets |      0|        0|Passed |Multi driven nets |
+------+------------------+-------+---------+-------+------------------+
---------------------------------------------------------------------------------
Start Handling Custom Attributes
---------------------------------------------------------------------------------
---------------------------------------------------------------------------------
Finished Handling Custom Attributes : Time (s): cpu = 00:00:02 ; elapsed = 00:00:03 . Memory (MB): peak = 1796.215 ; gain = 0.000 ; free physical = 3035 ; free virtual = 11443
---------------------------------------------------------------------------------
---------------------------------------------------------------------------------
Finished RTL Optimization Phase 1 : Time (s): cpu = 00:00:02 ; elapsed = 00:00:03 . Memory (MB): peak = 1796.215 ; gain = 0.000 ; free physical = 3035 ; free virtual = 11443
---------------------------------------------------------------------------------
INFO: [Device 21-403] Loading part xczu15eg-ffvb1156-2-e
INFO: [Project 1-570] Preparing netlist for logic optimization

Processing XDC Constraints
Initializing timing engine
Completed Processing XDC Constraints

INFO: [Project 1-111] Unisim Transformation Summary:
No Unisim elements were transformed.

WARNING: [Constraints 18-5210] No constraint will be written out.
Constraint Validation Runtime : Time (s): cpu = 00:00:00.07 ; elapsed = 00:00:00.09 . Memory (MB): peak = 2555.105 ; gain = 0.000 ; free physical = 2879 ; free virtual = 11285
---------------------------------------------------------------------------------
Finished Constraint Validation : Time (s): cpu = 00:00:18 ; elapsed = 00:00:29 . Memory (MB): peak = 2555.105 ; gain = 758.891 ; free physical = 2967 ; free virtual = 11373
---------------------------------------------------------------------------------
---------------------------------------------------------------------------------
Start Loading Part and Timing Information
---------------------------------------------------------------------------------
Loading part: xczu15eg-ffvb1156-2-e
---------------------------------------------------------------------------------
Finished Loading Part and Timing Information : Time (s): cpu = 00:00:18 ; elapsed = 00:00:29 . Memory (MB): peak = 2555.105 ; gain = 758.891 ; free physical = 2966 ; free virtual = 11372
---------------------------------------------------------------------------------
---------------------------------------------------------------------------------
Start Applying 'set_property' XDC Constraints
---------------------------------------------------------------------------------
---------------------------------------------------------------------------------
Finished applying 'set_property' XDC Constraints : Time (s): cpu = 00:00:18 ; elapsed = 00:00:29 . Memory (MB): peak = 2555.105 ; gain = 758.891 ; free physical = 2966 ; free virtual = 11372
---------------------------------------------------------------------------------
---------------------------------------------------------------------------------
Finished RTL Optimization Phase 2 : Time (s): cpu = 00:00:18 ; elapsed = 00:00:29 . Memory (MB): peak = 2555.105 ; gain = 758.891 ; free physical = 2966 ; free virtual = 11372
---------------------------------------------------------------------------------

Report RTL Partitions: 
+-+--------------+------------+----------+
| |RTL Partition |Replication |Instances |
+-+--------------+------------+----------+
+-+--------------+------------+----------+
---------------------------------------------------------------------------------
Start RTL Component Statistics 
---------------------------------------------------------------------------------
Detailed RTL Component Info : 
---------------------------------------------------------------------------------
Finished RTL Component Statistics 
---------------------------------------------------------------------------------
---------------------------------------------------------------------------------
Start RTL Hierarchical Component Statistics 
---------------------------------------------------------------------------------
Hierarchical RTL Component report 
---------------------------------------------------------------------------------
Finished RTL Hierarchical Component Statistics
---------------------------------------------------------------------------------
---------------------------------------------------------------------------------
Start Part Resource Summary
---------------------------------------------------------------------------------
Part Resources:
DSPs: 3528 (col length:168)
BRAMs: 1488 (col length: RAMB18 168 RAMB36 84)
---------------------------------------------------------------------------------
Finished Part Resource Summary
---------------------------------------------------------------------------------
---------------------------------------------------------------------------------
Start Cross Boundary and Area Optimization
---------------------------------------------------------------------------------
Warning: Parallel synthesis criteria is not met 
WARNING: [Synth 8-3330] design LMAC_ETH_1G_xlconstant_3_0 has an empty top module
INFO: [Synth 8-3917] design LMAC_ETH_1G_xlconstant_3_0 has port dout[0] driven by constant 0
---------------------------------------------------------------------------------
Finished Cross Boundary and Area Optimization : Time (s): cpu = 00:00:19 ; elapsed = 00:00:29 . Memory (MB): peak = 2555.105 ; gain = 758.891 ; free physical = 2957 ; free virtual = 11364
---------------------------------------------------------------------------------

Report RTL Partitions: 
+-+--------------+------------+----------+
| |RTL Partition |Replication |Instances |
+-+--------------+------------+----------+
+-+--------------+------------+----------+
---------------------------------------------------------------------------------
Start Applying XDC Timing Constraints
---------------------------------------------------------------------------------
---------------------------------------------------------------------------------
Finished Applying XDC Timing Constraints : Time (s): cpu = 00:00:48 ; elapsed = 00:01:19 . Memory (MB): peak = 2770.652 ; gain = 974.438 ; free physical = 767 ; free virtual = 9177
---------------------------------------------------------------------------------
---------------------------------------------------------------------------------
Start Timing Optimization
---------------------------------------------------------------------------------
---------------------------------------------------------------------------------
Finished Timing Optimization : Time (s): cpu = 00:00:48 ; elapsed = 00:01:19 . Memory (MB): peak = 2770.652 ; gain = 974.438 ; free physical = 767 ; free virtual = 9177
---------------------------------------------------------------------------------

Report RTL Partitions: 
+-+--------------+------------+----------+
| |RTL Partition |Replication |Instances |
+-+--------------+------------+----------+
+-+--------------+------------+----------+
---------------------------------------------------------------------------------
Start Technology Mapping
---------------------------------------------------------------------------------
---------------------------------------------------------------------------------
Finished Technology Mapping : Time (s): cpu = 00:00:48 ; elapsed = 00:01:19 . Memory (MB): peak = 2770.652 ; gain = 974.438 ; free physical = 764 ; free virtual = 9174
---------------------------------------------------------------------------------

Report RTL Partitions: 
+-+--------------+------------+----------+
| |RTL Partition |Replication |Instances |
+-+--------------+------------+----------+
+-+--------------+------------+----------+
---------------------------------------------------------------------------------
Start IO Insertion
---------------------------------------------------------------------------------
---------------------------------------------------------------------------------
Start Flattening Before IO Insertion
---------------------------------------------------------------------------------
---------------------------------------------------------------------------------
Finished Flattening Before IO Insertion
---------------------------------------------------------------------------------
---------------------------------------------------------------------------------
Start Final Netlist Cleanup
---------------------------------------------------------------------------------
---------------------------------------------------------------------------------
Finished Final Netlist Cleanup
---------------------------------------------------------------------------------
---------------------------------------------------------------------------------
Finished IO Insertion : Time (s): cpu = 00:00:48 ; elapsed = 00:01:19 . Memory (MB): peak = 2770.652 ; gain = 974.438 ; free physical = 715 ; free virtual = 9125
---------------------------------------------------------------------------------

Report Check Netlist: 
+------+------------------+-------+---------+-------+------------------+
|      |Item              |Errors |Warnings |Status |Description       |
+------+------------------+-------+---------+-------+------------------+
|1     |multi_driven_nets |      0|        0|Passed |Multi driven nets |
+------+------------------+-------+---------+-------+------------------+
---------------------------------------------------------------------------------
Start Renaming Generated Instances
---------------------------------------------------------------------------------
---------------------------------------------------------------------------------
Finished Renaming Generated Instances : Time (s): cpu = 00:00:48 ; elapsed = 00:01:19 . Memory (MB): peak = 2770.652 ; gain = 974.438 ; free physical = 715 ; free virtual = 9125
---------------------------------------------------------------------------------

Report RTL Partitions: 
+-+--------------+------------+----------+
| |RTL Partition |Replication |Instances |
+-+--------------+------------+----------+
+-+--------------+------------+----------+
---------------------------------------------------------------------------------
Start Rebuilding User Hierarchy
---------------------------------------------------------------------------------
---------------------------------------------------------------------------------
Finished Rebuilding User Hierarchy : Time (s): cpu = 00:00:48 ; elapsed = 00:01:19 . Memory (MB): peak = 2770.652 ; gain = 974.438 ; free physical = 715 ; free virtual = 9125
---------------------------------------------------------------------------------
---------------------------------------------------------------------------------
Start Renaming Generated Ports
---------------------------------------------------------------------------------
---------------------------------------------------------------------------------
Finished Renaming Generated Ports : Time (s): cpu = 00:00:48 ; elapsed = 00:01:19 . Memory (MB): peak = 2770.652 ; gain = 974.438 ; free physical = 715 ; free virtual = 9125
---------------------------------------------------------------------------------
---------------------------------------------------------------------------------
Start Handling Custom Attributes
---------------------------------------------------------------------------------
---------------------------------------------------------------------------------
Finished Handling Custom Attributes : Time (s): cpu = 00:00:48 ; elapsed = 00:01:19 . Memory (MB): peak = 2771.652 ; gain = 975.438 ; free physical = 715 ; free virtual = 9125
---------------------------------------------------------------------------------
---------------------------------------------------------------------------------
Start Renaming Generated Nets
---------------------------------------------------------------------------------
---------------------------------------------------------------------------------
Finished Renaming Generated Nets : Time (s): cpu = 00:00:48 ; elapsed = 00:01:19 . Memory (MB): peak = 2771.652 ; gain = 975.438 ; free physical = 715 ; free virtual = 9125
---------------------------------------------------------------------------------
---------------------------------------------------------------------------------
Start Writing Synthesis Report
---------------------------------------------------------------------------------

Report BlackBoxes: 
+-+--------------+----------+
| |BlackBox name |Instances |
+-+--------------+----------+
+-+--------------+----------+

Report Cell Usage: 
+-+-----+------+
| |Cell |Count |
+-+-----+------+
+-+-----+------+

Report Instance Areas: 
+------+---------+-------+------+
|      |Instance |Module |Cells |
+------+---------+-------+------+
|1     |top      |       |     0|
+------+---------+-------+------+
---------------------------------------------------------------------------------
Finished Writing Synthesis Report : Time (s): cpu = 00:00:48 ; elapsed = 00:01:19 . Memory (MB): peak = 2771.652 ; gain = 975.438 ; free physical = 715 ; free virtual = 9125
---------------------------------------------------------------------------------
Synthesis finished with 0 errors, 0 critical warnings and 1 warnings.
Synthesis Optimization Runtime : Time (s): cpu = 00:00:34 ; elapsed = 00:00:56 . Memory (MB): peak = 2771.652 ; gain = 216.547 ; free physical = 750 ; free virtual = 9160
Synthesis Optimization Complete : Time (s): cpu = 00:00:48 ; elapsed = 00:01:19 . Memory (MB): peak = 2771.660 ; gain = 975.438 ; free physical = 750 ; free virtual = 9160
INFO: [Project 1-571] Translating synthesized netlist
INFO: [Project 1-570] Preparing netlist for logic optimization
INFO: [Opt 31-138] Pushed 0 inverter(s) to 0 load pin(s).
INFO: [Project 1-111] Unisim Transformation Summary:
No Unisim elements were transformed.

INFO: [Common 17-83] Releasing license: Synthesis
15 Infos, 2 Warnings, 0 Critical Warnings and 0 Errors encountered.
synth_design completed successfully
synth_design: Time (s): cpu = 00:00:50 ; elapsed = 00:01:21 . Memory (MB): peak = 2827.113 ; gain = 1038.902 ; free physical = 693 ; free virtual = 9103
WARNING: [Constraints 18-5210] No constraint will be written out.
INFO: [Common 17-1381] The checkpoint '/home/lewiz/sambashare/KIRATEY/RELEASE/LMAC_ETH_1G/LMAC_ETH_1G.runs/LMAC_ETH_1G_xlconstant_3_0_synth_1/LMAC_ETH_1G_xlconstant_3_0.dcp' has been generated.
INFO: [Coretcl 2-1482] Added synthesis output to IP cache for IP /home/lewiz/sambashare/KIRATEY/RELEASE/LMAC_ETH_1G/LMAC_ETH_1G.srcs/sources_1/bd/LMAC_ETH_1G/ip/LMAC_ETH_1G_xlconstant_3_0/LMAC_ETH_1G_xlconstant_3_0.xci
WARNING: [Constraints 18-5210] No constraint will be written out.
INFO: [Common 17-1381] The checkpoint '/home/lewiz/sambashare/KIRATEY/RELEASE/LMAC_ETH_1G/LMAC_ETH_1G.runs/LMAC_ETH_1G_xlconstant_3_0_synth_1/LMAC_ETH_1G_xlconstant_3_0.dcp' has been generated.
INFO: [runtcl-4] Executing : report_utilization -file LMAC_ETH_1G_xlconstant_3_0_utilization_synth.rpt -pb LMAC_ETH_1G_xlconstant_3_0_utilization_synth.pb
report_utilization: Time (s): cpu = 00:00:00.29 ; elapsed = 00:00:00.35 . Memory (MB): peak = 2827.113 ; gain = 0.000 ; free physical = 664 ; free virtual = 9075
INFO: [Common 17-206] Exiting Vivado at Sun Apr  7 08:43:14 2019...
