Copyright 1986-2018 Xilinx, Inc. All Rights Reserved.
-------------------------------------------------------------------------------------------------------------------------------------
| Tool Version : Vivado v.2018.2 (lin64) Build 2258646 Thu Jun 14 20:02:38 MDT 2018
| Date         : Sun Apr  7 14:34:18 2019
| Host         : ubeluga running 64-bit Ubuntu 18.04.4 LTS
| Command      : report_utilization -file LMAC_ETH_1G_axi_smc_1_utilization_synth.rpt -pb LMAC_ETH_1G_axi_smc_1_utilization_synth.pb
| Design       : LMAC_ETH_1G_axi_smc_1
| Device       : xczu9egffvb1156-2
| Design State : Synthesized
-------------------------------------------------------------------------------------------------------------------------------------

Utilization Design Information

Table of Contents
-----------------
1. CLB Logic
1.1 Summary of Registers by Type
2. BLOCKRAM
3. ARITHMETIC
4. I/O
5. CLOCK
6. ADVANCED
7. CONFIGURATION
8. Primitives
9. Black Boxes
10. Instantiated Netlists

1. CLB Logic
------------

+----------------------------+------+-------+-----------+-------+
|          Site Type         | Used | Fixed | Available | Util% |
+----------------------------+------+-------+-----------+-------+
| CLB LUTs*                  | 4422 |     0 |    274080 |  1.61 |
|   LUT as Logic             | 3185 |     0 |    274080 |  1.16 |
|   LUT as Memory            | 1237 |     0 |    144000 |  0.86 |
|     LUT as Distributed RAM | 1188 |     0 |           |       |
|     LUT as Shift Register  |   49 |     0 |           |       |
| CLB Registers              | 6746 |     0 |    548160 |  1.23 |
|   Register as Flip Flop    | 6746 |     0 |    548160 |  1.23 |
|   Register as Latch        |    0 |     0 |    548160 |  0.00 |
| CARRY8                     |    0 |     0 |     34260 |  0.00 |
| F7 Muxes                   |    0 |     0 |    137040 |  0.00 |
| F8 Muxes                   |    0 |     0 |     68520 |  0.00 |
| F9 Muxes                   |    0 |     0 |     34260 |  0.00 |
+----------------------------+------+-------+-----------+-------+
* Warning! The Final LUT count, after physical optimizations and full implementation, is typically lower. Run opt_design after synthesis, if not already completed, for a more realistic count.


1.1 Summary of Registers by Type
--------------------------------

+-------+--------------+-------------+--------------+
| Total | Clock Enable | Synchronous | Asynchronous |
+-------+--------------+-------------+--------------+
| 0     |            _ |           - |            - |
| 0     |            _ |           - |          Set |
| 0     |            _ |           - |        Reset |
| 0     |            _ |         Set |            - |
| 0     |            _ |       Reset |            - |
| 0     |          Yes |           - |            - |
| 0     |          Yes |           - |          Set |
| 0     |          Yes |           - |        Reset |
| 225   |          Yes |         Set |            - |
| 6521  |          Yes |       Reset |            - |
+-------+--------------+-------------+--------------+


2. BLOCKRAM
-----------

+----------------+------+-------+-----------+-------+
|    Site Type   | Used | Fixed | Available | Util% |
+----------------+------+-------+-----------+-------+
| Block RAM Tile |    0 |     0 |       912 |  0.00 |
|   RAMB36/FIFO* |    0 |     0 |       912 |  0.00 |
|   RAMB18       |    0 |     0 |      1824 |  0.00 |
+----------------+------+-------+-----------+-------+
* Note: Each Block RAM Tile only has one FIFO logic available and therefore can accommodate only one FIFO36E2 or one FIFO18E2. However, if a FIFO18E2 occupies a Block RAM Tile, that tile can still accommodate a RAMB18E2


3. ARITHMETIC
-------------

+-----------+------+-------+-----------+-------+
| Site Type | Used | Fixed | Available | Util% |
+-----------+------+-------+-----------+-------+
| DSPs      |    0 |     0 |      2520 |  0.00 |
+-----------+------+-------+-----------+-------+


4. I/O
------

+------------+------+-------+-----------+-------+
|  Site Type | Used | Fixed | Available | Util% |
+------------+------+-------+-----------+-------+
| Bonded IOB |    0 |     0 |       328 |  0.00 |
+------------+------+-------+-----------+-------+


5. CLOCK
--------

+----------------------+------+-------+-----------+-------+
|       Site Type      | Used | Fixed | Available | Util% |
+----------------------+------+-------+-----------+-------+
| GLOBAL CLOCK BUFFERs |    0 |     0 |       404 |  0.00 |
|   BUFGCE             |    0 |     0 |       116 |  0.00 |
|   BUFGCE_DIV         |    0 |     0 |        16 |  0.00 |
|   BUFG_GT            |    0 |     0 |       168 |  0.00 |
|   BUFG_PS            |    0 |     0 |        72 |  0.00 |
|   BUFGCTRL*          |    0 |     0 |        32 |  0.00 |
| PLL                  |    0 |     0 |         8 |  0.00 |
| MMCM                 |    0 |     0 |         4 |  0.00 |
+----------------------+------+-------+-----------+-------+
* Note: Each used BUFGCTRL counts as two global buffer resources. This table does not include global clocking resources, only buffer cell usage. See the Clock Utilization Report (report_clock_utilization) for detailed accounting of global clocking resource availability.


6. ADVANCED
-----------

+-----------------+------+-------+-----------+-------+
|    Site Type    | Used | Fixed | Available | Util% |
+-----------------+------+-------+-----------+-------+
| GTHE4_CHANNEL   |    0 |     0 |        24 |  0.00 |
| GTHE4_COMMON    |    0 |     0 |         6 |  0.00 |
| OBUFDS_GTE4     |    0 |     0 |        12 |  0.00 |
| OBUFDS_GTE4_ADV |    0 |     0 |        12 |  0.00 |
| PS8             |    0 |     0 |         1 |  0.00 |
| SYSMONE4        |    0 |     0 |         1 |  0.00 |
+-----------------+------+-------+-----------+-------+


7. CONFIGURATION
----------------

+-------------+------+-------+-----------+-------+
|  Site Type  | Used | Fixed | Available | Util% |
+-------------+------+-------+-----------+-------+
| BSCANE2     |    0 |     0 |         4 |  0.00 |
| DNA_PORTE2  |    0 |     0 |         1 |  0.00 |
| EFUSE_USR   |    0 |     0 |         1 |  0.00 |
| FRAME_ECCE4 |    0 |     0 |         1 |  0.00 |
| ICAPE3      |    0 |     0 |         2 |  0.00 |
| MASTER_JTAG |    0 |     0 |         1 |  0.00 |
| STARTUPE3   |    0 |     0 |         1 |  0.00 |
+-------------+------+-------+-----------+-------+


8. Primitives
-------------

+----------+------+---------------------+
| Ref Name | Used | Functional Category |
+----------+------+---------------------+
| FDRE     | 6521 |            Register |
| RAMD32   | 2064 |                 CLB |
| LUT3     | 1631 |                 CLB |
| LUT4     |  888 |                 CLB |
| LUT5     |  657 |                 CLB |
| LUT6     |  607 |                 CLB |
| LUT2     |  440 |                 CLB |
| RAMS32   |  292 |                 CLB |
| FDSE     |  225 |            Register |
| LUT1     |  194 |                 CLB |
| SRLC32E  |   48 |                 CLB |
| SRL16E   |    1 |                 CLB |
+----------+------+---------------------+


9. Black Boxes
--------------

+----------+------+
| Ref Name | Used |
+----------+------+


10. Instantiated Netlists
-------------------------

+----------+------+
| Ref Name | Used |
+----------+------+


