
*** Running vivado
    with args -log LMAC_ETH_1G_xlconstant_2_0.vds -m64 -product Vivado -mode batch -messageDb vivado.pb -notrace -source LMAC_ETH_1G_xlconstant_2_0.tcl


****** Vivado v2018.2 (64-bit)
  **** SW Build 2258646 on Thu Jun 14 20:02:38 MDT 2018
  **** IP Build 2256618 on Thu Jun 14 22:10:49 MDT 2018
    ** Copyright 1986-2018 Xilinx, Inc. All Rights Reserved.

source LMAC_ETH_1G_xlconstant_2_0.tcl -notrace
Command: synth_design -top LMAC_ETH_1G_xlconstant_2_0 -part xczu15eg-ffvb1156-2-e -mode out_of_context
Starting synth_design
Attempting to get a license for feature 'Synthesis' and/or device 'xczu15eg'
INFO: [Common 17-349] Got license for feature 'Synthesis' and/or device 'xczu15eg'
INFO: [Common 17-86] Your Synthesis license expires in 25 day(s)
INFO: Launching helper process for spawning children vivado processes
INFO: Helper process launched with PID 1642 
---------------------------------------------------------------------------------
Starting RTL Elaboration : Time (s): cpu = 00:00:02 ; elapsed = 00:00:02 . Memory (MB): peak = 1796.219 ; gain = 0.000 ; free physical = 3133 ; free virtual = 11466
---------------------------------------------------------------------------------
INFO: [Synth 8-6157] synthesizing module 'LMAC_ETH_1G_xlconstant_2_0' [/home/lewiz/sambashare/KIRATEY/RELEASE/LMAC_ETH_1G/LMAC_ETH_1G.srcs/sources_1/bd/LMAC_ETH_1G/ip/LMAC_ETH_1G_xlconstant_2_0/synth/LMAC_ETH_1G_xlconstant_2_0.v:57]
INFO: [Synth 8-6157] synthesizing module 'xlconstant_v1_1_5_xlconstant' [/home/lewiz/sambashare/KIRATEY/RELEASE/LMAC_ETH_1G/LMAC_ETH_1G.srcs/sources_1/bd/LMAC_ETH_1G/ipshared/f1c3/hdl/xlconstant_v1_1_vl_rfs.v:23]
	Parameter CONST_VAL bound to: 33 - type: integer 
	Parameter CONST_WIDTH bound to: 16 - type: integer 
INFO: [Synth 8-6155] done synthesizing module 'xlconstant_v1_1_5_xlconstant' (1#1) [/home/lewiz/sambashare/KIRATEY/RELEASE/LMAC_ETH_1G/LMAC_ETH_1G.srcs/sources_1/bd/LMAC_ETH_1G/ipshared/f1c3/hdl/xlconstant_v1_1_vl_rfs.v:23]
INFO: [Synth 8-6155] done synthesizing module 'LMAC_ETH_1G_xlconstant_2_0' (2#1) [/home/lewiz/sambashare/KIRATEY/RELEASE/LMAC_ETH_1G/LMAC_ETH_1G.srcs/sources_1/bd/LMAC_ETH_1G/ip/LMAC_ETH_1G_xlconstant_2_0/synth/LMAC_ETH_1G_xlconstant_2_0.v:57]
---------------------------------------------------------------------------------
Finished RTL Elaboration : Time (s): cpu = 00:00:02 ; elapsed = 00:00:03 . Memory (MB): peak = 1796.219 ; gain = 0.000 ; free physical = 2991 ; free virtual = 11324
---------------------------------------------------------------------------------

Report Check Netlist: 
+------+------------------+-------+---------+-------+------------------+
|      |Item              |Errors |Warnings |Status |Description       |
+------+------------------+-------+---------+-------+------------------+
|1     |multi_driven_nets |      0|        0|Passed |Multi driven nets |
+------+------------------+-------+---------+-------+------------------+
---------------------------------------------------------------------------------
Start Handling Custom Attributes
---------------------------------------------------------------------------------
---------------------------------------------------------------------------------
Finished Handling Custom Attributes : Time (s): cpu = 00:00:02 ; elapsed = 00:00:03 . Memory (MB): peak = 1796.219 ; gain = 0.000 ; free physical = 2827 ; free virtual = 11160
---------------------------------------------------------------------------------
---------------------------------------------------------------------------------
Finished RTL Optimization Phase 1 : Time (s): cpu = 00:00:02 ; elapsed = 00:00:03 . Memory (MB): peak = 1796.219 ; gain = 0.000 ; free physical = 2827 ; free virtual = 11160
---------------------------------------------------------------------------------
INFO: [Device 21-403] Loading part xczu15eg-ffvb1156-2-e
INFO: [Project 1-570] Preparing netlist for logic optimization

Processing XDC Constraints
Initializing timing engine
Completed Processing XDC Constraints

INFO: [Project 1-111] Unisim Transformation Summary:
No Unisim elements were transformed.

WARNING: [Constraints 18-5210] No constraint will be written out.
Constraint Validation Runtime : Time (s): cpu = 00:00:00.08 ; elapsed = 00:00:00.11 . Memory (MB): peak = 2555.109 ; gain = 0.000 ; free physical = 1779 ; free virtual = 10117
---------------------------------------------------------------------------------
Finished Constraint Validation : Time (s): cpu = 00:00:17 ; elapsed = 00:00:27 . Memory (MB): peak = 2555.109 ; gain = 758.891 ; free physical = 1734 ; free virtual = 10073
---------------------------------------------------------------------------------
---------------------------------------------------------------------------------
Start Loading Part and Timing Information
---------------------------------------------------------------------------------
Loading part: xczu15eg-ffvb1156-2-e
---------------------------------------------------------------------------------
Finished Loading Part and Timing Information : Time (s): cpu = 00:00:17 ; elapsed = 00:00:27 . Memory (MB): peak = 2555.109 ; gain = 758.891 ; free physical = 1734 ; free virtual = 10073
---------------------------------------------------------------------------------
---------------------------------------------------------------------------------
Start Applying 'set_property' XDC Constraints
---------------------------------------------------------------------------------
---------------------------------------------------------------------------------
Finished applying 'set_property' XDC Constraints : Time (s): cpu = 00:00:17 ; elapsed = 00:00:27 . Memory (MB): peak = 2555.109 ; gain = 758.891 ; free physical = 1734 ; free virtual = 10073
---------------------------------------------------------------------------------
---------------------------------------------------------------------------------
Finished RTL Optimization Phase 2 : Time (s): cpu = 00:00:17 ; elapsed = 00:00:27 . Memory (MB): peak = 2555.109 ; gain = 758.891 ; free physical = 1732 ; free virtual = 10071
---------------------------------------------------------------------------------

Report RTL Partitions: 
+-+--------------+------------+----------+
| |RTL Partition |Replication |Instances |
+-+--------------+------------+----------+
+-+--------------+------------+----------+
---------------------------------------------------------------------------------
Start RTL Component Statistics 
---------------------------------------------------------------------------------
Detailed RTL Component Info : 
---------------------------------------------------------------------------------
Finished RTL Component Statistics 
---------------------------------------------------------------------------------
---------------------------------------------------------------------------------
Start RTL Hierarchical Component Statistics 
---------------------------------------------------------------------------------
Hierarchical RTL Component report 
---------------------------------------------------------------------------------
Finished RTL Hierarchical Component Statistics
---------------------------------------------------------------------------------
---------------------------------------------------------------------------------
Start Part Resource Summary
---------------------------------------------------------------------------------
Part Resources:
DSPs: 3528 (col length:168)
BRAMs: 1488 (col length: RAMB18 168 RAMB36 84)
---------------------------------------------------------------------------------
Finished Part Resource Summary
---------------------------------------------------------------------------------
---------------------------------------------------------------------------------
Start Cross Boundary and Area Optimization
---------------------------------------------------------------------------------
Warning: Parallel synthesis criteria is not met 
WARNING: [Synth 8-3330] design LMAC_ETH_1G_xlconstant_2_0 has an empty top module
INFO: [Synth 8-3917] design LMAC_ETH_1G_xlconstant_2_0 has port dout[15] driven by constant 0
INFO: [Synth 8-3917] design LMAC_ETH_1G_xlconstant_2_0 has port dout[14] driven by constant 0
INFO: [Synth 8-3917] design LMAC_ETH_1G_xlconstant_2_0 has port dout[13] driven by constant 0
INFO: [Synth 8-3917] design LMAC_ETH_1G_xlconstant_2_0 has port dout[12] driven by constant 0
INFO: [Synth 8-3917] design LMAC_ETH_1G_xlconstant_2_0 has port dout[11] driven by constant 0
INFO: [Synth 8-3917] design LMAC_ETH_1G_xlconstant_2_0 has port dout[10] driven by constant 0
INFO: [Synth 8-3917] design LMAC_ETH_1G_xlconstant_2_0 has port dout[9] driven by constant 0
INFO: [Synth 8-3917] design LMAC_ETH_1G_xlconstant_2_0 has port dout[8] driven by constant 0
INFO: [Synth 8-3917] design LMAC_ETH_1G_xlconstant_2_0 has port dout[7] driven by constant 0
INFO: [Synth 8-3917] design LMAC_ETH_1G_xlconstant_2_0 has port dout[6] driven by constant 0
INFO: [Synth 8-3917] design LMAC_ETH_1G_xlconstant_2_0 has port dout[5] driven by constant 1
INFO: [Synth 8-3917] design LMAC_ETH_1G_xlconstant_2_0 has port dout[4] driven by constant 0
INFO: [Synth 8-3917] design LMAC_ETH_1G_xlconstant_2_0 has port dout[3] driven by constant 0
INFO: [Synth 8-3917] design LMAC_ETH_1G_xlconstant_2_0 has port dout[2] driven by constant 0
INFO: [Synth 8-3917] design LMAC_ETH_1G_xlconstant_2_0 has port dout[1] driven by constant 0
INFO: [Synth 8-3917] design LMAC_ETH_1G_xlconstant_2_0 has port dout[0] driven by constant 1
---------------------------------------------------------------------------------
Finished Cross Boundary and Area Optimization : Time (s): cpu = 00:00:18 ; elapsed = 00:00:27 . Memory (MB): peak = 2555.109 ; gain = 758.891 ; free physical = 1721 ; free virtual = 10061
---------------------------------------------------------------------------------

Report RTL Partitions: 
+-+--------------+------------+----------+
| |RTL Partition |Replication |Instances |
+-+--------------+------------+----------+
+-+--------------+------------+----------+
---------------------------------------------------------------------------------
Start Applying XDC Timing Constraints
---------------------------------------------------------------------------------
---------------------------------------------------------------------------------
Finished Applying XDC Timing Constraints : Time (s): cpu = 00:00:47 ; elapsed = 00:01:18 . Memory (MB): peak = 2770.656 ; gain = 974.438 ; free physical = 2301 ; free virtual = 10708
---------------------------------------------------------------------------------
---------------------------------------------------------------------------------
Start Timing Optimization
---------------------------------------------------------------------------------
---------------------------------------------------------------------------------
Finished Timing Optimization : Time (s): cpu = 00:00:47 ; elapsed = 00:01:18 . Memory (MB): peak = 2770.656 ; gain = 974.438 ; free physical = 2301 ; free virtual = 10708
---------------------------------------------------------------------------------

Report RTL Partitions: 
+-+--------------+------------+----------+
| |RTL Partition |Replication |Instances |
+-+--------------+------------+----------+
+-+--------------+------------+----------+
---------------------------------------------------------------------------------
Start Technology Mapping
---------------------------------------------------------------------------------
---------------------------------------------------------------------------------
Finished Technology Mapping : Time (s): cpu = 00:00:47 ; elapsed = 00:01:18 . Memory (MB): peak = 2770.656 ; gain = 974.438 ; free physical = 2301 ; free virtual = 10708
---------------------------------------------------------------------------------

Report RTL Partitions: 
+-+--------------+------------+----------+
| |RTL Partition |Replication |Instances |
+-+--------------+------------+----------+
+-+--------------+------------+----------+
---------------------------------------------------------------------------------
Start IO Insertion
---------------------------------------------------------------------------------
---------------------------------------------------------------------------------
Start Flattening Before IO Insertion
---------------------------------------------------------------------------------
---------------------------------------------------------------------------------
Finished Flattening Before IO Insertion
---------------------------------------------------------------------------------
---------------------------------------------------------------------------------
Start Final Netlist Cleanup
---------------------------------------------------------------------------------
---------------------------------------------------------------------------------
Finished Final Netlist Cleanup
---------------------------------------------------------------------------------
---------------------------------------------------------------------------------
Finished IO Insertion : Time (s): cpu = 00:00:47 ; elapsed = 00:01:18 . Memory (MB): peak = 2770.656 ; gain = 974.438 ; free physical = 2270 ; free virtual = 10677
---------------------------------------------------------------------------------

Report Check Netlist: 
+------+------------------+-------+---------+-------+------------------+
|      |Item              |Errors |Warnings |Status |Description       |
+------+------------------+-------+---------+-------+------------------+
|1     |multi_driven_nets |      0|        0|Passed |Multi driven nets |
+------+------------------+-------+---------+-------+------------------+
---------------------------------------------------------------------------------
Start Renaming Generated Instances
---------------------------------------------------------------------------------
---------------------------------------------------------------------------------
Finished Renaming Generated Instances : Time (s): cpu = 00:00:47 ; elapsed = 00:01:18 . Memory (MB): peak = 2770.656 ; gain = 974.438 ; free physical = 2269 ; free virtual = 10677
---------------------------------------------------------------------------------

Report RTL Partitions: 
+-+--------------+------------+----------+
| |RTL Partition |Replication |Instances |
+-+--------------+------------+----------+
+-+--------------+------------+----------+
---------------------------------------------------------------------------------
Start Rebuilding User Hierarchy
---------------------------------------------------------------------------------
---------------------------------------------------------------------------------
Finished Rebuilding User Hierarchy : Time (s): cpu = 00:00:47 ; elapsed = 00:01:18 . Memory (MB): peak = 2770.656 ; gain = 974.438 ; free physical = 2269 ; free virtual = 10677
---------------------------------------------------------------------------------
---------------------------------------------------------------------------------
Start Renaming Generated Ports
---------------------------------------------------------------------------------
---------------------------------------------------------------------------------
Finished Renaming Generated Ports : Time (s): cpu = 00:00:47 ; elapsed = 00:01:18 . Memory (MB): peak = 2770.656 ; gain = 974.438 ; free physical = 2269 ; free virtual = 10677
---------------------------------------------------------------------------------
---------------------------------------------------------------------------------
Start Handling Custom Attributes
---------------------------------------------------------------------------------
---------------------------------------------------------------------------------
Finished Handling Custom Attributes : Time (s): cpu = 00:00:47 ; elapsed = 00:01:18 . Memory (MB): peak = 2770.656 ; gain = 974.438 ; free physical = 2269 ; free virtual = 10676
---------------------------------------------------------------------------------
---------------------------------------------------------------------------------
Start Renaming Generated Nets
---------------------------------------------------------------------------------
---------------------------------------------------------------------------------
Finished Renaming Generated Nets : Time (s): cpu = 00:00:47 ; elapsed = 00:01:18 . Memory (MB): peak = 2770.656 ; gain = 974.438 ; free physical = 2269 ; free virtual = 10677
---------------------------------------------------------------------------------
---------------------------------------------------------------------------------
Start Writing Synthesis Report
---------------------------------------------------------------------------------

Report BlackBoxes: 
+-+--------------+----------+
| |BlackBox name |Instances |
+-+--------------+----------+
+-+--------------+----------+

Report Cell Usage: 
+-+-----+------+
| |Cell |Count |
+-+-----+------+
+-+-----+------+

Report Instance Areas: 
+------+---------+-------+------+
|      |Instance |Module |Cells |
+------+---------+-------+------+
|1     |top      |       |     0|
+------+---------+-------+------+
---------------------------------------------------------------------------------
Finished Writing Synthesis Report : Time (s): cpu = 00:00:47 ; elapsed = 00:01:18 . Memory (MB): peak = 2770.656 ; gain = 974.438 ; free physical = 2270 ; free virtual = 10677
---------------------------------------------------------------------------------
Synthesis finished with 0 errors, 0 critical warnings and 1 warnings.
Synthesis Optimization Runtime : Time (s): cpu = 00:00:34 ; elapsed = 00:00:56 . Memory (MB): peak = 2771.656 ; gain = 216.547 ; free physical = 2303 ; free virtual = 10711
Synthesis Optimization Complete : Time (s): cpu = 00:00:47 ; elapsed = 00:01:18 . Memory (MB): peak = 2771.664 ; gain = 975.438 ; free physical = 2304 ; free virtual = 10711
INFO: [Project 1-571] Translating synthesized netlist
INFO: [Project 1-570] Preparing netlist for logic optimization
INFO: [Opt 31-138] Pushed 0 inverter(s) to 0 load pin(s).
INFO: [Project 1-111] Unisim Transformation Summary:
No Unisim elements were transformed.

INFO: [Common 17-83] Releasing license: Synthesis
30 Infos, 2 Warnings, 0 Critical Warnings and 0 Errors encountered.
synth_design completed successfully
synth_design: Time (s): cpu = 00:00:49 ; elapsed = 00:01:20 . Memory (MB): peak = 2827.117 ; gain = 1038.902 ; free physical = 2225 ; free virtual = 10632
WARNING: [Constraints 18-5210] No constraint will be written out.
INFO: [Common 17-1381] The checkpoint '/home/lewiz/sambashare/KIRATEY/RELEASE/LMAC_ETH_1G/LMAC_ETH_1G.runs/LMAC_ETH_1G_xlconstant_2_0_synth_1/LMAC_ETH_1G_xlconstant_2_0.dcp' has been generated.
INFO: [Coretcl 2-1482] Added synthesis output to IP cache for IP /home/lewiz/sambashare/KIRATEY/RELEASE/LMAC_ETH_1G/LMAC_ETH_1G.srcs/sources_1/bd/LMAC_ETH_1G/ip/LMAC_ETH_1G_xlconstant_2_0/LMAC_ETH_1G_xlconstant_2_0.xci
WARNING: [Constraints 18-5210] No constraint will be written out.
INFO: [Common 17-1381] The checkpoint '/home/lewiz/sambashare/KIRATEY/RELEASE/LMAC_ETH_1G/LMAC_ETH_1G.runs/LMAC_ETH_1G_xlconstant_2_0_synth_1/LMAC_ETH_1G_xlconstant_2_0.dcp' has been generated.
INFO: [runtcl-4] Executing : report_utilization -file LMAC_ETH_1G_xlconstant_2_0_utilization_synth.rpt -pb LMAC_ETH_1G_xlconstant_2_0_utilization_synth.pb
report_utilization: Time (s): cpu = 00:00:00.27 ; elapsed = 00:00:00.31 . Memory (MB): peak = 2827.117 ; gain = 0.000 ; free physical = 1783 ; free virtual = 10191
INFO: [Common 17-206] Exiting Vivado at Sun Apr  7 08:42:09 2019...
