#-----------------------------------------------------------
# Webtalk v2018.2 (64-bit)
# SW Build 2258646 on Thu Jun 14 20:02:38 MDT 2018
# 
# Start of session at: Mon Apr  8 15:53:35 2019
# Process ID: 19912
# Current directory: /home/lewiz/sambashare/KIRATEY/RELEASE/LMAC_ETH_1G_DMA_CLK/LMAC_ETH_1G.sdk/webtalk
# Command line: wbtcv -mode batch -source sdk_webtalk.tcl
# Log file: /home/lewiz/sambashare/KIRATEY/RELEASE/LMAC_ETH_1G_DMA_CLK/LMAC_ETH_1G.sdk/webtalk/webtalk.log
# Journal file: /home/lewiz/sambashare/KIRATEY/RELEASE/LMAC_ETH_1G_DMA_CLK/LMAC_ETH_1G.sdk/webtalk/webtalk.jou
#-----------------------------------------------------------
source sdk_webtalk.tcl
# webtalk_init -webtalk_dir /home/lewiz/sambashare/KIRATEY/RELEASE/LMAC_ETH_1G_DMA_CLK/LMAC_ETH_1G.sdk/webtalk
# webtalk_register_client -client project
# webtalk_add_data -client project -key date_generated -value "2019-04-08 15:53:34" -context "software_version_and_target_device"
# webtalk_add_data -client project -key product_version -value "SDK v2018.2" -context "software_version_and_target_device"
# webtalk_add_data -client project -key build_version -value "2018.2" -context "software_version_and_target_device"
# webtalk_add_data -client project -key os_platform -value "amd64" -context "software_version_and_target_device"
# webtalk_add_data -client project -key registration_id -value "211002456_1777503594_210664227_163" -context "software_version_and_target_device"
# webtalk_add_data -client project -key tool_flow -value "SDK" -context "software_version_and_target_device"
# webtalk_add_data -client project -key beta -value "false" -context "software_version_and_target_device"
# webtalk_add_data -client project -key route_design -value "NA" -context "software_version_and_target_device"
# webtalk_add_data -client project -key target_family -value "NA" -context "software_version_and_target_device"
# webtalk_add_data -client project -key target_device -value "NA" -context "software_version_and_target_device"
# webtalk_add_data -client project -key target_package -value "NA" -context "software_version_and_target_device"
# webtalk_add_data -client project -key target_speed -value "NA" -context "software_version_and_target_device"
# webtalk_add_data -client project -key random_id -value "5hpoq7bpm823d3f9hfqk121893" -context "software_version_and_target_device"
# webtalk_add_data -client project -key project_id -value "2018.2_103" -context "software_version_and_target_device"
# webtalk_add_data -client project -key project_iteration -value "103" -context "software_version_and_target_device"
# webtalk_add_data -client project -key os_name -value "Ubuntu" -context "user_environment"
# webtalk_add_data -client project -key os_release -value "Ubuntu 18.04.4 LTS" -context "user_environment"
# webtalk_add_data -client project -key cpu_name -value "Intel(R) Core(TM) i7-6700 CPU @ 3.40GHz" -context "user_environment"
# webtalk_add_data -client project -key cpu_speed -value "1760.868 MHz" -context "user_environment"
# webtalk_add_data -client project -key total_processors -value "1" -context "user_environment"
# webtalk_add_data -client project -key system_ram -value "16.718 GB" -context "user_environment"
# webtalk_register_client -client sdk
# webtalk_add_data -client sdk -key uid -value "1554762551000" -context "sdk\\\\hardware/1554762551000"
# webtalk_add_data -client sdk -key isZynq -value "false" -context "sdk\\\\hardware/1554762551000"
# webtalk_add_data -client sdk -key isZynqMP -value "true" -context "sdk\\\\hardware/1554762551000"
# webtalk_add_data -client sdk -key Processors -value "7" -context "sdk\\\\hardware/1554762551000"
# webtalk_add_data -client sdk -key VivadoVersion -value "2018.2" -context "sdk\\\\hardware/1554762551000"
# webtalk_add_data -client sdk -key Arch -value "zynquplus" -context "sdk\\\\hardware/1554762551000"
# webtalk_add_data -client sdk -key Device -value "xczu15eg" -context "sdk\\\\hardware/1554762551000"
# webtalk_add_data -client sdk -key IsHandoff -value "true" -context "sdk\\\\hardware/1554762551000"
# webtalk_add_data -client sdk -key os -value "NA" -context "sdk\\\\hardware/1554762551000"
# webtalk_add_data -client sdk -key apptemplate -value "NA" -context "sdk\\\\hardware/1554762551000"
# webtalk_add_data -client sdk -key RecordType -value "HWCreation" -context "sdk\\\\hardware/1554762551000"
# webtalk_add_data -client sdk -key uid -value "1554762669000" -context "sdk\\\\bsp/1554762669000"
# webtalk_add_data -client sdk -key hwid -value "1554762551000" -context "sdk\\\\bsp/1554762669000"
# webtalk_add_data -client sdk -key os -value "standalone" -context "sdk\\\\bsp/1554762669000"
# webtalk_add_data -client sdk -key apptemplate -value "hello_world" -context "sdk\\\\bsp/1554762669000"
# webtalk_add_data -client sdk -key RecordType -value "BSPCreation" -context "sdk\\\\bsp/1554762669000"
# webtalk_add_data -client sdk -key uid -value "1554762672000" -context "sdk\\\\application/1554762672000"
# webtalk_add_data -client sdk -key hwid -value "1554762551000" -context "sdk\\\\application/1554762672000"
# webtalk_add_data -client sdk -key bspid -value "1554762669000" -context "sdk\\\\application/1554762672000"
# webtalk_add_data -client sdk -key newbsp -value "true" -context "sdk\\\\application/1554762672000"
# webtalk_add_data -client sdk -key os -value "standalone" -context "sdk\\\\application/1554762672000"
# webtalk_add_data -client sdk -key apptemplate -value "hello_world" -context "sdk\\\\application/1554762672000"
# webtalk_add_data -client sdk -key RecordType -value "APPCreation" -context "sdk\\\\application/1554762672000"
# webtalk_add_data -client sdk -key LangUsed -value "C" -context "sdk\\\\application/1554762672000"
# webtalk_add_data -client sdk -key Procused -value "psu_cortexa53" -context "sdk\\\\application/1554762672000"
# webtalk_add_data -client sdk -key projSize -value "547.984375" -context "sdk\\\\application/1554762672000"
# webtalk_add_data -client sdk -key uid -value "NA" -context "sdk\\\\bsp/1554764014383"
# webtalk_add_data -client sdk -key RecordType -value "ToolUsage" -context "sdk\\\\bsp/1554764014383"
# webtalk_add_data -client sdk -key BootgenCount -value "0" -context "sdk\\\\bsp/1554764014383"
# webtalk_add_data -client sdk -key DebugCount -value "7" -context "sdk\\\\bsp/1554764014383"
# webtalk_add_data -client sdk -key PerfCount -value "0" -context "sdk\\\\bsp/1554764014383"
# webtalk_add_data -client sdk -key FlashCount -value "0" -context "sdk\\\\bsp/1554764014383"
# webtalk_add_data -client sdk -key CrossTriggCount -value "0" -context "sdk\\\\bsp/1554764014383"
# webtalk_add_data -client sdk -key QemuDebugCount -value "0" -context "sdk\\\\bsp/1554764014383"
# webtalk_transmit -clientid 260141541 -regid "211002456_1777503594_210664227_163" -xml /home/lewiz/sambashare/KIRATEY/RELEASE/LMAC_ETH_1G_DMA_CLK/LMAC_ETH_1G.sdk/webtalk/usage_statistics_ext_sdk.xml -html /home/lewiz/sambashare/KIRATEY/RELEASE/LMAC_ETH_1G_DMA_CLK/LMAC_ETH_1G.sdk/webtalk/usage_statistics_ext_sdk.html -wdm /home/lewiz/sambashare/KIRATEY/RELEASE/LMAC_ETH_1G_DMA_CLK/LMAC_ETH_1G.sdk/webtalk/sdk_webtalk.wdm -intro "<H3>SDK Usage Report</H3><BR>"
# webtalk_terminate
INFO: [Common 17-206] Exiting Webtalk at Mon Apr  8 15:53:35 2019...
