
*** Running vivado
    with args -log LMAC_ETH_1G_util_ds_buf_0_0.vds -m64 -product Vivado -mode batch -messageDb vivado.pb -notrace -source LMAC_ETH_1G_util_ds_buf_0_0.tcl


****** Vivado v2018.2 (64-bit)
  **** SW Build 2258646 on Thu Jun 14 20:02:38 MDT 2018
  **** IP Build 2256618 on Thu Jun 14 22:10:49 MDT 2018
    ** Copyright 1986-2018 Xilinx, Inc. All Rights Reserved.

source LMAC_ETH_1G_util_ds_buf_0_0.tcl -notrace
Command: synth_design -top LMAC_ETH_1G_util_ds_buf_0_0 -part xczu9eg-ffvb1156-2-e -mode out_of_context
Starting synth_design
Attempting to get a license for feature 'Synthesis' and/or device 'xczu9eg'
INFO: [Common 17-349] Got license for feature 'Synthesis' and/or device 'xczu9eg'
INFO: [Common 17-86] Your Synthesis license expires in 25 day(s)
INFO: Launching helper process for spawning children vivado processes
INFO: Helper process launched with PID 6407 
---------------------------------------------------------------------------------
Starting RTL Elaboration : Time (s): cpu = 00:00:02 ; elapsed = 00:00:02 . Memory (MB): peak = 1797.211 ; gain = 0.000 ; free physical = 2144 ; free virtual = 7188
---------------------------------------------------------------------------------
INFO: [Synth 8-638] synthesizing module 'LMAC_ETH_1G_util_ds_buf_0_0' [/home/lewiz/sambashare/KIRATEY/RELEASE/LMAC_ETH_1G_xczu9eg/LMAC_ETH_1G.srcs/sources_1/bd/LMAC_ETH_1G/ip/LMAC_ETH_1G_util_ds_buf_0_0/synth/LMAC_ETH_1G_util_ds_buf_0_0.vhd:64]
	Parameter C_BUF_TYPE bound to: IBUFDS - type: string 
	Parameter C_SIZE bound to: 1 - type: integer 
INFO: [Synth 8-3491] module 'util_ds_buf' declared at '/home/lewiz/sambashare/KIRATEY/RELEASE/LMAC_ETH_1G_xczu9eg/LMAC_ETH_1G.srcs/sources_1/bd/LMAC_ETH_1G/ip/LMAC_ETH_1G_util_ds_buf_0_0/util_ds_buf.vhd:71' bound to instance 'U0' of component 'util_ds_buf' [/home/lewiz/sambashare/KIRATEY/RELEASE/LMAC_ETH_1G_xczu9eg/LMAC_ETH_1G.srcs/sources_1/bd/LMAC_ETH_1G/ip/LMAC_ETH_1G_util_ds_buf_0_0/synth/LMAC_ETH_1G_util_ds_buf_0_0.vhd:119]
INFO: [Synth 8-638] synthesizing module 'util_ds_buf' [/home/lewiz/sambashare/KIRATEY/RELEASE/LMAC_ETH_1G_xczu9eg/LMAC_ETH_1G.srcs/sources_1/bd/LMAC_ETH_1G/ip/LMAC_ETH_1G_util_ds_buf_0_0/util_ds_buf.vhd:128]
	Parameter C_BUF_TYPE bound to: IBUFDS - type: string 
	Parameter C_SIZE bound to: 1 - type: integer 
	Parameter CAPACITANCE bound to: DONT_CARE - type: string 
	Parameter DIFF_TERM bound to: 0 - type: bool 
	Parameter DQS_BIAS bound to: FALSE - type: string 
	Parameter IBUF_DELAY_VALUE bound to: 0 - type: string 
	Parameter IBUF_LOW_PWR bound to: 1 - type: bool 
	Parameter IFD_DELAY_VALUE bound to: AUTO - type: string 
	Parameter IOSTANDARD bound to: DEFAULT - type: string 
INFO: [Synth 8-113] binding component instance 'IBUFDS_I' to cell 'IBUFDS' [/home/lewiz/sambashare/KIRATEY/RELEASE/LMAC_ETH_1G_xczu9eg/LMAC_ETH_1G.srcs/sources_1/bd/LMAC_ETH_1G/ip/LMAC_ETH_1G_util_ds_buf_0_0/util_ds_buf.vhd:234]
WARNING: [Synth 8-3848] Net BUFG_O in module/entity util_ds_buf does not have driver. [/home/lewiz/sambashare/KIRATEY/RELEASE/LMAC_ETH_1G_xczu9eg/LMAC_ETH_1G.srcs/sources_1/bd/LMAC_ETH_1G/ip/LMAC_ETH_1G_util_ds_buf_0_0/util_ds_buf.vhd:100]
WARNING: [Synth 8-3848] Net BUFGCE_O in module/entity util_ds_buf does not have driver. [/home/lewiz/sambashare/KIRATEY/RELEASE/LMAC_ETH_1G_xczu9eg/LMAC_ETH_1G.srcs/sources_1/bd/LMAC_ETH_1G/ip/LMAC_ETH_1G_util_ds_buf_0_0/util_ds_buf.vhd:105]
WARNING: [Synth 8-3848] Net BUFH_O in module/entity util_ds_buf does not have driver. [/home/lewiz/sambashare/KIRATEY/RELEASE/LMAC_ETH_1G_xczu9eg/LMAC_ETH_1G.srcs/sources_1/bd/LMAC_ETH_1G/ip/LMAC_ETH_1G_util_ds_buf_0_0/util_ds_buf.vhd:109]
WARNING: [Synth 8-3848] Net BUFHCE_O in module/entity util_ds_buf does not have driver. [/home/lewiz/sambashare/KIRATEY/RELEASE/LMAC_ETH_1G_xczu9eg/LMAC_ETH_1G.srcs/sources_1/bd/LMAC_ETH_1G/ip/LMAC_ETH_1G_util_ds_buf_0_0/util_ds_buf.vhd:114]
WARNING: [Synth 8-3848] Net BUFG_GT_O in module/entity util_ds_buf does not have driver. [/home/lewiz/sambashare/KIRATEY/RELEASE/LMAC_ETH_1G_xczu9eg/LMAC_ETH_1G.srcs/sources_1/bd/LMAC_ETH_1G/ip/LMAC_ETH_1G_util_ds_buf_0_0/util_ds_buf.vhd:123]
INFO: [Synth 8-256] done synthesizing module 'util_ds_buf' (1#1) [/home/lewiz/sambashare/KIRATEY/RELEASE/LMAC_ETH_1G_xczu9eg/LMAC_ETH_1G.srcs/sources_1/bd/LMAC_ETH_1G/ip/LMAC_ETH_1G_util_ds_buf_0_0/util_ds_buf.vhd:128]
INFO: [Synth 8-256] done synthesizing module 'LMAC_ETH_1G_util_ds_buf_0_0' (2#1) [/home/lewiz/sambashare/KIRATEY/RELEASE/LMAC_ETH_1G_xczu9eg/LMAC_ETH_1G.srcs/sources_1/bd/LMAC_ETH_1G/ip/LMAC_ETH_1G_util_ds_buf_0_0/synth/LMAC_ETH_1G_util_ds_buf_0_0.vhd:64]
WARNING: [Synth 8-3331] design util_ds_buf has unconnected port BUFG_O[0]
WARNING: [Synth 8-3331] design util_ds_buf has unconnected port BUFGCE_O[0]
WARNING: [Synth 8-3331] design util_ds_buf has unconnected port BUFH_O[0]
WARNING: [Synth 8-3331] design util_ds_buf has unconnected port BUFHCE_O[0]
WARNING: [Synth 8-3331] design util_ds_buf has unconnected port BUFG_GT_O[0]
WARNING: [Synth 8-3331] design util_ds_buf has unconnected port IOBUF_IO_IO[0]
WARNING: [Synth 8-3331] design util_ds_buf has unconnected port OBUF_IN[0]
WARNING: [Synth 8-3331] design util_ds_buf has unconnected port IOBUF_IO_T[0]
WARNING: [Synth 8-3331] design util_ds_buf has unconnected port IOBUF_IO_I[0]
WARNING: [Synth 8-3331] design util_ds_buf has unconnected port BUFG_I[0]
WARNING: [Synth 8-3331] design util_ds_buf has unconnected port BUFGCE_I[0]
WARNING: [Synth 8-3331] design util_ds_buf has unconnected port BUFGCE_CE[0]
WARNING: [Synth 8-3331] design util_ds_buf has unconnected port BUFH_I[0]
WARNING: [Synth 8-3331] design util_ds_buf has unconnected port BUFHCE_I[0]
WARNING: [Synth 8-3331] design util_ds_buf has unconnected port BUFHCE_CE[0]
WARNING: [Synth 8-3331] design util_ds_buf has unconnected port BUFG_GT_I[0]
WARNING: [Synth 8-3331] design util_ds_buf has unconnected port BUFG_GT_CE[0]
WARNING: [Synth 8-3331] design util_ds_buf has unconnected port BUFG_GT_CEMASK[0]
WARNING: [Synth 8-3331] design util_ds_buf has unconnected port BUFG_GT_CLR[0]
WARNING: [Synth 8-3331] design util_ds_buf has unconnected port BUFG_GT_CLRMASK[0]
WARNING: [Synth 8-3331] design util_ds_buf has unconnected port BUFG_GT_DIV[2]
WARNING: [Synth 8-3331] design util_ds_buf has unconnected port BUFG_GT_DIV[1]
WARNING: [Synth 8-3331] design util_ds_buf has unconnected port BUFG_GT_DIV[0]
---------------------------------------------------------------------------------
Finished RTL Elaboration : Time (s): cpu = 00:00:02 ; elapsed = 00:00:03 . Memory (MB): peak = 1797.211 ; gain = 0.000 ; free physical = 2164 ; free virtual = 7208
---------------------------------------------------------------------------------

Report Check Netlist: 
+------+------------------+-------+---------+-------+------------------+
|      |Item              |Errors |Warnings |Status |Description       |
+------+------------------+-------+---------+-------+------------------+
|1     |multi_driven_nets |      0|        0|Passed |Multi driven nets |
+------+------------------+-------+---------+-------+------------------+
---------------------------------------------------------------------------------
Start Handling Custom Attributes
---------------------------------------------------------------------------------
---------------------------------------------------------------------------------
Finished Handling Custom Attributes : Time (s): cpu = 00:00:03 ; elapsed = 00:00:03 . Memory (MB): peak = 1797.211 ; gain = 0.000 ; free physical = 2162 ; free virtual = 7206
---------------------------------------------------------------------------------
---------------------------------------------------------------------------------
Finished RTL Optimization Phase 1 : Time (s): cpu = 00:00:03 ; elapsed = 00:00:03 . Memory (MB): peak = 1797.211 ; gain = 0.000 ; free physical = 2162 ; free virtual = 7206
---------------------------------------------------------------------------------
INFO: [Netlist 29-17] Analyzing 1 Unisim elements for replacement
INFO: [Netlist 29-28] Unisim Transformation completed in 0 CPU seconds
INFO: [Device 21-403] Loading part xczu9eg-ffvb1156-2-e
INFO: [Project 1-570] Preparing netlist for logic optimization

Processing XDC Constraints
Initializing timing engine
Parsing XDC File [/home/lewiz/sambashare/KIRATEY/RELEASE/LMAC_ETH_1G_xczu9eg/LMAC_ETH_1G.srcs/sources_1/bd/LMAC_ETH_1G/ip/LMAC_ETH_1G_util_ds_buf_0_0/LMAC_ETH_1G_util_ds_buf_0_0_ooc.xdc] for cell 'U0'
Finished Parsing XDC File [/home/lewiz/sambashare/KIRATEY/RELEASE/LMAC_ETH_1G_xczu9eg/LMAC_ETH_1G.srcs/sources_1/bd/LMAC_ETH_1G/ip/LMAC_ETH_1G_util_ds_buf_0_0/LMAC_ETH_1G_util_ds_buf_0_0_ooc.xdc] for cell 'U0'
Parsing XDC File [/home/lewiz/sambashare/KIRATEY/RELEASE/LMAC_ETH_1G_xczu9eg/LMAC_ETH_1G.srcs/sources_1/bd/LMAC_ETH_1G/ip/LMAC_ETH_1G_util_ds_buf_0_0/LMAC_ETH_1G_util_ds_buf_0_0_board.xdc] for cell 'U0'
Finished Parsing XDC File [/home/lewiz/sambashare/KIRATEY/RELEASE/LMAC_ETH_1G_xczu9eg/LMAC_ETH_1G.srcs/sources_1/bd/LMAC_ETH_1G/ip/LMAC_ETH_1G_util_ds_buf_0_0/LMAC_ETH_1G_util_ds_buf_0_0_board.xdc] for cell 'U0'
Parsing XDC File [/home/lewiz/sambashare/KIRATEY/RELEASE/LMAC_ETH_1G_xczu9eg/LMAC_ETH_1G.srcs/sources_1/bd/LMAC_ETH_1G/ip/LMAC_ETH_1G_util_ds_buf_0_0/LMAC_ETH_1G_util_ds_buf_0_0.xdc] for cell 'U0'
Finished Parsing XDC File [/home/lewiz/sambashare/KIRATEY/RELEASE/LMAC_ETH_1G_xczu9eg/LMAC_ETH_1G.srcs/sources_1/bd/LMAC_ETH_1G/ip/LMAC_ETH_1G_util_ds_buf_0_0/LMAC_ETH_1G_util_ds_buf_0_0.xdc] for cell 'U0'
Parsing XDC File [/home/lewiz/sambashare/KIRATEY/RELEASE/LMAC_ETH_1G_xczu9eg/LMAC_ETH_1G.runs/LMAC_ETH_1G_util_ds_buf_0_0_synth_1/dont_touch.xdc]
Finished Parsing XDC File [/home/lewiz/sambashare/KIRATEY/RELEASE/LMAC_ETH_1G_xczu9eg/LMAC_ETH_1G.runs/LMAC_ETH_1G_util_ds_buf_0_0_synth_1/dont_touch.xdc]
Completed Processing XDC Constraints

INFO: [Project 1-111] Unisim Transformation Summary:
  A total of 1 instances were transformed.
  IBUFDS => IBUFDS (DIFFINBUF, IBUFCTRL): 1 instances

Constraint Validation Runtime : Time (s): cpu = 00:00:00.02 ; elapsed = 00:00:00.03 . Memory (MB): peak = 2493.664 ; gain = 0.000 ; free physical = 2351 ; free virtual = 7396
---------------------------------------------------------------------------------
Finished Constraint Validation : Time (s): cpu = 00:00:18 ; elapsed = 00:00:28 . Memory (MB): peak = 2493.664 ; gain = 696.453 ; free physical = 2344 ; free virtual = 7390
---------------------------------------------------------------------------------
---------------------------------------------------------------------------------
Start Loading Part and Timing Information
---------------------------------------------------------------------------------
Loading part: xczu9eg-ffvb1156-2-e
---------------------------------------------------------------------------------
Finished Loading Part and Timing Information : Time (s): cpu = 00:00:18 ; elapsed = 00:00:28 . Memory (MB): peak = 2493.664 ; gain = 696.453 ; free physical = 2344 ; free virtual = 7389
---------------------------------------------------------------------------------
---------------------------------------------------------------------------------
Start Applying 'set_property' XDC Constraints
---------------------------------------------------------------------------------
Applied set_property DONT_TOUCH = true for U0. (constraint file  /home/lewiz/sambashare/KIRATEY/RELEASE/LMAC_ETH_1G_xczu9eg/LMAC_ETH_1G.runs/LMAC_ETH_1G_util_ds_buf_0_0_synth_1/dont_touch.xdc, line 9).
---------------------------------------------------------------------------------
Finished applying 'set_property' XDC Constraints : Time (s): cpu = 00:00:18 ; elapsed = 00:00:28 . Memory (MB): peak = 2493.664 ; gain = 696.453 ; free physical = 2343 ; free virtual = 7388
---------------------------------------------------------------------------------
---------------------------------------------------------------------------------
Finished RTL Optimization Phase 2 : Time (s): cpu = 00:00:18 ; elapsed = 00:00:28 . Memory (MB): peak = 2493.664 ; gain = 696.453 ; free physical = 2351 ; free virtual = 7396
---------------------------------------------------------------------------------

Report RTL Partitions: 
+-+--------------+------------+----------+
| |RTL Partition |Replication |Instances |
+-+--------------+------------+----------+
+-+--------------+------------+----------+
---------------------------------------------------------------------------------
Start RTL Component Statistics 
---------------------------------------------------------------------------------
Detailed RTL Component Info : 
---------------------------------------------------------------------------------
Finished RTL Component Statistics 
---------------------------------------------------------------------------------
---------------------------------------------------------------------------------
Start RTL Hierarchical Component Statistics 
---------------------------------------------------------------------------------
Hierarchical RTL Component report 
---------------------------------------------------------------------------------
Finished RTL Hierarchical Component Statistics
---------------------------------------------------------------------------------
---------------------------------------------------------------------------------
Start Part Resource Summary
---------------------------------------------------------------------------------
Part Resources:
DSPs: 2520 (col length:168)
BRAMs: 1824 (col length: RAMB18 168 RAMB36 84)
---------------------------------------------------------------------------------
Finished Part Resource Summary
---------------------------------------------------------------------------------
---------------------------------------------------------------------------------
Start Cross Boundary and Area Optimization
---------------------------------------------------------------------------------
Warning: Parallel synthesis criteria is not met 
WARNING: [Synth 8-3331] design util_ds_buf has unconnected port BUFG_O[0]
WARNING: [Synth 8-3331] design util_ds_buf has unconnected port BUFGCE_O[0]
WARNING: [Synth 8-3331] design util_ds_buf has unconnected port BUFH_O[0]
WARNING: [Synth 8-3331] design util_ds_buf has unconnected port BUFHCE_O[0]
WARNING: [Synth 8-3331] design util_ds_buf has unconnected port BUFG_GT_O[0]
WARNING: [Synth 8-3331] design util_ds_buf has unconnected port IOBUF_IO_IO[0]
WARNING: [Synth 8-3331] design util_ds_buf has unconnected port OBUF_IN[0]
WARNING: [Synth 8-3331] design util_ds_buf has unconnected port IOBUF_IO_T[0]
WARNING: [Synth 8-3331] design util_ds_buf has unconnected port IOBUF_IO_I[0]
WARNING: [Synth 8-3331] design util_ds_buf has unconnected port BUFG_I[0]
WARNING: [Synth 8-3331] design util_ds_buf has unconnected port BUFGCE_I[0]
WARNING: [Synth 8-3331] design util_ds_buf has unconnected port BUFGCE_CE[0]
WARNING: [Synth 8-3331] design util_ds_buf has unconnected port BUFH_I[0]
WARNING: [Synth 8-3331] design util_ds_buf has unconnected port BUFHCE_I[0]
WARNING: [Synth 8-3331] design util_ds_buf has unconnected port BUFHCE_CE[0]
WARNING: [Synth 8-3331] design util_ds_buf has unconnected port BUFG_GT_I[0]
WARNING: [Synth 8-3331] design util_ds_buf has unconnected port BUFG_GT_CE[0]
WARNING: [Synth 8-3331] design util_ds_buf has unconnected port BUFG_GT_CEMASK[0]
WARNING: [Synth 8-3331] design util_ds_buf has unconnected port BUFG_GT_CLR[0]
WARNING: [Synth 8-3331] design util_ds_buf has unconnected port BUFG_GT_CLRMASK[0]
WARNING: [Synth 8-3331] design util_ds_buf has unconnected port BUFG_GT_DIV[2]
WARNING: [Synth 8-3331] design util_ds_buf has unconnected port BUFG_GT_DIV[1]
WARNING: [Synth 8-3331] design util_ds_buf has unconnected port BUFG_GT_DIV[0]
---------------------------------------------------------------------------------
Finished Cross Boundary and Area Optimization : Time (s): cpu = 00:00:18 ; elapsed = 00:00:28 . Memory (MB): peak = 2493.664 ; gain = 696.453 ; free physical = 2346 ; free virtual = 7392
---------------------------------------------------------------------------------

Report RTL Partitions: 
+-+--------------+------------+----------+
| |RTL Partition |Replication |Instances |
+-+--------------+------------+----------+
+-+--------------+------------+----------+
---------------------------------------------------------------------------------
Start Applying XDC Timing Constraints
---------------------------------------------------------------------------------
---------------------------------------------------------------------------------
Finished Applying XDC Timing Constraints : Time (s): cpu = 00:00:45 ; elapsed = 00:01:14 . Memory (MB): peak = 2695.328 ; gain = 898.117 ; free physical = 984 ; free virtual = 6034
---------------------------------------------------------------------------------
---------------------------------------------------------------------------------
Start Timing Optimization
---------------------------------------------------------------------------------
---------------------------------------------------------------------------------
Finished Timing Optimization : Time (s): cpu = 00:00:45 ; elapsed = 00:01:14 . Memory (MB): peak = 2695.328 ; gain = 898.117 ; free physical = 988 ; free virtual = 6038
---------------------------------------------------------------------------------

Report RTL Partitions: 
+-+--------------+------------+----------+
| |RTL Partition |Replication |Instances |
+-+--------------+------------+----------+
+-+--------------+------------+----------+
---------------------------------------------------------------------------------
Start Technology Mapping
---------------------------------------------------------------------------------
---------------------------------------------------------------------------------
Finished Technology Mapping : Time (s): cpu = 00:00:45 ; elapsed = 00:01:14 . Memory (MB): peak = 2695.328 ; gain = 898.117 ; free physical = 990 ; free virtual = 6040
---------------------------------------------------------------------------------

Report RTL Partitions: 
+-+--------------+------------+----------+
| |RTL Partition |Replication |Instances |
+-+--------------+------------+----------+
+-+--------------+------------+----------+
---------------------------------------------------------------------------------
Start IO Insertion
---------------------------------------------------------------------------------
---------------------------------------------------------------------------------
Start Flattening Before IO Insertion
---------------------------------------------------------------------------------
---------------------------------------------------------------------------------
Finished Flattening Before IO Insertion
---------------------------------------------------------------------------------
---------------------------------------------------------------------------------
Start Final Netlist Cleanup
---------------------------------------------------------------------------------
---------------------------------------------------------------------------------
Finished Final Netlist Cleanup
---------------------------------------------------------------------------------
---------------------------------------------------------------------------------
Finished IO Insertion : Time (s): cpu = 00:00:45 ; elapsed = 00:01:15 . Memory (MB): peak = 2695.328 ; gain = 898.117 ; free physical = 1189 ; free virtual = 6239
---------------------------------------------------------------------------------

Report Check Netlist: 
+------+------------------+-------+---------+-------+------------------+
|      |Item              |Errors |Warnings |Status |Description       |
+------+------------------+-------+---------+-------+------------------+
|1     |multi_driven_nets |      0|        0|Passed |Multi driven nets |
+------+------------------+-------+---------+-------+------------------+
---------------------------------------------------------------------------------
Start Renaming Generated Instances
---------------------------------------------------------------------------------
---------------------------------------------------------------------------------
Finished Renaming Generated Instances : Time (s): cpu = 00:00:45 ; elapsed = 00:01:15 . Memory (MB): peak = 2695.328 ; gain = 898.117 ; free physical = 1190 ; free virtual = 6239
---------------------------------------------------------------------------------

Report RTL Partitions: 
+-+--------------+------------+----------+
| |RTL Partition |Replication |Instances |
+-+--------------+------------+----------+
+-+--------------+------------+----------+
---------------------------------------------------------------------------------
Start Rebuilding User Hierarchy
---------------------------------------------------------------------------------
---------------------------------------------------------------------------------
Finished Rebuilding User Hierarchy : Time (s): cpu = 00:00:45 ; elapsed = 00:01:15 . Memory (MB): peak = 2695.328 ; gain = 898.117 ; free physical = 1191 ; free virtual = 6241
---------------------------------------------------------------------------------
---------------------------------------------------------------------------------
Start Renaming Generated Ports
---------------------------------------------------------------------------------
---------------------------------------------------------------------------------
Finished Renaming Generated Ports : Time (s): cpu = 00:00:45 ; elapsed = 00:01:15 . Memory (MB): peak = 2695.328 ; gain = 898.117 ; free physical = 1192 ; free virtual = 6242
---------------------------------------------------------------------------------
---------------------------------------------------------------------------------
Start Handling Custom Attributes
---------------------------------------------------------------------------------
---------------------------------------------------------------------------------
Finished Handling Custom Attributes : Time (s): cpu = 00:00:45 ; elapsed = 00:01:15 . Memory (MB): peak = 2695.328 ; gain = 898.117 ; free physical = 1192 ; free virtual = 6242
---------------------------------------------------------------------------------
---------------------------------------------------------------------------------
Start Renaming Generated Nets
---------------------------------------------------------------------------------
---------------------------------------------------------------------------------
Finished Renaming Generated Nets : Time (s): cpu = 00:00:45 ; elapsed = 00:01:15 . Memory (MB): peak = 2695.328 ; gain = 898.117 ; free physical = 1193 ; free virtual = 6243
---------------------------------------------------------------------------------
---------------------------------------------------------------------------------
Start Writing Synthesis Report
---------------------------------------------------------------------------------

Report BlackBoxes: 
+-+--------------+----------+
| |BlackBox name |Instances |
+-+--------------+----------+
+-+--------------+----------+

Report Cell Usage: 
+------+-------+------+
|      |Cell   |Count |
+------+-------+------+
|1     |IBUFDS |     1|
+------+-------+------+

Report Instance Areas: 
+------+---------+------------+------+
|      |Instance |Module      |Cells |
+------+---------+------------+------+
|1     |top      |            |     1|
|2     |  U0     |util_ds_buf |     1|
+------+---------+------------+------+
---------------------------------------------------------------------------------
Finished Writing Synthesis Report : Time (s): cpu = 00:00:45 ; elapsed = 00:01:15 . Memory (MB): peak = 2696.328 ; gain = 899.117 ; free physical = 1194 ; free virtual = 6243
---------------------------------------------------------------------------------
Synthesis finished with 0 errors, 0 critical warnings and 23 warnings.
Synthesis Optimization Runtime : Time (s): cpu = 00:00:32 ; elapsed = 00:00:52 . Memory (MB): peak = 2696.328 ; gain = 202.664 ; free physical = 1261 ; free virtual = 6311
Synthesis Optimization Complete : Time (s): cpu = 00:00:45 ; elapsed = 00:01:15 . Memory (MB): peak = 2696.336 ; gain = 899.117 ; free physical = 1262 ; free virtual = 6312
INFO: [Project 1-571] Translating synthesized netlist
INFO: [Netlist 29-17] Analyzing 1 Unisim elements for replacement
INFO: [Netlist 29-28] Unisim Transformation completed in 0 CPU seconds
INFO: [Project 1-570] Preparing netlist for logic optimization
INFO: [Opt 31-138] Pushed 0 inverter(s) to 0 load pin(s).
INFO: [Project 1-111] Unisim Transformation Summary:
  A total of 1 instances were transformed.
  IBUFDS => IBUFDS (DIFFINBUF, IBUFCTRL): 1 instances

INFO: [Common 17-83] Releasing license: Synthesis
20 Infos, 51 Warnings, 0 Critical Warnings and 0 Errors encountered.
synth_design completed successfully
synth_design: Time (s): cpu = 00:00:47 ; elapsed = 00:01:16 . Memory (MB): peak = 2735.031 ; gain = 945.824 ; free physical = 1462 ; free virtual = 6512
WARNING: [Constraints 18-5210] No constraint will be written out.
INFO: [Common 17-1381] The checkpoint '/home/lewiz/sambashare/KIRATEY/RELEASE/LMAC_ETH_1G_xczu9eg/LMAC_ETH_1G.runs/LMAC_ETH_1G_util_ds_buf_0_0_synth_1/LMAC_ETH_1G_util_ds_buf_0_0.dcp' has been generated.
INFO: [Coretcl 2-1482] Added synthesis output to IP cache for IP /home/lewiz/sambashare/KIRATEY/RELEASE/LMAC_ETH_1G_xczu9eg/LMAC_ETH_1G.srcs/sources_1/bd/LMAC_ETH_1G/ip/LMAC_ETH_1G_util_ds_buf_0_0/LMAC_ETH_1G_util_ds_buf_0_0.xci
WARNING: [Constraints 18-5210] No constraint will be written out.
INFO: [Common 17-1381] The checkpoint '/home/lewiz/sambashare/KIRATEY/RELEASE/LMAC_ETH_1G_xczu9eg/LMAC_ETH_1G.runs/LMAC_ETH_1G_util_ds_buf_0_0_synth_1/LMAC_ETH_1G_util_ds_buf_0_0.dcp' has been generated.
INFO: [runtcl-4] Executing : report_utilization -file LMAC_ETH_1G_util_ds_buf_0_0_utilization_synth.rpt -pb LMAC_ETH_1G_util_ds_buf_0_0_utilization_synth.pb
report_utilization: Time (s): cpu = 00:00:00.24 ; elapsed = 00:00:00.29 . Memory (MB): peak = 2739.031 ; gain = 0.000 ; free physical = 1431 ; free virtual = 6481
INFO: [Common 17-206] Exiting Vivado at Sun Apr  7 14:37:47 2019...
