
*** Running vivado
    with args -log ps_emio_eth_1g_wrapper.vds -m64 -product Vivado -mode batch -messageDb vivado.pb -notrace -source ps_emio_eth_1g_wrapper.tcl


****** Vivado v2018.2 (64-bit)
  **** SW Build 2258646 on Thu Jun 14 20:02:38 MDT 2018
  **** IP Build 2256618 on Thu Jun 14 22:10:49 MDT 2018
    ** Copyright 1986-2018 Xilinx, Inc. All Rights Reserved.

source ps_emio_eth_1g_wrapper.tcl -notrace
INFO: [IP_Flow 19-234] Refreshing IP repositories
INFO: [IP_Flow 19-1700] Loaded user IP repository '/home/lewiz/sambashare/KIRATEY/RELEASE/runs_lmac_eth_1g_xczu9eg/LMAC_DFIFO_BRIDGE_IP'.
INFO: [IP_Flow 19-2313] Loaded Vivado IP repository '/opt/Xilinx/Vivado/2018.2/data/ip'.
add_files: Time (s): cpu = 00:00:11 ; elapsed = 00:00:13 . Memory (MB): peak = 1789.211 ; gain = 462.242 ; free physical = 4688 ; free virtual = 15613
Command: synth_design -top ps_emio_eth_1g_wrapper -part xczu9eg-ffvb1156-2-e
Starting synth_design
Attempting to get a license for feature 'Synthesis' and/or device 'xczu9eg'
INFO: [Common 17-349] Got license for feature 'Synthesis' and/or device 'xczu9eg'
INFO: [Common 17-86] Your Synthesis license expires in 25 day(s)
INFO: Launching helper process for spawning children vivado processes
INFO: Helper process launched with PID 12043 
---------------------------------------------------------------------------------
Starting RTL Elaboration : Time (s): cpu = 00:00:02 ; elapsed = 00:00:03 . Memory (MB): peak = 1797.215 ; gain = 0.000 ; free physical = 4568 ; free virtual = 15496
---------------------------------------------------------------------------------
INFO: [Synth 8-6157] synthesizing module 'ps_emio_eth_1g_wrapper' [/home/lewiz/sambashare/KIRATEY/RELEASE/runs_lmac_eth_1g_xczu9eg/ps_emio_eth_1g.srcs/sources_1/bd/ps_emio_eth_1g/hdl/ps_emio_eth_1g_wrapper.v:12]
INFO: [Synth 8-6157] synthesizing module 'ps_emio_eth_1g' [/home/lewiz/sambashare/KIRATEY/RELEASE/runs_lmac_eth_1g_xczu9eg/ps_emio_eth_1g.srcs/sources_1/bd/ps_emio_eth_1g/synth/ps_emio_eth_1g.v:54]
INFO: [Synth 8-6157] synthesizing module 'ps_emio_eth_1g_AXIS_LMAC_0_1' [/home/lewiz/sambashare/KIRATEY/RELEASE/runs_lmac_eth_1g_xczu9eg/ps_emio_eth_1g.runs/synth_1/.Xil/Vivado-12027-ubeluga/realtime/ps_emio_eth_1g_AXIS_LMAC_0_1_stub.v:6]
INFO: [Synth 8-6155] done synthesizing module 'ps_emio_eth_1g_AXIS_LMAC_0_1' (1#1) [/home/lewiz/sambashare/KIRATEY/RELEASE/runs_lmac_eth_1g_xczu9eg/ps_emio_eth_1g.runs/synth_1/.Xil/Vivado-12027-ubeluga/realtime/ps_emio_eth_1g_AXIS_LMAC_0_1_stub.v:6]
INFO: [Synth 8-6157] synthesizing module 'ps_emio_eth_1g_axi_dma_0_0' [/home/lewiz/sambashare/KIRATEY/RELEASE/runs_lmac_eth_1g_xczu9eg/ps_emio_eth_1g.runs/synth_1/.Xil/Vivado-12027-ubeluga/realtime/ps_emio_eth_1g_axi_dma_0_0_stub.v:6]
INFO: [Synth 8-6155] done synthesizing module 'ps_emio_eth_1g_axi_dma_0_0' (2#1) [/home/lewiz/sambashare/KIRATEY/RELEASE/runs_lmac_eth_1g_xczu9eg/ps_emio_eth_1g.runs/synth_1/.Xil/Vivado-12027-ubeluga/realtime/ps_emio_eth_1g_axi_dma_0_0_stub.v:6]
WARNING: [Synth 8-350] instance 'axi_dma_0' of module 'ps_emio_eth_1g_axi_dma_0_0' requires 94 connections, but only 91 given [/home/lewiz/sambashare/KIRATEY/RELEASE/runs_lmac_eth_1g_xczu9eg/ps_emio_eth_1g.srcs/sources_1/bd/ps_emio_eth_1g/synth/ps_emio_eth_1g.v:319]
INFO: [Synth 8-6157] synthesizing module 'ps_emio_eth_1g_axi_smc_0' [/home/lewiz/sambashare/KIRATEY/RELEASE/runs_lmac_eth_1g_xczu9eg/ps_emio_eth_1g.runs/synth_1/.Xil/Vivado-12027-ubeluga/realtime/ps_emio_eth_1g_axi_smc_0_stub.v:6]
INFO: [Synth 8-6155] done synthesizing module 'ps_emio_eth_1g_axi_smc_0' (3#1) [/home/lewiz/sambashare/KIRATEY/RELEASE/runs_lmac_eth_1g_xczu9eg/ps_emio_eth_1g.runs/synth_1/.Xil/Vivado-12027-ubeluga/realtime/ps_emio_eth_1g_axi_smc_0_stub.v:6]
INFO: [Synth 8-6157] synthesizing module 'ps_emio_eth_1g_c_counter_binary_0_0' [/home/lewiz/sambashare/KIRATEY/RELEASE/runs_lmac_eth_1g_xczu9eg/ps_emio_eth_1g.runs/synth_1/.Xil/Vivado-12027-ubeluga/realtime/ps_emio_eth_1g_c_counter_binary_0_0_stub.v:6]
INFO: [Synth 8-6155] done synthesizing module 'ps_emio_eth_1g_c_counter_binary_0_0' (4#1) [/home/lewiz/sambashare/KIRATEY/RELEASE/runs_lmac_eth_1g_xczu9eg/ps_emio_eth_1g.runs/synth_1/.Xil/Vivado-12027-ubeluga/realtime/ps_emio_eth_1g_c_counter_binary_0_0_stub.v:6]
INFO: [Synth 8-6157] synthesizing module 'ps_emio_eth_1g_c_counter_binary_0_1' [/home/lewiz/sambashare/KIRATEY/RELEASE/runs_lmac_eth_1g_xczu9eg/ps_emio_eth_1g.runs/synth_1/.Xil/Vivado-12027-ubeluga/realtime/ps_emio_eth_1g_c_counter_binary_0_1_stub.v:6]
INFO: [Synth 8-6155] done synthesizing module 'ps_emio_eth_1g_c_counter_binary_0_1' (5#1) [/home/lewiz/sambashare/KIRATEY/RELEASE/runs_lmac_eth_1g_xczu9eg/ps_emio_eth_1g.runs/synth_1/.Xil/Vivado-12027-ubeluga/realtime/ps_emio_eth_1g_c_counter_binary_0_1_stub.v:6]
INFO: [Synth 8-6157] synthesizing module 'constants_imp_RXDHRJ' [/home/lewiz/sambashare/KIRATEY/RELEASE/runs_lmac_eth_1g_xczu9eg/ps_emio_eth_1g.srcs/sources_1/bd/ps_emio_eth_1g/synth/ps_emio_eth_1g.v:12]
INFO: [Synth 8-6157] synthesizing module 'ps_emio_eth_1g_xlconstant_0_0' [/home/lewiz/sambashare/KIRATEY/RELEASE/runs_lmac_eth_1g_xczu9eg/ps_emio_eth_1g.runs/synth_1/.Xil/Vivado-12027-ubeluga/realtime/ps_emio_eth_1g_xlconstant_0_0_stub.v:6]
INFO: [Synth 8-6155] done synthesizing module 'ps_emio_eth_1g_xlconstant_0_0' (6#1) [/home/lewiz/sambashare/KIRATEY/RELEASE/runs_lmac_eth_1g_xczu9eg/ps_emio_eth_1g.runs/synth_1/.Xil/Vivado-12027-ubeluga/realtime/ps_emio_eth_1g_xlconstant_0_0_stub.v:6]
INFO: [Synth 8-6157] synthesizing module 'ps_emio_eth_1g_xlconstant_1_0' [/home/lewiz/sambashare/KIRATEY/RELEASE/runs_lmac_eth_1g_xczu9eg/ps_emio_eth_1g.runs/synth_1/.Xil/Vivado-12027-ubeluga/realtime/ps_emio_eth_1g_xlconstant_1_0_stub.v:6]
INFO: [Synth 8-6155] done synthesizing module 'ps_emio_eth_1g_xlconstant_1_0' (7#1) [/home/lewiz/sambashare/KIRATEY/RELEASE/runs_lmac_eth_1g_xczu9eg/ps_emio_eth_1g.runs/synth_1/.Xil/Vivado-12027-ubeluga/realtime/ps_emio_eth_1g_xlconstant_1_0_stub.v:6]
INFO: [Synth 8-6157] synthesizing module 'ps_emio_eth_1g_xlconstant_2_0' [/home/lewiz/sambashare/KIRATEY/RELEASE/runs_lmac_eth_1g_xczu9eg/ps_emio_eth_1g.runs/synth_1/.Xil/Vivado-12027-ubeluga/realtime/ps_emio_eth_1g_xlconstant_2_0_stub.v:6]
INFO: [Synth 8-6155] done synthesizing module 'ps_emio_eth_1g_xlconstant_2_0' (8#1) [/home/lewiz/sambashare/KIRATEY/RELEASE/runs_lmac_eth_1g_xczu9eg/ps_emio_eth_1g.runs/synth_1/.Xil/Vivado-12027-ubeluga/realtime/ps_emio_eth_1g_xlconstant_2_0_stub.v:6]
INFO: [Synth 8-6157] synthesizing module 'ps_emio_eth_1g_xlconstant_3_0' [/home/lewiz/sambashare/KIRATEY/RELEASE/runs_lmac_eth_1g_xczu9eg/ps_emio_eth_1g.runs/synth_1/.Xil/Vivado-12027-ubeluga/realtime/ps_emio_eth_1g_xlconstant_3_0_stub.v:6]
INFO: [Synth 8-6155] done synthesizing module 'ps_emio_eth_1g_xlconstant_3_0' (9#1) [/home/lewiz/sambashare/KIRATEY/RELEASE/runs_lmac_eth_1g_xczu9eg/ps_emio_eth_1g.runs/synth_1/.Xil/Vivado-12027-ubeluga/realtime/ps_emio_eth_1g_xlconstant_3_0_stub.v:6]
INFO: [Synth 8-6157] synthesizing module 'ps_emio_eth_1g_xlconstant_4_0' [/home/lewiz/sambashare/KIRATEY/RELEASE/runs_lmac_eth_1g_xczu9eg/ps_emio_eth_1g.runs/synth_1/.Xil/Vivado-12027-ubeluga/realtime/ps_emio_eth_1g_xlconstant_4_0_stub.v:6]
INFO: [Synth 8-6155] done synthesizing module 'ps_emio_eth_1g_xlconstant_4_0' (10#1) [/home/lewiz/sambashare/KIRATEY/RELEASE/runs_lmac_eth_1g_xczu9eg/ps_emio_eth_1g.runs/synth_1/.Xil/Vivado-12027-ubeluga/realtime/ps_emio_eth_1g_xlconstant_4_0_stub.v:6]
INFO: [Synth 8-6157] synthesizing module 'ps_emio_eth_1g_xlconstant_5_0' [/home/lewiz/sambashare/KIRATEY/RELEASE/runs_lmac_eth_1g_xczu9eg/ps_emio_eth_1g.runs/synth_1/.Xil/Vivado-12027-ubeluga/realtime/ps_emio_eth_1g_xlconstant_5_0_stub.v:6]
INFO: [Synth 8-6155] done synthesizing module 'ps_emio_eth_1g_xlconstant_5_0' (11#1) [/home/lewiz/sambashare/KIRATEY/RELEASE/runs_lmac_eth_1g_xczu9eg/ps_emio_eth_1g.runs/synth_1/.Xil/Vivado-12027-ubeluga/realtime/ps_emio_eth_1g_xlconstant_5_0_stub.v:6]
INFO: [Synth 8-6155] done synthesizing module 'constants_imp_RXDHRJ' (12#1) [/home/lewiz/sambashare/KIRATEY/RELEASE/runs_lmac_eth_1g_xczu9eg/ps_emio_eth_1g.srcs/sources_1/bd/ps_emio_eth_1g/synth/ps_emio_eth_1g.v:12]
WARNING: [Synth 8-350] instance 'constants' of module 'constants_imp_RXDHRJ' requires 6 connections, but only 5 given [/home/lewiz/sambashare/KIRATEY/RELEASE/runs_lmac_eth_1g_xczu9eg/ps_emio_eth_1g.srcs/sources_1/bd/ps_emio_eth_1g/synth/ps_emio_eth_1g.v:519]
INFO: [Synth 8-6157] synthesizing module 'ps_emio_eth_1g_gig_ethernet_pcs_pma_0_0' [/home/lewiz/sambashare/KIRATEY/RELEASE/runs_lmac_eth_1g_xczu9eg/ps_emio_eth_1g.runs/synth_1/.Xil/Vivado-12027-ubeluga/realtime/ps_emio_eth_1g_gig_ethernet_pcs_pma_0_0_stub.v:5]
INFO: [Synth 8-6155] done synthesizing module 'ps_emio_eth_1g_gig_ethernet_pcs_pma_0_0' (13#1) [/home/lewiz/sambashare/KIRATEY/RELEASE/runs_lmac_eth_1g_xczu9eg/ps_emio_eth_1g.runs/synth_1/.Xil/Vivado-12027-ubeluga/realtime/ps_emio_eth_1g_gig_ethernet_pcs_pma_0_0_stub.v:5]
WARNING: [Synth 8-350] instance 'gig_ethernet_pcs_pma_0' of module 'ps_emio_eth_1g_gig_ethernet_pcs_pma_0_0' requires 30 connections, but only 21 given [/home/lewiz/sambashare/KIRATEY/RELEASE/runs_lmac_eth_1g_xczu9eg/ps_emio_eth_1g.srcs/sources_1/bd/ps_emio_eth_1g/synth/ps_emio_eth_1g.v:525]
WARNING: [Synth 8-4446] all outputs are unconnected for this instance and logic may be removed [/home/lewiz/sambashare/KIRATEY/RELEASE/runs_lmac_eth_1g_xczu9eg/ps_emio_eth_1g.srcs/sources_1/bd/ps_emio_eth_1g/synth/ps_emio_eth_1g.v:547]
INFO: [Synth 8-6157] synthesizing module 'ps_emio_eth_1g_ila_0_0' [/home/lewiz/sambashare/KIRATEY/RELEASE/runs_lmac_eth_1g_xczu9eg/ps_emio_eth_1g.runs/synth_1/.Xil/Vivado-12027-ubeluga/realtime/ps_emio_eth_1g_ila_0_0_stub.v:6]
INFO: [Synth 8-6155] done synthesizing module 'ps_emio_eth_1g_ila_0_0' (14#1) [/home/lewiz/sambashare/KIRATEY/RELEASE/runs_lmac_eth_1g_xczu9eg/ps_emio_eth_1g.runs/synth_1/.Xil/Vivado-12027-ubeluga/realtime/ps_emio_eth_1g_ila_0_0_stub.v:6]
INFO: [Synth 8-6157] synthesizing module 'ps_emio_eth_1g_ps8_0_axi_periph_0' [/home/lewiz/sambashare/KIRATEY/RELEASE/runs_lmac_eth_1g_xczu9eg/ps_emio_eth_1g.srcs/sources_1/bd/ps_emio_eth_1g/synth/ps_emio_eth_1g.v:736]
INFO: [Synth 8-6157] synthesizing module 's00_couplers_imp_1A67VUR' [/home/lewiz/sambashare/KIRATEY/RELEASE/runs_lmac_eth_1g_xczu9eg/ps_emio_eth_1g.srcs/sources_1/bd/ps_emio_eth_1g/synth/ps_emio_eth_1g.v:1031]
INFO: [Synth 8-6157] synthesizing module 'ps_emio_eth_1g_auto_pc_0' [/home/lewiz/sambashare/KIRATEY/RELEASE/runs_lmac_eth_1g_xczu9eg/ps_emio_eth_1g.runs/synth_1/.Xil/Vivado-12027-ubeluga/realtime/ps_emio_eth_1g_auto_pc_0_stub.v:6]
INFO: [Synth 8-6155] done synthesizing module 'ps_emio_eth_1g_auto_pc_0' (15#1) [/home/lewiz/sambashare/KIRATEY/RELEASE/runs_lmac_eth_1g_xczu9eg/ps_emio_eth_1g.runs/synth_1/.Xil/Vivado-12027-ubeluga/realtime/ps_emio_eth_1g_auto_pc_0_stub.v:6]
WARNING: [Synth 8-350] instance 'auto_pc' of module 'ps_emio_eth_1g_auto_pc_0' requires 60 connections, but only 57 given [/home/lewiz/sambashare/KIRATEY/RELEASE/runs_lmac_eth_1g_xczu9eg/ps_emio_eth_1g.srcs/sources_1/bd/ps_emio_eth_1g/synth/ps_emio_eth_1g.v:1258]
INFO: [Synth 8-6155] done synthesizing module 's00_couplers_imp_1A67VUR' (16#1) [/home/lewiz/sambashare/KIRATEY/RELEASE/runs_lmac_eth_1g_xczu9eg/ps_emio_eth_1g.srcs/sources_1/bd/ps_emio_eth_1g/synth/ps_emio_eth_1g.v:1031]
INFO: [Synth 8-6155] done synthesizing module 'ps_emio_eth_1g_ps8_0_axi_periph_0' (17#1) [/home/lewiz/sambashare/KIRATEY/RELEASE/runs_lmac_eth_1g_xczu9eg/ps_emio_eth_1g.srcs/sources_1/bd/ps_emio_eth_1g/synth/ps_emio_eth_1g.v:736]
INFO: [Synth 8-6157] synthesizing module 'ps_emio_eth_1g_rst_ps8_0_49M_0' [/home/lewiz/sambashare/KIRATEY/RELEASE/runs_lmac_eth_1g_xczu9eg/ps_emio_eth_1g.runs/synth_1/.Xil/Vivado-12027-ubeluga/realtime/ps_emio_eth_1g_rst_ps8_0_49M_0_stub.v:6]
INFO: [Synth 8-6155] done synthesizing module 'ps_emio_eth_1g_rst_ps8_0_49M_0' (18#1) [/home/lewiz/sambashare/KIRATEY/RELEASE/runs_lmac_eth_1g_xczu9eg/ps_emio_eth_1g.runs/synth_1/.Xil/Vivado-12027-ubeluga/realtime/ps_emio_eth_1g_rst_ps8_0_49M_0_stub.v:6]
WARNING: [Synth 8-350] instance 'rst_ps8_0_49M' of module 'ps_emio_eth_1g_rst_ps8_0_49M_0' requires 10 connections, but only 8 given [/home/lewiz/sambashare/KIRATEY/RELEASE/runs_lmac_eth_1g_xczu9eg/ps_emio_eth_1g.srcs/sources_1/bd/ps_emio_eth_1g/synth/ps_emio_eth_1g.v:619]
INFO: [Synth 8-6157] synthesizing module 'ps_emio_eth_1g_util_ds_buf_0_0' [/home/lewiz/sambashare/KIRATEY/RELEASE/runs_lmac_eth_1g_xczu9eg/ps_emio_eth_1g.runs/synth_1/.Xil/Vivado-12027-ubeluga/realtime/ps_emio_eth_1g_util_ds_buf_0_0_stub.v:6]
INFO: [Synth 8-6155] done synthesizing module 'ps_emio_eth_1g_util_ds_buf_0_0' (19#1) [/home/lewiz/sambashare/KIRATEY/RELEASE/runs_lmac_eth_1g_xczu9eg/ps_emio_eth_1g.runs/synth_1/.Xil/Vivado-12027-ubeluga/realtime/ps_emio_eth_1g_util_ds_buf_0_0_stub.v:6]
INFO: [Synth 8-6157] synthesizing module 'ps_emio_eth_1g_util_ds_buf_1_0' [/home/lewiz/sambashare/KIRATEY/RELEASE/runs_lmac_eth_1g_xczu9eg/ps_emio_eth_1g.runs/synth_1/.Xil/Vivado-12027-ubeluga/realtime/ps_emio_eth_1g_util_ds_buf_1_0_stub.v:6]
INFO: [Synth 8-6155] done synthesizing module 'ps_emio_eth_1g_util_ds_buf_1_0' (20#1) [/home/lewiz/sambashare/KIRATEY/RELEASE/runs_lmac_eth_1g_xczu9eg/ps_emio_eth_1g.runs/synth_1/.Xil/Vivado-12027-ubeluga/realtime/ps_emio_eth_1g_util_ds_buf_1_0_stub.v:6]
INFO: [Synth 8-6157] synthesizing module 'ps_emio_eth_1g_xlconcat_0_0' [/home/lewiz/sambashare/KIRATEY/RELEASE/runs_lmac_eth_1g_xczu9eg/ps_emio_eth_1g.runs/synth_1/.Xil/Vivado-12027-ubeluga/realtime/ps_emio_eth_1g_xlconcat_0_0_stub.v:6]
INFO: [Synth 8-6155] done synthesizing module 'ps_emio_eth_1g_xlconcat_0_0' (21#1) [/home/lewiz/sambashare/KIRATEY/RELEASE/runs_lmac_eth_1g_xczu9eg/ps_emio_eth_1g.runs/synth_1/.Xil/Vivado-12027-ubeluga/realtime/ps_emio_eth_1g_xlconcat_0_0_stub.v:6]
INFO: [Synth 8-6157] synthesizing module 'ps_emio_eth_1g_xlconstant_0_2' [/home/lewiz/sambashare/KIRATEY/RELEASE/runs_lmac_eth_1g_xczu9eg/ps_emio_eth_1g.runs/synth_1/.Xil/Vivado-12027-ubeluga/realtime/ps_emio_eth_1g_xlconstant_0_2_stub.v:6]
INFO: [Synth 8-6155] done synthesizing module 'ps_emio_eth_1g_xlconstant_0_2' (22#1) [/home/lewiz/sambashare/KIRATEY/RELEASE/runs_lmac_eth_1g_xczu9eg/ps_emio_eth_1g.runs/synth_1/.Xil/Vivado-12027-ubeluga/realtime/ps_emio_eth_1g_xlconstant_0_2_stub.v:6]
INFO: [Synth 8-6157] synthesizing module 'ps_emio_eth_1g_xlslice_0_0' [/home/lewiz/sambashare/KIRATEY/RELEASE/runs_lmac_eth_1g_xczu9eg/ps_emio_eth_1g.runs/synth_1/.Xil/Vivado-12027-ubeluga/realtime/ps_emio_eth_1g_xlslice_0_0_stub.v:6]
INFO: [Synth 8-6155] done synthesizing module 'ps_emio_eth_1g_xlslice_0_0' (23#1) [/home/lewiz/sambashare/KIRATEY/RELEASE/runs_lmac_eth_1g_xczu9eg/ps_emio_eth_1g.runs/synth_1/.Xil/Vivado-12027-ubeluga/realtime/ps_emio_eth_1g_xlslice_0_0_stub.v:6]
INFO: [Synth 8-6157] synthesizing module 'ps_emio_eth_1g_xlslice_1_0' [/home/lewiz/sambashare/KIRATEY/RELEASE/runs_lmac_eth_1g_xczu9eg/ps_emio_eth_1g.runs/synth_1/.Xil/Vivado-12027-ubeluga/realtime/ps_emio_eth_1g_xlslice_1_0_stub.v:6]
INFO: [Synth 8-6155] done synthesizing module 'ps_emio_eth_1g_xlslice_1_0' (24#1) [/home/lewiz/sambashare/KIRATEY/RELEASE/runs_lmac_eth_1g_xczu9eg/ps_emio_eth_1g.runs/synth_1/.Xil/Vivado-12027-ubeluga/realtime/ps_emio_eth_1g_xlslice_1_0_stub.v:6]
INFO: [Synth 8-6157] synthesizing module 'ps_emio_eth_1g_xlslice_2_0' [/home/lewiz/sambashare/KIRATEY/RELEASE/runs_lmac_eth_1g_xczu9eg/ps_emio_eth_1g.runs/synth_1/.Xil/Vivado-12027-ubeluga/realtime/ps_emio_eth_1g_xlslice_2_0_stub.v:6]
INFO: [Synth 8-6155] done synthesizing module 'ps_emio_eth_1g_xlslice_2_0' (25#1) [/home/lewiz/sambashare/KIRATEY/RELEASE/runs_lmac_eth_1g_xczu9eg/ps_emio_eth_1g.runs/synth_1/.Xil/Vivado-12027-ubeluga/realtime/ps_emio_eth_1g_xlslice_2_0_stub.v:6]
INFO: [Synth 8-6157] synthesizing module 'ps_emio_eth_1g_xlslice_0_1' [/home/lewiz/sambashare/KIRATEY/RELEASE/runs_lmac_eth_1g_xczu9eg/ps_emio_eth_1g.runs/synth_1/.Xil/Vivado-12027-ubeluga/realtime/ps_emio_eth_1g_xlslice_0_1_stub.v:6]
INFO: [Synth 8-6155] done synthesizing module 'ps_emio_eth_1g_xlslice_0_1' (26#1) [/home/lewiz/sambashare/KIRATEY/RELEASE/runs_lmac_eth_1g_xczu9eg/ps_emio_eth_1g.runs/synth_1/.Xil/Vivado-12027-ubeluga/realtime/ps_emio_eth_1g_xlslice_0_1_stub.v:6]
INFO: [Synth 8-6157] synthesizing module 'ps_emio_eth_1g_zynq_ultra_ps_e_0_0' [/home/lewiz/sambashare/KIRATEY/RELEASE/runs_lmac_eth_1g_xczu9eg/ps_emio_eth_1g.runs/synth_1/.Xil/Vivado-12027-ubeluga/realtime/ps_emio_eth_1g_zynq_ultra_ps_e_0_0_stub.v:6]
INFO: [Synth 8-6155] done synthesizing module 'ps_emio_eth_1g_zynq_ultra_ps_e_0_0' (27#1) [/home/lewiz/sambashare/KIRATEY/RELEASE/runs_lmac_eth_1g_xczu9eg/ps_emio_eth_1g.runs/synth_1/.Xil/Vivado-12027-ubeluga/realtime/ps_emio_eth_1g_zynq_ultra_ps_e_0_0_stub.v:6]
WARNING: [Synth 8-350] instance 'zynq_ultra_ps_e_0' of module 'ps_emio_eth_1g_zynq_ultra_ps_e_0_0' requires 86 connections, but only 80 given [/home/lewiz/sambashare/KIRATEY/RELEASE/runs_lmac_eth_1g_xczu9eg/ps_emio_eth_1g.srcs/sources_1/bd/ps_emio_eth_1g/synth/ps_emio_eth_1g.v:653]
INFO: [Synth 8-6071] Mark debug on the nets applies keep_hierarchy on instance 'AXIS_LMAC_0'. This will prevent further optimization [/home/lewiz/sambashare/KIRATEY/RELEASE/runs_lmac_eth_1g_xczu9eg/ps_emio_eth_1g.srcs/sources_1/bd/ps_emio_eth_1g/synth/ps_emio_eth_1g.v:298]
INFO: [Synth 8-6071] Mark debug on the nets applies keep_hierarchy on instance 'ila_0'. This will prevent further optimization [/home/lewiz/sambashare/KIRATEY/RELEASE/runs_lmac_eth_1g_xczu9eg/ps_emio_eth_1g.srcs/sources_1/bd/ps_emio_eth_1g/synth/ps_emio_eth_1g.v:547]
INFO: [Synth 8-6071] Mark debug on the nets applies keep_hierarchy on instance 'gig_ethernet_pcs_pma_0'. This will prevent further optimization [/home/lewiz/sambashare/KIRATEY/RELEASE/runs_lmac_eth_1g_xczu9eg/ps_emio_eth_1g.srcs/sources_1/bd/ps_emio_eth_1g/synth/ps_emio_eth_1g.v:525]
INFO: [Synth 8-6071] Mark debug on the nets applies keep_hierarchy on instance 'axi_dma_0'. This will prevent further optimization [/home/lewiz/sambashare/KIRATEY/RELEASE/runs_lmac_eth_1g_xczu9eg/ps_emio_eth_1g.srcs/sources_1/bd/ps_emio_eth_1g/synth/ps_emio_eth_1g.v:319]
INFO: [Synth 8-6155] done synthesizing module 'ps_emio_eth_1g' (28#1) [/home/lewiz/sambashare/KIRATEY/RELEASE/runs_lmac_eth_1g_xczu9eg/ps_emio_eth_1g.srcs/sources_1/bd/ps_emio_eth_1g/synth/ps_emio_eth_1g.v:54]
INFO: [Synth 8-6155] done synthesizing module 'ps_emio_eth_1g_wrapper' (29#1) [/home/lewiz/sambashare/KIRATEY/RELEASE/runs_lmac_eth_1g_xczu9eg/ps_emio_eth_1g.srcs/sources_1/bd/ps_emio_eth_1g/hdl/ps_emio_eth_1g_wrapper.v:12]
WARNING: [Synth 8-3331] design s00_couplers_imp_1A67VUR has unconnected port M_ACLK
WARNING: [Synth 8-3331] design s00_couplers_imp_1A67VUR has unconnected port M_ARESETN
WARNING: [Synth 8-3331] design ps_emio_eth_1g_ps8_0_axi_periph_0 has unconnected port ACLK
WARNING: [Synth 8-3331] design ps_emio_eth_1g_ps8_0_axi_periph_0 has unconnected port ARESETN
---------------------------------------------------------------------------------
Finished RTL Elaboration : Time (s): cpu = 00:00:02 ; elapsed = 00:00:04 . Memory (MB): peak = 1797.215 ; gain = 0.000 ; free physical = 4572 ; free virtual = 15502
---------------------------------------------------------------------------------

Report Check Netlist: 
+------+------------------+-------+---------+-------+------------------+
|      |Item              |Errors |Warnings |Status |Description       |
+------+------------------+-------+---------+-------+------------------+
|1     |multi_driven_nets |      0|        0|Passed |Multi driven nets |
+------+------------------+-------+---------+-------+------------------+
---------------------------------------------------------------------------------
Start Handling Custom Attributes
---------------------------------------------------------------------------------
---------------------------------------------------------------------------------
Finished Handling Custom Attributes : Time (s): cpu = 00:00:03 ; elapsed = 00:00:04 . Memory (MB): peak = 1797.215 ; gain = 0.000 ; free physical = 4572 ; free virtual = 15503
---------------------------------------------------------------------------------
---------------------------------------------------------------------------------
Finished RTL Optimization Phase 1 : Time (s): cpu = 00:00:03 ; elapsed = 00:00:04 . Memory (MB): peak = 1797.215 ; gain = 0.000 ; free physical = 4572 ; free virtual = 15503
---------------------------------------------------------------------------------
INFO: [Device 21-403] Loading part xczu9eg-ffvb1156-2-e
INFO: [Project 1-570] Preparing netlist for logic optimization

Processing XDC Constraints
Initializing timing engine
Parsing XDC File [/home/lewiz/sambashare/KIRATEY/RELEASE/runs_lmac_eth_1g_xczu9eg/ps_emio_eth_1g.srcs/sources_1/bd/ps_emio_eth_1g/ip/ps_emio_eth_1g_c_counter_binary_0_0/ps_emio_eth_1g_c_counter_binary_0_0/ps_emio_eth_1g_c_counter_binary_0_0_in_context.xdc] for cell 'ps_emio_eth_1g_i/c_counter_binary_0'
Finished Parsing XDC File [/home/lewiz/sambashare/KIRATEY/RELEASE/runs_lmac_eth_1g_xczu9eg/ps_emio_eth_1g.srcs/sources_1/bd/ps_emio_eth_1g/ip/ps_emio_eth_1g_c_counter_binary_0_0/ps_emio_eth_1g_c_counter_binary_0_0/ps_emio_eth_1g_c_counter_binary_0_0_in_context.xdc] for cell 'ps_emio_eth_1g_i/c_counter_binary_0'
Parsing XDC File [/home/lewiz/sambashare/KIRATEY/RELEASE/runs_lmac_eth_1g_xczu9eg/ps_emio_eth_1g.srcs/sources_1/bd/ps_emio_eth_1g/ip/ps_emio_eth_1g_gig_ethernet_pcs_pma_0_0/ps_emio_eth_1g_gig_ethernet_pcs_pma_0_0/ps_emio_eth_1g_gig_ethernet_pcs_pma_0_0_in_context.xdc] for cell 'ps_emio_eth_1g_i/gig_ethernet_pcs_pma_0'
Finished Parsing XDC File [/home/lewiz/sambashare/KIRATEY/RELEASE/runs_lmac_eth_1g_xczu9eg/ps_emio_eth_1g.srcs/sources_1/bd/ps_emio_eth_1g/ip/ps_emio_eth_1g_gig_ethernet_pcs_pma_0_0/ps_emio_eth_1g_gig_ethernet_pcs_pma_0_0/ps_emio_eth_1g_gig_ethernet_pcs_pma_0_0_in_context.xdc] for cell 'ps_emio_eth_1g_i/gig_ethernet_pcs_pma_0'
Parsing XDC File [/home/lewiz/sambashare/KIRATEY/RELEASE/runs_lmac_eth_1g_xczu9eg/ps_emio_eth_1g.srcs/sources_1/bd/ps_emio_eth_1g/ip/ps_emio_eth_1g_xlslice_0_0/ps_emio_eth_1g_xlslice_0_0/ps_emio_eth_1g_xlslice_0_0_in_context.xdc] for cell 'ps_emio_eth_1g_i/xlslice_0'
Finished Parsing XDC File [/home/lewiz/sambashare/KIRATEY/RELEASE/runs_lmac_eth_1g_xczu9eg/ps_emio_eth_1g.srcs/sources_1/bd/ps_emio_eth_1g/ip/ps_emio_eth_1g_xlslice_0_0/ps_emio_eth_1g_xlslice_0_0/ps_emio_eth_1g_xlslice_0_0_in_context.xdc] for cell 'ps_emio_eth_1g_i/xlslice_0'
Parsing XDC File [/home/lewiz/sambashare/KIRATEY/RELEASE/runs_lmac_eth_1g_xczu9eg/ps_emio_eth_1g.srcs/sources_1/bd/ps_emio_eth_1g/ip/ps_emio_eth_1g_xlslice_1_0/ps_emio_eth_1g_xlslice_1_0/ps_emio_eth_1g_xlslice_1_0_in_context.xdc] for cell 'ps_emio_eth_1g_i/xlslice_1'
Finished Parsing XDC File [/home/lewiz/sambashare/KIRATEY/RELEASE/runs_lmac_eth_1g_xczu9eg/ps_emio_eth_1g.srcs/sources_1/bd/ps_emio_eth_1g/ip/ps_emio_eth_1g_xlslice_1_0/ps_emio_eth_1g_xlslice_1_0/ps_emio_eth_1g_xlslice_1_0_in_context.xdc] for cell 'ps_emio_eth_1g_i/xlslice_1'
Parsing XDC File [/home/lewiz/sambashare/KIRATEY/RELEASE/runs_lmac_eth_1g_xczu9eg/ps_emio_eth_1g.srcs/sources_1/bd/ps_emio_eth_1g/ip/ps_emio_eth_1g_xlslice_2_0/ps_emio_eth_1g_xlslice_2_0/ps_emio_eth_1g_xlslice_2_0_in_context.xdc] for cell 'ps_emio_eth_1g_i/xlslice_2'
Finished Parsing XDC File [/home/lewiz/sambashare/KIRATEY/RELEASE/runs_lmac_eth_1g_xczu9eg/ps_emio_eth_1g.srcs/sources_1/bd/ps_emio_eth_1g/ip/ps_emio_eth_1g_xlslice_2_0/ps_emio_eth_1g_xlslice_2_0/ps_emio_eth_1g_xlslice_2_0_in_context.xdc] for cell 'ps_emio_eth_1g_i/xlslice_2'
Parsing XDC File [/home/lewiz/sambashare/KIRATEY/RELEASE/runs_lmac_eth_1g_xczu9eg/ps_emio_eth_1g.srcs/sources_1/bd/ps_emio_eth_1g/ip/ps_emio_eth_1g_zynq_ultra_ps_e_0_0/ps_emio_eth_1g_zynq_ultra_ps_e_0_0/ps_emio_eth_1g_zynq_ultra_ps_e_0_0_in_context.xdc] for cell 'ps_emio_eth_1g_i/zynq_ultra_ps_e_0'
Finished Parsing XDC File [/home/lewiz/sambashare/KIRATEY/RELEASE/runs_lmac_eth_1g_xczu9eg/ps_emio_eth_1g.srcs/sources_1/bd/ps_emio_eth_1g/ip/ps_emio_eth_1g_zynq_ultra_ps_e_0_0/ps_emio_eth_1g_zynq_ultra_ps_e_0_0/ps_emio_eth_1g_zynq_ultra_ps_e_0_0_in_context.xdc] for cell 'ps_emio_eth_1g_i/zynq_ultra_ps_e_0'
Parsing XDC File [/home/lewiz/sambashare/KIRATEY/RELEASE/runs_lmac_eth_1g_xczu9eg/ps_emio_eth_1g.srcs/sources_1/bd/ps_emio_eth_1g/ip/ps_emio_eth_1g_xlconstant_0_0/ps_emio_eth_1g_xlconstant_0_0/ps_emio_eth_1g_xlconstant_0_0_in_context.xdc] for cell 'ps_emio_eth_1g_i/constants/xlconstant_0'
Finished Parsing XDC File [/home/lewiz/sambashare/KIRATEY/RELEASE/runs_lmac_eth_1g_xczu9eg/ps_emio_eth_1g.srcs/sources_1/bd/ps_emio_eth_1g/ip/ps_emio_eth_1g_xlconstant_0_0/ps_emio_eth_1g_xlconstant_0_0/ps_emio_eth_1g_xlconstant_0_0_in_context.xdc] for cell 'ps_emio_eth_1g_i/constants/xlconstant_0'
Parsing XDC File [/home/lewiz/sambashare/KIRATEY/RELEASE/runs_lmac_eth_1g_xczu9eg/ps_emio_eth_1g.srcs/sources_1/bd/ps_emio_eth_1g/ip/ps_emio_eth_1g_xlconstant_1_0/ps_emio_eth_1g_xlconstant_1_0/ps_emio_eth_1g_xlconstant_1_0_in_context.xdc] for cell 'ps_emio_eth_1g_i/constants/xlconstant_1'
Finished Parsing XDC File [/home/lewiz/sambashare/KIRATEY/RELEASE/runs_lmac_eth_1g_xczu9eg/ps_emio_eth_1g.srcs/sources_1/bd/ps_emio_eth_1g/ip/ps_emio_eth_1g_xlconstant_1_0/ps_emio_eth_1g_xlconstant_1_0/ps_emio_eth_1g_xlconstant_1_0_in_context.xdc] for cell 'ps_emio_eth_1g_i/constants/xlconstant_1'
Parsing XDC File [/home/lewiz/sambashare/KIRATEY/RELEASE/runs_lmac_eth_1g_xczu9eg/ps_emio_eth_1g.srcs/sources_1/bd/ps_emio_eth_1g/ip/ps_emio_eth_1g_xlconstant_2_0/ps_emio_eth_1g_xlconstant_2_0/ps_emio_eth_1g_xlconstant_2_0_in_context.xdc] for cell 'ps_emio_eth_1g_i/constants/xlconstant_2'
Finished Parsing XDC File [/home/lewiz/sambashare/KIRATEY/RELEASE/runs_lmac_eth_1g_xczu9eg/ps_emio_eth_1g.srcs/sources_1/bd/ps_emio_eth_1g/ip/ps_emio_eth_1g_xlconstant_2_0/ps_emio_eth_1g_xlconstant_2_0/ps_emio_eth_1g_xlconstant_2_0_in_context.xdc] for cell 'ps_emio_eth_1g_i/constants/xlconstant_2'
Parsing XDC File [/home/lewiz/sambashare/KIRATEY/RELEASE/runs_lmac_eth_1g_xczu9eg/ps_emio_eth_1g.srcs/sources_1/bd/ps_emio_eth_1g/ip/ps_emio_eth_1g_xlconstant_3_0/ps_emio_eth_1g_xlconstant_3_0/ps_emio_eth_1g_xlconstant_3_0_in_context.xdc] for cell 'ps_emio_eth_1g_i/constants/xlconstant_3'
Finished Parsing XDC File [/home/lewiz/sambashare/KIRATEY/RELEASE/runs_lmac_eth_1g_xczu9eg/ps_emio_eth_1g.srcs/sources_1/bd/ps_emio_eth_1g/ip/ps_emio_eth_1g_xlconstant_3_0/ps_emio_eth_1g_xlconstant_3_0/ps_emio_eth_1g_xlconstant_3_0_in_context.xdc] for cell 'ps_emio_eth_1g_i/constants/xlconstant_3'
Parsing XDC File [/home/lewiz/sambashare/KIRATEY/RELEASE/runs_lmac_eth_1g_xczu9eg/ps_emio_eth_1g.srcs/sources_1/bd/ps_emio_eth_1g/ip/ps_emio_eth_1g_xlconstant_4_0/ps_emio_eth_1g_xlconstant_4_0/ps_emio_eth_1g_xlconstant_4_0_in_context.xdc] for cell 'ps_emio_eth_1g_i/constants/xlconstant_4'
Finished Parsing XDC File [/home/lewiz/sambashare/KIRATEY/RELEASE/runs_lmac_eth_1g_xczu9eg/ps_emio_eth_1g.srcs/sources_1/bd/ps_emio_eth_1g/ip/ps_emio_eth_1g_xlconstant_4_0/ps_emio_eth_1g_xlconstant_4_0/ps_emio_eth_1g_xlconstant_4_0_in_context.xdc] for cell 'ps_emio_eth_1g_i/constants/xlconstant_4'
Parsing XDC File [/home/lewiz/sambashare/KIRATEY/RELEASE/runs_lmac_eth_1g_xczu9eg/ps_emio_eth_1g.srcs/sources_1/bd/ps_emio_eth_1g/ip/ps_emio_eth_1g_xlconstant_5_0/ps_emio_eth_1g_xlconstant_5_0/ps_emio_eth_1g_xlconstant_1_0_in_context.xdc] for cell 'ps_emio_eth_1g_i/constants/xlconstant_5'
Finished Parsing XDC File [/home/lewiz/sambashare/KIRATEY/RELEASE/runs_lmac_eth_1g_xczu9eg/ps_emio_eth_1g.srcs/sources_1/bd/ps_emio_eth_1g/ip/ps_emio_eth_1g_xlconstant_5_0/ps_emio_eth_1g_xlconstant_5_0/ps_emio_eth_1g_xlconstant_1_0_in_context.xdc] for cell 'ps_emio_eth_1g_i/constants/xlconstant_5'
Parsing XDC File [/home/lewiz/sambashare/KIRATEY/RELEASE/runs_lmac_eth_1g_xczu9eg/ps_emio_eth_1g.srcs/sources_1/bd/ps_emio_eth_1g/ip/ps_emio_eth_1g_axi_dma_0_0/ps_emio_eth_1g_axi_dma_0_0/ps_emio_eth_1g_axi_dma_0_0_in_context.xdc] for cell 'ps_emio_eth_1g_i/axi_dma_0'
Finished Parsing XDC File [/home/lewiz/sambashare/KIRATEY/RELEASE/runs_lmac_eth_1g_xczu9eg/ps_emio_eth_1g.srcs/sources_1/bd/ps_emio_eth_1g/ip/ps_emio_eth_1g_axi_dma_0_0/ps_emio_eth_1g_axi_dma_0_0/ps_emio_eth_1g_axi_dma_0_0_in_context.xdc] for cell 'ps_emio_eth_1g_i/axi_dma_0'
Parsing XDC File [/home/lewiz/sambashare/KIRATEY/RELEASE/runs_lmac_eth_1g_xczu9eg/ps_emio_eth_1g.srcs/sources_1/bd/ps_emio_eth_1g/ip/ps_emio_eth_1g_axi_smc_0/ps_emio_eth_1g_axi_smc_0/ps_emio_eth_1g_axi_smc_0_in_context.xdc] for cell 'ps_emio_eth_1g_i/axi_smc'
Finished Parsing XDC File [/home/lewiz/sambashare/KIRATEY/RELEASE/runs_lmac_eth_1g_xczu9eg/ps_emio_eth_1g.srcs/sources_1/bd/ps_emio_eth_1g/ip/ps_emio_eth_1g_axi_smc_0/ps_emio_eth_1g_axi_smc_0/ps_emio_eth_1g_axi_smc_0_in_context.xdc] for cell 'ps_emio_eth_1g_i/axi_smc'
Parsing XDC File [/home/lewiz/sambashare/KIRATEY/RELEASE/runs_lmac_eth_1g_xczu9eg/ps_emio_eth_1g.srcs/sources_1/bd/ps_emio_eth_1g/ip/ps_emio_eth_1g_rst_ps8_0_49M_0/ps_emio_eth_1g_rst_ps8_0_49M_0/ps_emio_eth_1g_rst_ps8_0_49M_0_in_context.xdc] for cell 'ps_emio_eth_1g_i/rst_ps8_0_49M'
Finished Parsing XDC File [/home/lewiz/sambashare/KIRATEY/RELEASE/runs_lmac_eth_1g_xczu9eg/ps_emio_eth_1g.srcs/sources_1/bd/ps_emio_eth_1g/ip/ps_emio_eth_1g_rst_ps8_0_49M_0/ps_emio_eth_1g_rst_ps8_0_49M_0/ps_emio_eth_1g_rst_ps8_0_49M_0_in_context.xdc] for cell 'ps_emio_eth_1g_i/rst_ps8_0_49M'
Parsing XDC File [/home/lewiz/sambashare/KIRATEY/RELEASE/runs_lmac_eth_1g_xczu9eg/ps_emio_eth_1g.srcs/sources_1/bd/ps_emio_eth_1g/ip/ps_emio_eth_1g_xlconcat_0_0/ps_emio_eth_1g_xlconcat_0_0/ps_emio_eth_1g_xlconcat_0_0_in_context.xdc] for cell 'ps_emio_eth_1g_i/xlconcat_0'
Finished Parsing XDC File [/home/lewiz/sambashare/KIRATEY/RELEASE/runs_lmac_eth_1g_xczu9eg/ps_emio_eth_1g.srcs/sources_1/bd/ps_emio_eth_1g/ip/ps_emio_eth_1g_xlconcat_0_0/ps_emio_eth_1g_xlconcat_0_0/ps_emio_eth_1g_xlconcat_0_0_in_context.xdc] for cell 'ps_emio_eth_1g_i/xlconcat_0'
Parsing XDC File [/home/lewiz/sambashare/KIRATEY/RELEASE/runs_lmac_eth_1g_xczu9eg/ps_emio_eth_1g.srcs/sources_1/bd/ps_emio_eth_1g/ip/ps_emio_eth_1g_AXIS_LMAC_0_1/ps_emio_eth_1g_AXIS_LMAC_0_1/ps_emio_eth_1g_AXIS_LMAC_0_1_in_context.xdc] for cell 'ps_emio_eth_1g_i/AXIS_LMAC_0'
Finished Parsing XDC File [/home/lewiz/sambashare/KIRATEY/RELEASE/runs_lmac_eth_1g_xczu9eg/ps_emio_eth_1g.srcs/sources_1/bd/ps_emio_eth_1g/ip/ps_emio_eth_1g_AXIS_LMAC_0_1/ps_emio_eth_1g_AXIS_LMAC_0_1/ps_emio_eth_1g_AXIS_LMAC_0_1_in_context.xdc] for cell 'ps_emio_eth_1g_i/AXIS_LMAC_0'
Parsing XDC File [/home/lewiz/sambashare/KIRATEY/RELEASE/runs_lmac_eth_1g_xczu9eg/ps_emio_eth_1g.srcs/sources_1/bd/ps_emio_eth_1g/ip/ps_emio_eth_1g_xlconstant_0_2/ps_emio_eth_1g_xlconstant_0_2/ps_emio_eth_1g_xlconstant_0_2_in_context.xdc] for cell 'ps_emio_eth_1g_i/xlconstant_0'
Finished Parsing XDC File [/home/lewiz/sambashare/KIRATEY/RELEASE/runs_lmac_eth_1g_xczu9eg/ps_emio_eth_1g.srcs/sources_1/bd/ps_emio_eth_1g/ip/ps_emio_eth_1g_xlconstant_0_2/ps_emio_eth_1g_xlconstant_0_2/ps_emio_eth_1g_xlconstant_0_2_in_context.xdc] for cell 'ps_emio_eth_1g_i/xlconstant_0'
Parsing XDC File [/home/lewiz/sambashare/KIRATEY/RELEASE/runs_lmac_eth_1g_xczu9eg/ps_emio_eth_1g.srcs/sources_1/bd/ps_emio_eth_1g/ip/ps_emio_eth_1g_ila_0_0/ps_emio_eth_1g_ila_0_0/ps_emio_eth_1g_ila_0_0_in_context.xdc] for cell 'ps_emio_eth_1g_i/ila_0'
Finished Parsing XDC File [/home/lewiz/sambashare/KIRATEY/RELEASE/runs_lmac_eth_1g_xczu9eg/ps_emio_eth_1g.srcs/sources_1/bd/ps_emio_eth_1g/ip/ps_emio_eth_1g_ila_0_0/ps_emio_eth_1g_ila_0_0/ps_emio_eth_1g_ila_0_0_in_context.xdc] for cell 'ps_emio_eth_1g_i/ila_0'
Parsing XDC File [/home/lewiz/sambashare/KIRATEY/RELEASE/runs_lmac_eth_1g_xczu9eg/ps_emio_eth_1g.srcs/sources_1/bd/ps_emio_eth_1g/ip/ps_emio_eth_1g_util_ds_buf_0_0/ps_emio_eth_1g_util_ds_buf_0_0/ps_emio_eth_1g_util_ds_buf_0_0_in_context.xdc] for cell 'ps_emio_eth_1g_i/util_ds_buf_0'
Finished Parsing XDC File [/home/lewiz/sambashare/KIRATEY/RELEASE/runs_lmac_eth_1g_xczu9eg/ps_emio_eth_1g.srcs/sources_1/bd/ps_emio_eth_1g/ip/ps_emio_eth_1g_util_ds_buf_0_0/ps_emio_eth_1g_util_ds_buf_0_0/ps_emio_eth_1g_util_ds_buf_0_0_in_context.xdc] for cell 'ps_emio_eth_1g_i/util_ds_buf_0'
Parsing XDC File [/home/lewiz/sambashare/KIRATEY/RELEASE/runs_lmac_eth_1g_xczu9eg/ps_emio_eth_1g.srcs/sources_1/bd/ps_emio_eth_1g/ip/ps_emio_eth_1g_util_ds_buf_1_0/ps_emio_eth_1g_util_ds_buf_1_0/ps_emio_eth_1g_util_ds_buf_1_0_in_context.xdc] for cell 'ps_emio_eth_1g_i/util_ds_buf_1'
Finished Parsing XDC File [/home/lewiz/sambashare/KIRATEY/RELEASE/runs_lmac_eth_1g_xczu9eg/ps_emio_eth_1g.srcs/sources_1/bd/ps_emio_eth_1g/ip/ps_emio_eth_1g_util_ds_buf_1_0/ps_emio_eth_1g_util_ds_buf_1_0/ps_emio_eth_1g_util_ds_buf_1_0_in_context.xdc] for cell 'ps_emio_eth_1g_i/util_ds_buf_1'
Parsing XDC File [/home/lewiz/sambashare/KIRATEY/RELEASE/runs_lmac_eth_1g_xczu9eg/ps_emio_eth_1g.srcs/sources_1/bd/ps_emio_eth_1g/ip/ps_emio_eth_1g_c_counter_binary_0_1/ps_emio_eth_1g_c_counter_binary_0_1/ps_emio_eth_1g_c_counter_binary_0_1_in_context.xdc] for cell 'ps_emio_eth_1g_i/c_counter_binary_1'
Finished Parsing XDC File [/home/lewiz/sambashare/KIRATEY/RELEASE/runs_lmac_eth_1g_xczu9eg/ps_emio_eth_1g.srcs/sources_1/bd/ps_emio_eth_1g/ip/ps_emio_eth_1g_c_counter_binary_0_1/ps_emio_eth_1g_c_counter_binary_0_1/ps_emio_eth_1g_c_counter_binary_0_1_in_context.xdc] for cell 'ps_emio_eth_1g_i/c_counter_binary_1'
Parsing XDC File [/home/lewiz/sambashare/KIRATEY/RELEASE/runs_lmac_eth_1g_xczu9eg/ps_emio_eth_1g.srcs/sources_1/bd/ps_emio_eth_1g/ip/ps_emio_eth_1g_xlslice_0_1/ps_emio_eth_1g_xlslice_0_1/ps_emio_eth_1g_xlslice_0_0_in_context.xdc] for cell 'ps_emio_eth_1g_i/xlslice_3'
Finished Parsing XDC File [/home/lewiz/sambashare/KIRATEY/RELEASE/runs_lmac_eth_1g_xczu9eg/ps_emio_eth_1g.srcs/sources_1/bd/ps_emio_eth_1g/ip/ps_emio_eth_1g_xlslice_0_1/ps_emio_eth_1g_xlslice_0_1/ps_emio_eth_1g_xlslice_0_0_in_context.xdc] for cell 'ps_emio_eth_1g_i/xlslice_3'
Parsing XDC File [/home/lewiz/sambashare/KIRATEY/RELEASE/runs_lmac_eth_1g_xczu9eg/ps_emio_eth_1g.srcs/sources_1/bd/ps_emio_eth_1g/ip/ps_emio_eth_1g_auto_pc_0/ps_emio_eth_1g_auto_pc_0/ps_emio_eth_1g_auto_pc_0_in_context.xdc] for cell 'ps_emio_eth_1g_i/ps8_0_axi_periph/s00_couplers/auto_pc'
Finished Parsing XDC File [/home/lewiz/sambashare/KIRATEY/RELEASE/runs_lmac_eth_1g_xczu9eg/ps_emio_eth_1g.srcs/sources_1/bd/ps_emio_eth_1g/ip/ps_emio_eth_1g_auto_pc_0/ps_emio_eth_1g_auto_pc_0/ps_emio_eth_1g_auto_pc_0_in_context.xdc] for cell 'ps_emio_eth_1g_i/ps8_0_axi_periph/s00_couplers/auto_pc'
Parsing XDC File [/home/lewiz/sambashare/KIRATEY/RELEASE/runs_lmac_eth_1g_xczu9eg/CONSTRAINTS/ps_emio_eth_1g.xdc]
Finished Parsing XDC File [/home/lewiz/sambashare/KIRATEY/RELEASE/runs_lmac_eth_1g_xczu9eg/CONSTRAINTS/ps_emio_eth_1g.xdc]
INFO: [Project 1-236] Implementation specific constraints were found while reading constraint file [/home/lewiz/sambashare/KIRATEY/RELEASE/runs_lmac_eth_1g_xczu9eg/CONSTRAINTS/ps_emio_eth_1g.xdc]. These constraints will be ignored for synthesis but will be used in implementation. Impacted constraints are listed in the file [.Xil/ps_emio_eth_1g_wrapper_propImpl.xdc].
Resolution: To avoid this warning, move constraints listed in [.Xil/ps_emio_eth_1g_wrapper_propImpl.xdc] to another XDC file and exclude this new file from synthesis with the used_in_synthesis property (File Properties dialog in GUI) and re-run elaboration/synthesis.
Parsing XDC File [/home/lewiz/sambashare/KIRATEY/RELEASE/runs_lmac_eth_1g_xczu9eg/ps_emio_eth_1g.runs/synth_1/dont_touch.xdc]
Finished Parsing XDC File [/home/lewiz/sambashare/KIRATEY/RELEASE/runs_lmac_eth_1g_xczu9eg/ps_emio_eth_1g.runs/synth_1/dont_touch.xdc]
Completed Processing XDC Constraints

INFO: [Project 1-111] Unisim Transformation Summary:
No Unisim elements were transformed.

Constraint Validation Runtime : Time (s): cpu = 00:00:00 ; elapsed = 00:00:00.01 . Memory (MB): peak = 2574.574 ; gain = 0.000 ; free physical = 3842 ; free virtual = 14786
WARNING: [Timing 38-316] Clock period '10.000' specified during out-of-context synthesis of instance 'ps_emio_eth_1g_i/util_ds_buf_0' at clock pin 'IBUF_DS_P[0]' is different from the actual clock period '8.000', this can lead to different synthesis results.
---------------------------------------------------------------------------------
Finished Constraint Validation : Time (s): cpu = 00:00:18 ; elapsed = 00:00:29 . Memory (MB): peak = 2574.574 ; gain = 777.359 ; free physical = 3911 ; free virtual = 14856
---------------------------------------------------------------------------------
---------------------------------------------------------------------------------
Start Loading Part and Timing Information
---------------------------------------------------------------------------------
Loading part: xczu9eg-ffvb1156-2-e
---------------------------------------------------------------------------------
Finished Loading Part and Timing Information : Time (s): cpu = 00:00:18 ; elapsed = 00:00:29 . Memory (MB): peak = 2574.574 ; gain = 777.359 ; free physical = 3911 ; free virtual = 14856
---------------------------------------------------------------------------------
---------------------------------------------------------------------------------
Start Applying 'set_property' XDC Constraints
---------------------------------------------------------------------------------
Applied set_property IO_BUFFER_TYPE = NONE for gtrefclk_in_clk_n. (constraint file  /home/lewiz/sambashare/KIRATEY/RELEASE/runs_lmac_eth_1g_xczu9eg/ps_emio_eth_1g.srcs/sources_1/bd/ps_emio_eth_1g/ip/ps_emio_eth_1g_gig_ethernet_pcs_pma_0_0/ps_emio_eth_1g_gig_ethernet_pcs_pma_0_0/ps_emio_eth_1g_gig_ethernet_pcs_pma_0_0_in_context.xdc, line 6).
Applied set_property CLOCK_BUFFER_TYPE = NONE for gtrefclk_in_clk_n. (constraint file  /home/lewiz/sambashare/KIRATEY/RELEASE/runs_lmac_eth_1g_xczu9eg/ps_emio_eth_1g.srcs/sources_1/bd/ps_emio_eth_1g/ip/ps_emio_eth_1g_gig_ethernet_pcs_pma_0_0/ps_emio_eth_1g_gig_ethernet_pcs_pma_0_0/ps_emio_eth_1g_gig_ethernet_pcs_pma_0_0_in_context.xdc, line 7).
Applied set_property IO_BUFFER_TYPE = NONE for gtrefclk_in_clk_p. (constraint file  /home/lewiz/sambashare/KIRATEY/RELEASE/runs_lmac_eth_1g_xczu9eg/ps_emio_eth_1g.srcs/sources_1/bd/ps_emio_eth_1g/ip/ps_emio_eth_1g_gig_ethernet_pcs_pma_0_0/ps_emio_eth_1g_gig_ethernet_pcs_pma_0_0/ps_emio_eth_1g_gig_ethernet_pcs_pma_0_0_in_context.xdc, line 8).
Applied set_property CLOCK_BUFFER_TYPE = NONE for gtrefclk_in_clk_p. (constraint file  /home/lewiz/sambashare/KIRATEY/RELEASE/runs_lmac_eth_1g_xczu9eg/ps_emio_eth_1g.srcs/sources_1/bd/ps_emio_eth_1g/ip/ps_emio_eth_1g_gig_ethernet_pcs_pma_0_0/ps_emio_eth_1g_gig_ethernet_pcs_pma_0_0/ps_emio_eth_1g_gig_ethernet_pcs_pma_0_0_in_context.xdc, line 9).
Applied set_property IO_BUFFER_TYPE = NONE for sfp_rxn. (constraint file  /home/lewiz/sambashare/KIRATEY/RELEASE/runs_lmac_eth_1g_xczu9eg/ps_emio_eth_1g.srcs/sources_1/bd/ps_emio_eth_1g/ip/ps_emio_eth_1g_gig_ethernet_pcs_pma_0_0/ps_emio_eth_1g_gig_ethernet_pcs_pma_0_0/ps_emio_eth_1g_gig_ethernet_pcs_pma_0_0_in_context.xdc, line 10).
Applied set_property CLOCK_BUFFER_TYPE = NONE for sfp_rxn. (constraint file  /home/lewiz/sambashare/KIRATEY/RELEASE/runs_lmac_eth_1g_xczu9eg/ps_emio_eth_1g.srcs/sources_1/bd/ps_emio_eth_1g/ip/ps_emio_eth_1g_gig_ethernet_pcs_pma_0_0/ps_emio_eth_1g_gig_ethernet_pcs_pma_0_0/ps_emio_eth_1g_gig_ethernet_pcs_pma_0_0_in_context.xdc, line 11).
Applied set_property IO_BUFFER_TYPE = NONE for sfp_rxp. (constraint file  /home/lewiz/sambashare/KIRATEY/RELEASE/runs_lmac_eth_1g_xczu9eg/ps_emio_eth_1g.srcs/sources_1/bd/ps_emio_eth_1g/ip/ps_emio_eth_1g_gig_ethernet_pcs_pma_0_0/ps_emio_eth_1g_gig_ethernet_pcs_pma_0_0/ps_emio_eth_1g_gig_ethernet_pcs_pma_0_0_in_context.xdc, line 12).
Applied set_property CLOCK_BUFFER_TYPE = NONE for sfp_rxp. (constraint file  /home/lewiz/sambashare/KIRATEY/RELEASE/runs_lmac_eth_1g_xczu9eg/ps_emio_eth_1g.srcs/sources_1/bd/ps_emio_eth_1g/ip/ps_emio_eth_1g_gig_ethernet_pcs_pma_0_0/ps_emio_eth_1g_gig_ethernet_pcs_pma_0_0/ps_emio_eth_1g_gig_ethernet_pcs_pma_0_0_in_context.xdc, line 13).
Applied set_property IO_BUFFER_TYPE = NONE for sfp_txn. (constraint file  /home/lewiz/sambashare/KIRATEY/RELEASE/runs_lmac_eth_1g_xczu9eg/ps_emio_eth_1g.srcs/sources_1/bd/ps_emio_eth_1g/ip/ps_emio_eth_1g_gig_ethernet_pcs_pma_0_0/ps_emio_eth_1g_gig_ethernet_pcs_pma_0_0/ps_emio_eth_1g_gig_ethernet_pcs_pma_0_0_in_context.xdc, line 14).
Applied set_property CLOCK_BUFFER_TYPE = NONE for sfp_txn. (constraint file  /home/lewiz/sambashare/KIRATEY/RELEASE/runs_lmac_eth_1g_xczu9eg/ps_emio_eth_1g.srcs/sources_1/bd/ps_emio_eth_1g/ip/ps_emio_eth_1g_gig_ethernet_pcs_pma_0_0/ps_emio_eth_1g_gig_ethernet_pcs_pma_0_0/ps_emio_eth_1g_gig_ethernet_pcs_pma_0_0_in_context.xdc, line 15).
Applied set_property IO_BUFFER_TYPE = NONE for sfp_txp. (constraint file  /home/lewiz/sambashare/KIRATEY/RELEASE/runs_lmac_eth_1g_xczu9eg/ps_emio_eth_1g.srcs/sources_1/bd/ps_emio_eth_1g/ip/ps_emio_eth_1g_gig_ethernet_pcs_pma_0_0/ps_emio_eth_1g_gig_ethernet_pcs_pma_0_0/ps_emio_eth_1g_gig_ethernet_pcs_pma_0_0_in_context.xdc, line 16).
Applied set_property CLOCK_BUFFER_TYPE = NONE for sfp_txp. (constraint file  /home/lewiz/sambashare/KIRATEY/RELEASE/runs_lmac_eth_1g_xczu9eg/ps_emio_eth_1g.srcs/sources_1/bd/ps_emio_eth_1g/ip/ps_emio_eth_1g_gig_ethernet_pcs_pma_0_0/ps_emio_eth_1g_gig_ethernet_pcs_pma_0_0/ps_emio_eth_1g_gig_ethernet_pcs_pma_0_0_in_context.xdc, line 17).
Applied set_property IO_BUFFER_TYPE = NONE for clk_125_clk_n[0]. (constraint file  /home/lewiz/sambashare/KIRATEY/RELEASE/runs_lmac_eth_1g_xczu9eg/ps_emio_eth_1g.srcs/sources_1/bd/ps_emio_eth_1g/ip/ps_emio_eth_1g_util_ds_buf_0_0/ps_emio_eth_1g_util_ds_buf_0_0/ps_emio_eth_1g_util_ds_buf_0_0_in_context.xdc, line 2).
Applied set_property CLOCK_BUFFER_TYPE = NONE for clk_125_clk_n[0]. (constraint file  /home/lewiz/sambashare/KIRATEY/RELEASE/runs_lmac_eth_1g_xczu9eg/ps_emio_eth_1g.srcs/sources_1/bd/ps_emio_eth_1g/ip/ps_emio_eth_1g_util_ds_buf_0_0/ps_emio_eth_1g_util_ds_buf_0_0/ps_emio_eth_1g_util_ds_buf_0_0_in_context.xdc, line 3).
Applied set_property IO_BUFFER_TYPE = NONE for clk_125_clk_p[0]. (constraint file  /home/lewiz/sambashare/KIRATEY/RELEASE/runs_lmac_eth_1g_xczu9eg/ps_emio_eth_1g.srcs/sources_1/bd/ps_emio_eth_1g/ip/ps_emio_eth_1g_util_ds_buf_0_0/ps_emio_eth_1g_util_ds_buf_0_0/ps_emio_eth_1g_util_ds_buf_0_0_in_context.xdc, line 4).
Applied set_property CLOCK_BUFFER_TYPE = NONE for clk_125_clk_p[0]. (constraint file  /home/lewiz/sambashare/KIRATEY/RELEASE/runs_lmac_eth_1g_xczu9eg/ps_emio_eth_1g.srcs/sources_1/bd/ps_emio_eth_1g/ip/ps_emio_eth_1g_util_ds_buf_0_0/ps_emio_eth_1g_util_ds_buf_0_0/ps_emio_eth_1g_util_ds_buf_0_0_in_context.xdc, line 5).
Applied set_property DONT_TOUCH = true for ps_emio_eth_1g_i. (constraint file  auto generated constraint, line ).
Applied set_property DONT_TOUCH = true for ps_emio_eth_1g_i/c_counter_binary_0. (constraint file  auto generated constraint, line ).
Applied set_property DONT_TOUCH = true for ps_emio_eth_1g_i/gig_ethernet_pcs_pma_0. (constraint file  auto generated constraint, line ).
Applied set_property DONT_TOUCH = true for ps_emio_eth_1g_i/xlslice_0. (constraint file  auto generated constraint, line ).
Applied set_property DONT_TOUCH = true for ps_emio_eth_1g_i/xlslice_1. (constraint file  auto generated constraint, line ).
Applied set_property DONT_TOUCH = true for ps_emio_eth_1g_i/xlslice_2. (constraint file  auto generated constraint, line ).
Applied set_property DONT_TOUCH = true for ps_emio_eth_1g_i/zynq_ultra_ps_e_0. (constraint file  auto generated constraint, line ).
Applied set_property DONT_TOUCH = true for ps_emio_eth_1g_i/constants/xlconstant_0. (constraint file  auto generated constraint, line ).
Applied set_property DONT_TOUCH = true for ps_emio_eth_1g_i/constants/xlconstant_1. (constraint file  auto generated constraint, line ).
Applied set_property DONT_TOUCH = true for ps_emio_eth_1g_i/constants/xlconstant_2. (constraint file  auto generated constraint, line ).
Applied set_property DONT_TOUCH = true for ps_emio_eth_1g_i/constants/xlconstant_3. (constraint file  auto generated constraint, line ).
Applied set_property DONT_TOUCH = true for ps_emio_eth_1g_i/constants/xlconstant_4. (constraint file  auto generated constraint, line ).
Applied set_property DONT_TOUCH = true for ps_emio_eth_1g_i/constants/xlconstant_5. (constraint file  auto generated constraint, line ).
Applied set_property DONT_TOUCH = true for ps_emio_eth_1g_i/axi_dma_0. (constraint file  auto generated constraint, line ).
Applied set_property DONT_TOUCH = true for ps_emio_eth_1g_i/axi_smc. (constraint file  auto generated constraint, line ).
Applied set_property DONT_TOUCH = true for ps_emio_eth_1g_i/rst_ps8_0_49M. (constraint file  auto generated constraint, line ).
Applied set_property DONT_TOUCH = true for ps_emio_eth_1g_i/ps8_0_axi_periph. (constraint file  auto generated constraint, line ).
Applied set_property DONT_TOUCH = true for ps_emio_eth_1g_i/xlconcat_0. (constraint file  auto generated constraint, line ).
Applied set_property DONT_TOUCH = true for ps_emio_eth_1g_i/AXIS_LMAC_0. (constraint file  auto generated constraint, line ).
Applied set_property DONT_TOUCH = true for ps_emio_eth_1g_i/xlconstant_0. (constraint file  auto generated constraint, line ).
Applied set_property DONT_TOUCH = true for ps_emio_eth_1g_i/ila_0. (constraint file  auto generated constraint, line ).
Applied set_property DONT_TOUCH = true for ps_emio_eth_1g_i/util_ds_buf_0. (constraint file  auto generated constraint, line ).
Applied set_property DONT_TOUCH = true for ps_emio_eth_1g_i/util_ds_buf_1. (constraint file  auto generated constraint, line ).
Applied set_property DONT_TOUCH = true for ps_emio_eth_1g_i/c_counter_binary_1. (constraint file  auto generated constraint, line ).
Applied set_property DONT_TOUCH = true for ps_emio_eth_1g_i/xlslice_3. (constraint file  auto generated constraint, line ).
Applied set_property DONT_TOUCH = true for ps_emio_eth_1g_i/ps8_0_axi_periph/s00_couplers/auto_pc. (constraint file  auto generated constraint, line ).
---------------------------------------------------------------------------------
Finished applying 'set_property' XDC Constraints : Time (s): cpu = 00:00:18 ; elapsed = 00:00:29 . Memory (MB): peak = 2574.574 ; gain = 777.359 ; free physical = 3911 ; free virtual = 14856
---------------------------------------------------------------------------------
---------------------------------------------------------------------------------
Finished RTL Optimization Phase 2 : Time (s): cpu = 00:00:18 ; elapsed = 00:00:29 . Memory (MB): peak = 2574.574 ; gain = 777.359 ; free physical = 3911 ; free virtual = 14857
---------------------------------------------------------------------------------

Report RTL Partitions: 
+-+--------------+------------+----------+
| |RTL Partition |Replication |Instances |
+-+--------------+------------+----------+
+-+--------------+------------+----------+
---------------------------------------------------------------------------------
Start RTL Component Statistics 
---------------------------------------------------------------------------------
Detailed RTL Component Info : 
---------------------------------------------------------------------------------
Finished RTL Component Statistics 
---------------------------------------------------------------------------------
---------------------------------------------------------------------------------
Start RTL Hierarchical Component Statistics 
---------------------------------------------------------------------------------
Hierarchical RTL Component report 
---------------------------------------------------------------------------------
Finished RTL Hierarchical Component Statistics
---------------------------------------------------------------------------------
---------------------------------------------------------------------------------
Start Part Resource Summary
---------------------------------------------------------------------------------
Part Resources:
DSPs: 2520 (col length:168)
BRAMs: 1824 (col length: RAMB18 168 RAMB36 84)
---------------------------------------------------------------------------------
Finished Part Resource Summary
---------------------------------------------------------------------------------
---------------------------------------------------------------------------------
Start Cross Boundary and Area Optimization
---------------------------------------------------------------------------------
Warning: Parallel synthesis criteria is not met 
WARNING: [Synth 8-3331] design ps_emio_eth_1g_ps8_0_axi_periph_0 has unconnected port ACLK
WARNING: [Synth 8-3331] design ps_emio_eth_1g_ps8_0_axi_periph_0 has unconnected port ARESETN
WARNING: [Synth 8-3331] design ps_emio_eth_1g_ps8_0_axi_periph_0 has unconnected port M00_ACLK
WARNING: [Synth 8-3331] design ps_emio_eth_1g_ps8_0_axi_periph_0 has unconnected port M00_ARESETN
---------------------------------------------------------------------------------
Finished Cross Boundary and Area Optimization : Time (s): cpu = 00:00:18 ; elapsed = 00:00:29 . Memory (MB): peak = 2574.574 ; gain = 777.359 ; free physical = 3902 ; free virtual = 14850
---------------------------------------------------------------------------------

Report RTL Partitions: 
+-+--------------+------------+----------+
| |RTL Partition |Replication |Instances |
+-+--------------+------------+----------+
+-+--------------+------------+----------+
---------------------------------------------------------------------------------
Start Applying XDC Timing Constraints
---------------------------------------------------------------------------------
INFO: [Synth 8-5578] Moved timing constraint from pin 'ps_emio_eth_1g_i/gig_ethernet_pcs_pma_0/gtrefclk_out' to pin 'ps_emio_eth_1g_i/gig_ethernet_pcs_pma_0/bbstub_gtrefclk_out/O'
INFO: [Synth 8-5578] Moved timing constraint from pin 'ps_emio_eth_1g_i/gig_ethernet_pcs_pma_0/userclk_out' to pin 'ps_emio_eth_1g_i/gig_ethernet_pcs_pma_0/bbstub_userclk_out/O'
INFO: [Synth 8-5578] Moved timing constraint from pin 'ps_emio_eth_1g_i/gig_ethernet_pcs_pma_0/rxuserclk2_out' to pin 'ps_emio_eth_1g_i/gig_ethernet_pcs_pma_0/bbstub_rxuserclk2_out/O'
INFO: [Synth 8-5578] Moved timing constraint from pin 'ps_emio_eth_1g_i/gig_ethernet_pcs_pma_0/rxuserclk_out' to pin 'ps_emio_eth_1g_i/gig_ethernet_pcs_pma_0/bbstub_rxuserclk_out/O'
INFO: [Synth 8-5578] Moved timing constraint from pin 'ps_emio_eth_1g_i/gig_ethernet_pcs_pma_0/userclk2_out' to pin 'ps_emio_eth_1g_i/gig_ethernet_pcs_pma_0/bbstub_userclk2_out/O'
INFO: [Synth 8-5578] Moved timing constraint from pin 'ps_emio_eth_1g_i/zynq_ultra_ps_e_0/pl_clk0' to pin 'ps_emio_eth_1g_i/zynq_ultra_ps_e_0/bbstub_pl_clk0/O'
INFO: [Synth 8-5578] Moved timing constraint from pin 'ps_emio_eth_1g_i/util_ds_buf_0/IBUF_OUT[0]' to pin '{ps_emio_eth_1g_i/util_ds_buf_0/bbstub_IBUF_OUT[0]/O}'
INFO: [Synth 8-5578] Moved timing constraint from pin 'ps_emio_eth_1g_i/util_ds_buf_1/BUFG_O[0]' to pin '{ps_emio_eth_1g_i/util_ds_buf_1/bbstub_BUFG_O[0]/O}'
INFO: [Synth 8-5819] Moved 8 constraints on hierarchical pins to their respective driving/loading pins
---------------------------------------------------------------------------------
Finished Applying XDC Timing Constraints : Time (s): cpu = 00:00:45 ; elapsed = 00:01:15 . Memory (MB): peak = 2794.238 ; gain = 997.023 ; free physical = 3317 ; free virtual = 14300
---------------------------------------------------------------------------------
---------------------------------------------------------------------------------
Start Timing Optimization
---------------------------------------------------------------------------------
---------------------------------------------------------------------------------
Finished Timing Optimization : Time (s): cpu = 00:00:45 ; elapsed = 00:01:15 . Memory (MB): peak = 2794.238 ; gain = 997.023 ; free physical = 3317 ; free virtual = 14300
---------------------------------------------------------------------------------

Report RTL Partitions: 
+-+--------------+------------+----------+
| |RTL Partition |Replication |Instances |
+-+--------------+------------+----------+
+-+--------------+------------+----------+
---------------------------------------------------------------------------------
Start Technology Mapping
---------------------------------------------------------------------------------
---------------------------------------------------------------------------------
Finished Technology Mapping : Time (s): cpu = 00:00:45 ; elapsed = 00:01:15 . Memory (MB): peak = 2795.238 ; gain = 998.023 ; free physical = 3316 ; free virtual = 14298
---------------------------------------------------------------------------------

Report RTL Partitions: 
+-+--------------+------------+----------+
| |RTL Partition |Replication |Instances |
+-+--------------+------------+----------+
+-+--------------+------------+----------+
---------------------------------------------------------------------------------
Start IO Insertion
---------------------------------------------------------------------------------
---------------------------------------------------------------------------------
Start Flattening Before IO Insertion
---------------------------------------------------------------------------------
---------------------------------------------------------------------------------
Finished Flattening Before IO Insertion
---------------------------------------------------------------------------------
---------------------------------------------------------------------------------
Start Final Netlist Cleanup
---------------------------------------------------------------------------------
---------------------------------------------------------------------------------
Finished Final Netlist Cleanup
---------------------------------------------------------------------------------
---------------------------------------------------------------------------------
Finished IO Insertion : Time (s): cpu = 00:00:46 ; elapsed = 00:01:16 . Memory (MB): peak = 2796.238 ; gain = 999.023 ; free physical = 3315 ; free virtual = 14298
---------------------------------------------------------------------------------

Report Check Netlist: 
+------+------------------+-------+---------+-------+------------------+
|      |Item              |Errors |Warnings |Status |Description       |
+------+------------------+-------+---------+-------+------------------+
|1     |multi_driven_nets |      0|        0|Passed |Multi driven nets |
+------+------------------+-------+---------+-------+------------------+
---------------------------------------------------------------------------------
Start Renaming Generated Instances
---------------------------------------------------------------------------------
---------------------------------------------------------------------------------
Finished Renaming Generated Instances : Time (s): cpu = 00:00:46 ; elapsed = 00:01:16 . Memory (MB): peak = 2796.238 ; gain = 999.023 ; free physical = 3315 ; free virtual = 14298
---------------------------------------------------------------------------------

Report RTL Partitions: 
+-+--------------+------------+----------+
| |RTL Partition |Replication |Instances |
+-+--------------+------------+----------+
+-+--------------+------------+----------+
---------------------------------------------------------------------------------
Start Rebuilding User Hierarchy
---------------------------------------------------------------------------------
---------------------------------------------------------------------------------
Finished Rebuilding User Hierarchy : Time (s): cpu = 00:00:46 ; elapsed = 00:01:16 . Memory (MB): peak = 2796.238 ; gain = 999.023 ; free physical = 3315 ; free virtual = 14298
---------------------------------------------------------------------------------
---------------------------------------------------------------------------------
Start Renaming Generated Ports
---------------------------------------------------------------------------------
---------------------------------------------------------------------------------
Finished Renaming Generated Ports : Time (s): cpu = 00:00:46 ; elapsed = 00:01:16 . Memory (MB): peak = 2796.238 ; gain = 999.023 ; free physical = 3315 ; free virtual = 14298
---------------------------------------------------------------------------------
---------------------------------------------------------------------------------
Start Handling Custom Attributes
---------------------------------------------------------------------------------
---------------------------------------------------------------------------------
Finished Handling Custom Attributes : Time (s): cpu = 00:00:46 ; elapsed = 00:01:16 . Memory (MB): peak = 2796.238 ; gain = 999.023 ; free physical = 3315 ; free virtual = 14298
---------------------------------------------------------------------------------
---------------------------------------------------------------------------------
Start Renaming Generated Nets
---------------------------------------------------------------------------------
---------------------------------------------------------------------------------
Finished Renaming Generated Nets : Time (s): cpu = 00:00:46 ; elapsed = 00:01:16 . Memory (MB): peak = 2796.238 ; gain = 999.023 ; free physical = 3315 ; free virtual = 14298
---------------------------------------------------------------------------------
---------------------------------------------------------------------------------
Start Writing Synthesis Report
---------------------------------------------------------------------------------

Report BlackBoxes: 
+------+----------------------------------------+----------+
|      |BlackBox name                           |Instances |
+------+----------------------------------------+----------+
|1     |ps_emio_eth_1g_auto_pc_0                |         1|
|2     |ps_emio_eth_1g_AXIS_LMAC_0_1            |         1|
|3     |ps_emio_eth_1g_axi_dma_0_0              |         1|
|4     |ps_emio_eth_1g_axi_smc_0                |         1|
|5     |ps_emio_eth_1g_c_counter_binary_0_0     |         1|
|6     |ps_emio_eth_1g_c_counter_binary_0_1     |         1|
|7     |ps_emio_eth_1g_gig_ethernet_pcs_pma_0_0 |         1|
|8     |ps_emio_eth_1g_ila_0_0                  |         1|
|9     |ps_emio_eth_1g_rst_ps8_0_49M_0          |         1|
|10    |ps_emio_eth_1g_util_ds_buf_0_0          |         1|
|11    |ps_emio_eth_1g_util_ds_buf_1_0          |         1|
|12    |ps_emio_eth_1g_xlconcat_0_0             |         1|
|13    |ps_emio_eth_1g_xlconstant_0_2           |         1|
|14    |ps_emio_eth_1g_xlslice_0_0              |         1|
|15    |ps_emio_eth_1g_xlslice_1_0              |         1|
|16    |ps_emio_eth_1g_xlslice_2_0              |         1|
|17    |ps_emio_eth_1g_xlslice_0_1              |         1|
|18    |ps_emio_eth_1g_zynq_ultra_ps_e_0_0      |         1|
|19    |ps_emio_eth_1g_xlconstant_0_0           |         1|
|20    |ps_emio_eth_1g_xlconstant_1_0           |         1|
|21    |ps_emio_eth_1g_xlconstant_2_0           |         1|
|22    |ps_emio_eth_1g_xlconstant_3_0           |         1|
|23    |ps_emio_eth_1g_xlconstant_4_0           |         1|
|24    |ps_emio_eth_1g_xlconstant_5_0           |         1|
+------+----------------------------------------+----------+

Report Cell Usage: 
+------+----------------------------------------+------+
|      |Cell                                    |Count |
+------+----------------------------------------+------+
|1     |ps_emio_eth_1g_AXIS_LMAC_0_1            |     1|
|2     |ps_emio_eth_1g_auto_pc_0                |     1|
|3     |ps_emio_eth_1g_axi_dma_0_0              |     1|
|4     |ps_emio_eth_1g_axi_smc_0                |     1|
|5     |ps_emio_eth_1g_c_counter_binary_0_0     |     1|
|6     |ps_emio_eth_1g_c_counter_binary_0_1     |     1|
|7     |ps_emio_eth_1g_gig_ethernet_pcs_pma_0_0 |     1|
|8     |ps_emio_eth_1g_ila_0_0                  |     1|
|9     |ps_emio_eth_1g_rst_ps8_0_49M_0          |     1|
|10    |ps_emio_eth_1g_util_ds_buf_0_0          |     1|
|11    |ps_emio_eth_1g_util_ds_buf_1_0          |     1|
|12    |ps_emio_eth_1g_xlconcat_0_0             |     1|
|13    |ps_emio_eth_1g_xlconstant_0_0           |     1|
|14    |ps_emio_eth_1g_xlconstant_0_2           |     1|
|15    |ps_emio_eth_1g_xlconstant_1_0           |     1|
|16    |ps_emio_eth_1g_xlconstant_2_0           |     1|
|17    |ps_emio_eth_1g_xlconstant_3_0           |     1|
|18    |ps_emio_eth_1g_xlconstant_4_0           |     1|
|19    |ps_emio_eth_1g_xlconstant_5_0           |     1|
|20    |ps_emio_eth_1g_xlslice_0_0              |     1|
|21    |ps_emio_eth_1g_xlslice_0_1              |     1|
|22    |ps_emio_eth_1g_xlslice_1_0              |     1|
|23    |ps_emio_eth_1g_xlslice_2_0              |     1|
|24    |ps_emio_eth_1g_zynq_ultra_ps_e_0_0      |     1|
|25    |OBUF                                    |     8|
+------+----------------------------------------+------+

Report Instance Areas: 
+------+---------------------+----------------------------------+------+
|      |Instance             |Module                            |Cells |
+------+---------------------+----------------------------------+------+
|1     |top                  |                                  |  1773|
|2     |  ps_emio_eth_1g_i   |ps_emio_eth_1g                    |  1765|
|3     |    ps8_0_axi_periph |ps_emio_eth_1g_ps8_0_axi_periph_0 |   201|
|4     |      s00_couplers   |s00_couplers_imp_1A67VUR          |   201|
|5     |    constants        |constants_imp_RXDHRJ              |    29|
+------+---------------------+----------------------------------+------+
---------------------------------------------------------------------------------
Finished Writing Synthesis Report : Time (s): cpu = 00:00:46 ; elapsed = 00:01:16 . Memory (MB): peak = 2796.238 ; gain = 999.023 ; free physical = 3315 ; free virtual = 14298
---------------------------------------------------------------------------------
Synthesis finished with 0 errors, 0 critical warnings and 4 warnings.
Synthesis Optimization Runtime : Time (s): cpu = 00:00:32 ; elapsed = 00:00:53 . Memory (MB): peak = 2796.238 ; gain = 221.664 ; free physical = 3352 ; free virtual = 14334
Synthesis Optimization Complete : Time (s): cpu = 00:00:46 ; elapsed = 00:01:16 . Memory (MB): peak = 2796.246 ; gain = 999.023 ; free physical = 3354 ; free virtual = 14337
INFO: [Project 1-571] Translating synthesized netlist
INFO: [Project 1-570] Preparing netlist for logic optimization
INFO: [Opt 31-138] Pushed 0 inverter(s) to 0 load pin(s).
INFO: [Project 1-111] Unisim Transformation Summary:
No Unisim elements were transformed.

INFO: [Common 17-83] Releasing license: Synthesis
85 Infos, 16 Warnings, 0 Critical Warnings and 0 Errors encountered.
synth_design completed successfully
synth_design: Time (s): cpu = 00:00:48 ; elapsed = 00:01:17 . Memory (MB): peak = 2837.270 ; gain = 1048.059 ; free physical = 3331 ; free virtual = 14314
WARNING: [Constraints 18-5210] No constraint will be written out.
INFO: [Common 17-1381] The checkpoint '/home/lewiz/sambashare/KIRATEY/RELEASE/runs_lmac_eth_1g_xczu9eg/ps_emio_eth_1g.runs/synth_1/ps_emio_eth_1g_wrapper.dcp' has been generated.
INFO: [runtcl-4] Executing : report_utilization -file ps_emio_eth_1g_wrapper_utilization_synth.rpt -pb ps_emio_eth_1g_wrapper_utilization_synth.pb
report_utilization: Time (s): cpu = 00:00:00.25 ; elapsed = 00:00:00.30 . Memory (MB): peak = 2837.270 ; gain = 0.000 ; free physical = 3332 ; free virtual = 14316
INFO: [Common 17-206] Exiting Vivado at Sun Apr  7 11:18:23 2019...
