11:42:56 INFO  : Registering command handlers for SDK TCF services
11:42:56 INFO  : Launching XSCT server: xsct -n -interactive /home/lewiz/sambashare/KIRATEY/RELEASE/runs_lmac_eth_1g/ps_emio_eth_1g.sdk/temp_xsdb_launch_script.tcl
11:42:59 INFO  : XSCT server has started successfully.
11:42:59 INFO  : Successfully done setting XSCT server connection channel  
11:42:59 INFO  : Successfully done setting SDK workspace  
11:42:59 INFO  : Processing command line option -hwspec /home/lewiz/sambashare/KIRATEY/RELEASE/runs_lmac_eth_1g/ps_emio_eth_1g.sdk/ps_emio_eth_1g_wrapper.hdf.
11:45:27 INFO  : Connected to target on host '127.0.0.1' and port '3121'.
11:45:27 INFO  : 'targets -set -filter {jtag_cable_name =~ "Digilent JTAG-SMT2NC 210308A1D051" && level==0} -index 0' command is executed.
11:45:56 INFO  : FPGA configured successfully with bitstream "/home/lewiz/sambashare/KIRATEY/RELEASE/runs_lmac_eth_1g/ps_emio_eth_1g.sdk/ps_emio_eth_1g_wrapper_hw_platform_0/ps_emio_eth_1g_wrapper.bit"
11:46:28 INFO  : Connected to target on host '127.0.0.1' and port '3121'.
11:46:28 INFO  : Jtag cable 'Digilent JTAG-SMT2NC 210308A1D051' is selected.
11:46:28 INFO  : 'jtag frequency' command is executed.
11:46:28 INFO  : Sourcing of '/opt/Xilinx/SDK/2018.2/scripts/sdk/util/zynqmp_utils.tcl' is done.
11:46:28 INFO  : Context for 'APU' is selected.
11:46:28 INFO  : Hardware design information is loaded from '/home/lewiz/sambashare/KIRATEY/RELEASE/runs_lmac_eth_1g/ps_emio_eth_1g.sdk/ps_emio_eth_1g_wrapper_hw_platform_0/system.hdf'.
11:46:28 INFO  : 'configparams force-mem-access 1' command is executed.
11:46:28 INFO  : Context for 'APU' is selected.
11:46:28 INFO  : Sourcing of '/home/lewiz/sambashare/KIRATEY/RELEASE/runs_lmac_eth_1g/ps_emio_eth_1g.sdk/ps_emio_eth_1g_wrapper_hw_platform_0/psu_init.tcl' is done.
11:46:28 INFO  : 'psu_init' command is executed.
11:46:29 INFO  : 'after 1000' command is executed.
11:46:29 INFO  : 'psu_ps_pl_isolation_removal' command is executed.
11:46:30 INFO  : 'after 1000' command is executed.
11:46:30 INFO  : 'psu_ps_pl_reset_config' command is executed.
11:46:30 INFO  : 'catch {psu_protection}' command is executed.
11:46:30 INFO  : Context for processor 'psu_cortexa53_0' is selected.
11:46:30 INFO  : Processor reset is completed for 'psu_cortexa53_0'.
11:46:31 INFO  : The application '/home/lewiz/sambashare/KIRATEY/RELEASE/runs_lmac_eth_1g/ps_emio_eth_1g.sdk/hello_world/Debug/hello_world.elf' is downloaded to processor 'psu_cortexa53_0'.
11:46:31 INFO  : 'configparams force-mem-access 0' command is executed.
11:46:31 INFO  : ----------------XSDB Script----------------
connect -url tcp:127.0.0.1:3121
source /opt/Xilinx/SDK/2018.2/scripts/sdk/util/zynqmp_utils.tcl
targets -set -nocase -filter {name =~"APU*" && jtag_cable_name =~ "Digilent JTAG-SMT2NC 210308A1D051"} -index 1
loadhw -hw /home/lewiz/sambashare/KIRATEY/RELEASE/runs_lmac_eth_1g/ps_emio_eth_1g.sdk/ps_emio_eth_1g_wrapper_hw_platform_0/system.hdf -mem-ranges [list {0x80000000 0xbfffffff} {0x400000000 0x5ffffffff} {0x1000000000 0x7fffffffff}]
configparams force-mem-access 1
targets -set -nocase -filter {name =~"APU*" && jtag_cable_name =~ "Digilent JTAG-SMT2NC 210308A1D051"} -index 1
source /home/lewiz/sambashare/KIRATEY/RELEASE/runs_lmac_eth_1g/ps_emio_eth_1g.sdk/ps_emio_eth_1g_wrapper_hw_platform_0/psu_init.tcl
psu_init
after 1000
psu_ps_pl_isolation_removal
after 1000
psu_ps_pl_reset_config
catch {psu_protection}
targets -set -nocase -filter {name =~"*A53*0" && jtag_cable_name =~ "Digilent JTAG-SMT2NC 210308A1D051"} -index 1
rst -processor
dow /home/lewiz/sambashare/KIRATEY/RELEASE/runs_lmac_eth_1g/ps_emio_eth_1g.sdk/hello_world/Debug/hello_world.elf
configparams force-mem-access 0
----------------End of Script----------------

11:46:31 INFO  : Context for processor 'psu_cortexa53_0' is selected.
11:46:31 INFO  : 'con' command is executed.
11:46:31 INFO  : ----------------XSDB Script (After Launch)----------------
targets -set -nocase -filter {name =~"*A53*0" && jtag_cable_name =~ "Digilent JTAG-SMT2NC 210308A1D051"} -index 1
con
----------------End of Script----------------

11:46:31 INFO  : Launch script is exported to file '/home/lewiz/sambashare/KIRATEY/RELEASE/runs_lmac_eth_1g/ps_emio_eth_1g.sdk/.sdk/launch_scripts/xilinx_c-c++_application_(system_debugger)/system_debugger_using_debug_hello_world.elf_on_local.tcl'
11:46:57 INFO  : Disconnected from the channel tcfchan#1.
11:46:58 INFO  : Connected to target on host '127.0.0.1' and port '3121'.
11:47:02 INFO  : Jtag cable 'Digilent JTAG-SMT2NC 210308A1D051' is selected.
11:47:02 INFO  : 'jtag frequency' command is executed.
11:47:02 INFO  : Sourcing of '/opt/Xilinx/SDK/2018.2/scripts/sdk/util/zynqmp_utils.tcl' is done.
11:47:02 INFO  : Context for 'APU' is selected.
11:47:02 INFO  : Hardware design information is loaded from '/home/lewiz/sambashare/KIRATEY/RELEASE/runs_lmac_eth_1g/ps_emio_eth_1g.sdk/ps_emio_eth_1g_wrapper_hw_platform_0/system.hdf'.
11:47:02 INFO  : 'configparams force-mem-access 1' command is executed.
11:47:02 INFO  : Context for 'APU' is selected.
11:47:02 INFO  : Sourcing of '/home/lewiz/sambashare/KIRATEY/RELEASE/runs_lmac_eth_1g/ps_emio_eth_1g.sdk/ps_emio_eth_1g_wrapper_hw_platform_0/psu_init.tcl' is done.
11:47:02 INFO  : 'psu_init' command is executed.
11:47:03 INFO  : 'after 1000' command is executed.
11:47:03 INFO  : 'psu_ps_pl_isolation_removal' command is executed.
11:47:04 INFO  : 'after 1000' command is executed.
11:47:04 INFO  : 'psu_ps_pl_reset_config' command is executed.
11:47:05 INFO  : 'catch {psu_protection}' command is executed.
11:47:05 INFO  : Context for processor 'psu_cortexa53_0' is selected.
11:47:05 INFO  : Processor reset is completed for 'psu_cortexa53_0'.
11:47:05 INFO  : The application '/home/lewiz/sambashare/KIRATEY/RELEASE/runs_lmac_eth_1g/ps_emio_eth_1g.sdk/hello_world/Debug/hello_world.elf' is downloaded to processor 'psu_cortexa53_0'.
11:47:05 INFO  : 'configparams force-mem-access 0' command is executed.
11:47:05 INFO  : ----------------XSDB Script----------------
connect -url tcp:127.0.0.1:3121
source /opt/Xilinx/SDK/2018.2/scripts/sdk/util/zynqmp_utils.tcl
targets -set -nocase -filter {name =~"APU*" && jtag_cable_name =~ "Digilent JTAG-SMT2NC 210308A1D051"} -index 1
loadhw -hw /home/lewiz/sambashare/KIRATEY/RELEASE/runs_lmac_eth_1g/ps_emio_eth_1g.sdk/ps_emio_eth_1g_wrapper_hw_platform_0/system.hdf -mem-ranges [list {0x80000000 0xbfffffff} {0x400000000 0x5ffffffff} {0x1000000000 0x7fffffffff}]
configparams force-mem-access 1
targets -set -nocase -filter {name =~"APU*" && jtag_cable_name =~ "Digilent JTAG-SMT2NC 210308A1D051"} -index 1
source /home/lewiz/sambashare/KIRATEY/RELEASE/runs_lmac_eth_1g/ps_emio_eth_1g.sdk/ps_emio_eth_1g_wrapper_hw_platform_0/psu_init.tcl
psu_init
after 1000
psu_ps_pl_isolation_removal
after 1000
psu_ps_pl_reset_config
catch {psu_protection}
targets -set -nocase -filter {name =~"*A53*0" && jtag_cable_name =~ "Digilent JTAG-SMT2NC 210308A1D051"} -index 1
rst -processor
dow /home/lewiz/sambashare/KIRATEY/RELEASE/runs_lmac_eth_1g/ps_emio_eth_1g.sdk/hello_world/Debug/hello_world.elf
configparams force-mem-access 0
----------------End of Script----------------

11:47:05 INFO  : Context for processor 'psu_cortexa53_0' is selected.
11:47:05 INFO  : 'con' command is executed.
11:47:05 INFO  : ----------------XSDB Script (After Launch)----------------
targets -set -nocase -filter {name =~"*A53*0" && jtag_cable_name =~ "Digilent JTAG-SMT2NC 210308A1D051"} -index 1
con
----------------End of Script----------------

11:47:05 INFO  : Launch script is exported to file '/home/lewiz/sambashare/KIRATEY/RELEASE/runs_lmac_eth_1g/ps_emio_eth_1g.sdk/.sdk/launch_scripts/xilinx_c-c++_application_(system_debugger)/system_debugger_using_debug_hello_world.elf_on_local.tcl'
11:47:32 INFO  : Disconnected from the channel tcfchan#2.
11:47:33 INFO  : Connected to target on host '127.0.0.1' and port '3121'.
11:47:37 INFO  : Jtag cable 'Digilent JTAG-SMT2NC 210308A1D051' is selected.
11:47:37 INFO  : 'jtag frequency' command is executed.
11:47:37 INFO  : Sourcing of '/opt/Xilinx/SDK/2018.2/scripts/sdk/util/zynqmp_utils.tcl' is done.
11:47:37 INFO  : Context for 'APU' is selected.
11:47:38 INFO  : Hardware design information is loaded from '/home/lewiz/sambashare/KIRATEY/RELEASE/runs_lmac_eth_1g/ps_emio_eth_1g.sdk/ps_emio_eth_1g_wrapper_hw_platform_0/system.hdf'.
11:47:38 INFO  : 'configparams force-mem-access 1' command is executed.
11:47:38 INFO  : Context for 'APU' is selected.
11:47:38 INFO  : Sourcing of '/home/lewiz/sambashare/KIRATEY/RELEASE/runs_lmac_eth_1g/ps_emio_eth_1g.sdk/ps_emio_eth_1g_wrapper_hw_platform_0/psu_init.tcl' is done.
11:47:38 INFO  : 'psu_init' command is executed.
11:47:39 INFO  : 'after 1000' command is executed.
11:47:39 INFO  : 'psu_ps_pl_isolation_removal' command is executed.
11:47:40 INFO  : 'after 1000' command is executed.
11:47:40 INFO  : 'psu_ps_pl_reset_config' command is executed.
11:47:40 INFO  : 'catch {psu_protection}' command is executed.
11:47:40 INFO  : Context for processor 'psu_cortexa53_0' is selected.
11:47:40 INFO  : Processor reset is completed for 'psu_cortexa53_0'.
11:47:41 INFO  : The application '/home/lewiz/sambashare/KIRATEY/RELEASE/runs_lmac_eth_1g/ps_emio_eth_1g.sdk/hello_world/Debug/hello_world.elf' is downloaded to processor 'psu_cortexa53_0'.
11:47:41 INFO  : 'configparams force-mem-access 0' command is executed.
11:47:41 INFO  : ----------------XSDB Script----------------
connect -url tcp:127.0.0.1:3121
source /opt/Xilinx/SDK/2018.2/scripts/sdk/util/zynqmp_utils.tcl
targets -set -nocase -filter {name =~"APU*" && jtag_cable_name =~ "Digilent JTAG-SMT2NC 210308A1D051"} -index 1
loadhw -hw /home/lewiz/sambashare/KIRATEY/RELEASE/runs_lmac_eth_1g/ps_emio_eth_1g.sdk/ps_emio_eth_1g_wrapper_hw_platform_0/system.hdf -mem-ranges [list {0x80000000 0xbfffffff} {0x400000000 0x5ffffffff} {0x1000000000 0x7fffffffff}]
configparams force-mem-access 1
targets -set -nocase -filter {name =~"APU*" && jtag_cable_name =~ "Digilent JTAG-SMT2NC 210308A1D051"} -index 1
source /home/lewiz/sambashare/KIRATEY/RELEASE/runs_lmac_eth_1g/ps_emio_eth_1g.sdk/ps_emio_eth_1g_wrapper_hw_platform_0/psu_init.tcl
psu_init
after 1000
psu_ps_pl_isolation_removal
after 1000
psu_ps_pl_reset_config
catch {psu_protection}
targets -set -nocase -filter {name =~"*A53*0" && jtag_cable_name =~ "Digilent JTAG-SMT2NC 210308A1D051"} -index 1
rst -processor
dow /home/lewiz/sambashare/KIRATEY/RELEASE/runs_lmac_eth_1g/ps_emio_eth_1g.sdk/hello_world/Debug/hello_world.elf
configparams force-mem-access 0
----------------End of Script----------------

11:47:41 INFO  : Context for processor 'psu_cortexa53_0' is selected.
11:47:41 INFO  : 'con' command is executed.
11:47:41 INFO  : ----------------XSDB Script (After Launch)----------------
targets -set -nocase -filter {name =~"*A53*0" && jtag_cable_name =~ "Digilent JTAG-SMT2NC 210308A1D051"} -index 1
con
----------------End of Script----------------

11:47:41 INFO  : Launch script is exported to file '/home/lewiz/sambashare/KIRATEY/RELEASE/runs_lmac_eth_1g/ps_emio_eth_1g.sdk/.sdk/launch_scripts/xilinx_c-c++_application_(system_debugger)/system_debugger_using_debug_hello_world.elf_on_local.tcl'
